[2.059s] DEBUG:colcon:Command line arguments: ['/usr/bin/colcon', 'build']
[2.060s] DEBUG:colcon:Parsed command line arguments: Namespace(allow_overriding=[], ament_cmake_args=None, base_paths=['.'], build_base='build', catkin_cmake_args=None, catkin_skip_building_tests=False, cmake_args=None, cmake_clean_cache=False, cmake_clean_first=False, cmake_force_configure=False, cmake_target=None, cmake_target_skip_unavailable=False, continue_on_error=False, event_handlers=None, executor='parallel', ignore_user_meta=False, install_base='install', log_base=None, log_level=None, main=<bound method BuildVerb.main of <colcon_core.verb.build.BuildVerb object at 0xffff952c1040>>, merge_install=False, metas=['./colcon.meta'], packages_above=None, packages_above_and_dependencies=None, packages_above_depth=None, packages_end=None, packages_ignore=None, packages_ignore_regex=None, packages_select=None, packages_select_build_failed=False, packages_select_by_dep=None, packages_select_regex=None, packages_select_test_failures=False, packages_skip=None, packages_skip_build_finished=False, packages_skip_by_dep=None, packages_skip_regex=None, packages_skip_test_passed=False, packages_skip_up_to=None, packages_start=None, packages_up_to=None, packages_up_to_regex=None, parallel_workers=4, paths=None, symlink_install=False, test_result_base=None, verb_extension=<colcon_core.verb.build.BuildVerb object at 0xffff952c1040>, verb_name='build', verb_parser=<colcon_defaults.argument_parser.defaults.DefaultArgumentsDecorator object at 0xffff95197190>)
[3.865s] Level 1:colcon.colcon_core.package_discovery:discover_packages(colcon_meta) check parameters
[3.866s] Level 1:colcon.colcon_core.package_discovery:discover_packages(recursive) check parameters
[3.867s] Level 1:colcon.colcon_core.package_discovery:discover_packages(ignore) check parameters
[3.867s] Level 1:colcon.colcon_core.package_discovery:discover_packages(path) check parameters
[3.867s] Level 1:colcon.colcon_core.package_discovery:discover_packages(colcon_meta) discover
[3.868s] Level 1:colcon.colcon_core.package_discovery:discover_packages(recursive) discover
[3.868s] INFO:colcon.colcon_core.package_discovery:Crawling recursively for packages in '/home/ubuntu/SlamRobot'
[3.869s] Level 1:colcon.colcon_core.package_identification:_identify(.) by extensions ['ignore', 'ignore_ament_install']
[3.870s] Level 1:colcon.colcon_core.package_identification:_identify(.) by extension 'ignore'
[3.871s] Level 1:colcon.colcon_core.package_identification:_identify(.) by extension 'ignore_ament_install'
[3.872s] Level 1:colcon.colcon_core.package_identification:_identify(.) by extensions ['colcon_pkg']
[3.872s] Level 1:colcon.colcon_core.package_identification:_identify(.) by extension 'colcon_pkg'
[3.872s] Level 1:colcon.colcon_core.package_identification:_identify(.) by extensions ['colcon_meta']
[3.873s] Level 1:colcon.colcon_core.package_identification:_identify(.) by extension 'colcon_meta'
[3.873s] Level 1:colcon.colcon_core.package_identification:_identify(.) by extensions ['ros']
[3.873s] Level 1:colcon.colcon_core.package_identification:_identify(.) by extension 'ros'
[3.992s] Level 1:colcon.colcon_core.package_identification:_identify(.) by extensions ['cmake', 'python']
[3.993s] Level 1:colcon.colcon_core.package_identification:_identify(.) by extension 'cmake'
[3.993s] Level 1:colcon.colcon_core.package_identification:_identify(.) by extension 'python'
[3.994s] Level 1:colcon.colcon_core.package_identification:_identify(.) by extensions ['python_setup_py']
[3.994s] Level 1:colcon.colcon_core.package_identification:_identify(.) by extension 'python_setup_py'
[3.995s] Level 1:colcon.colcon_core.package_identification:_identify(build) by extensions ['ignore', 'ignore_ament_install']
[3.996s] Level 1:colcon.colcon_core.package_identification:_identify(build) by extension 'ignore'
[3.997s] Level 1:colcon.colcon_core.package_identification:_identify(build) ignored
[3.998s] Level 1:colcon.colcon_core.package_identification:_identify(install) by extensions ['ignore', 'ignore_ament_install']
[3.999s] Level 1:colcon.colcon_core.package_identification:_identify(install) by extension 'ignore'
[4.000s] Level 1:colcon.colcon_core.package_identification:_identify(install) ignored
[4.001s] Level 1:colcon.colcon_core.package_identification:_identify(log) by extensions ['ignore', 'ignore_ament_install']
[4.002s] Level 1:colcon.colcon_core.package_identification:_identify(log) by extension 'ignore'
[4.002s] Level 1:colcon.colcon_core.package_identification:_identify(log) ignored
[4.003s] Level 1:colcon.colcon_core.package_identification:_identify(src) by extensions ['ignore', 'ignore_ament_install']
[4.004s] Level 1:colcon.colcon_core.package_identification:_identify(src) by extension 'ignore'
[4.005s] Level 1:colcon.colcon_core.package_identification:_identify(src) by extension 'ignore_ament_install'
[4.005s] Level 1:colcon.colcon_core.package_identification:_identify(src) by extensions ['colcon_pkg']
[4.006s] Level 1:colcon.colcon_core.package_identification:_identify(src) by extension 'colcon_pkg'
[4.006s] Level 1:colcon.colcon_core.package_identification:_identify(src) by extensions ['colcon_meta']
[4.006s] Level 1:colcon.colcon_core.package_identification:_identify(src) by extension 'colcon_meta'
[4.007s] Level 1:colcon.colcon_core.package_identification:_identify(src) by extensions ['ros']
[4.007s] Level 1:colcon.colcon_core.package_identification:_identify(src) by extension 'ros'
[4.008s] Level 1:colcon.colcon_core.package_identification:_identify(src) by extensions ['cmake', 'python']
[4.008s] Level 1:colcon.colcon_core.package_identification:_identify(src) by extension 'cmake'
[4.009s] Level 1:colcon.colcon_core.package_identification:_identify(src) by extension 'python'
[4.009s] Level 1:colcon.colcon_core.package_identification:_identify(src) by extensions ['python_setup_py']
[4.010s] Level 1:colcon.colcon_core.package_identification:_identify(src) by extension 'python_setup_py'
[4.011s] Level 1:colcon.colcon_core.package_identification:_identify(src/dual_motor_driver) by extensions ['ignore', 'ignore_ament_install']
[4.012s] Level 1:colcon.colcon_core.package_identification:_identify(src/dual_motor_driver) by extension 'ignore'
[4.012s] Level 1:colcon.colcon_core.package_identification:_identify(src/dual_motor_driver) by extension 'ignore_ament_install'
[4.013s] Level 1:colcon.colcon_core.package_identification:_identify(src/dual_motor_driver) by extensions ['colcon_pkg']
[4.013s] Level 1:colcon.colcon_core.package_identification:_identify(src/dual_motor_driver) by extension 'colcon_pkg'
[4.013s] Level 1:colcon.colcon_core.package_identification:_identify(src/dual_motor_driver) by extensions ['colcon_meta']
[4.014s] Level 1:colcon.colcon_core.package_identification:_identify(src/dual_motor_driver) by extension 'colcon_meta'
[4.014s] Level 1:colcon.colcon_core.package_identification:_identify(src/dual_motor_driver) by extensions ['ros']
[4.015s] Level 1:colcon.colcon_core.package_identification:_identify(src/dual_motor_driver) by extension 'ros'
[4.037s] DEBUG:colcon.colcon_core.package_identification:Package 'src/dual_motor_driver' with type 'ros.ament_python' and name 'dual_motor_driver'
[4.039s] Level 1:colcon.colcon_core.package_identification:_identify(src/lidar_control) by extensions ['ignore', 'ignore_ament_install']
[4.040s] Level 1:colcon.colcon_core.package_identification:_identify(src/lidar_control) by extension 'ignore'
[4.040s] Level 1:colcon.colcon_core.package_identification:_identify(src/lidar_control) by extension 'ignore_ament_install'
[4.041s] Level 1:colcon.colcon_core.package_identification:_identify(src/lidar_control) by extensions ['colcon_pkg']
[4.041s] Level 1:colcon.colcon_core.package_identification:_identify(src/lidar_control) by extension 'colcon_pkg'
[4.042s] Level 1:colcon.colcon_core.package_identification:_identify(src/lidar_control) by extensions ['colcon_meta']
[4.042s] Level 1:colcon.colcon_core.package_identification:_identify(src/lidar_control) by extension 'colcon_meta'
[4.043s] Level 1:colcon.colcon_core.package_identification:_identify(src/lidar_control) by extensions ['ros']
[4.043s] Level 1:colcon.colcon_core.package_identification:_identify(src/lidar_control) by extension 'ros'
[4.049s] DEBUG:colcon.colcon_core.package_identification:Package 'src/lidar_control' with type 'ros.ament_python' and name 'lidar_control'
[4.051s] Level 1:colcon.colcon_core.package_identification:_identify(src/sensor_spawn) by extensions ['ignore', 'ignore_ament_install']
[4.051s] Level 1:colcon.colcon_core.package_identification:_identify(src/sensor_spawn) by extension 'ignore'
[4.052s] Level 1:colcon.colcon_core.package_identification:_identify(src/sensor_spawn) by extension 'ignore_ament_install'
[4.053s] Level 1:colcon.colcon_core.package_identification:_identify(src/sensor_spawn) by extensions ['colcon_pkg']
[4.053s] Level 1:colcon.colcon_core.package_identification:_identify(src/sensor_spawn) by extension 'colcon_pkg'
[4.054s] Level 1:colcon.colcon_core.package_identification:_identify(src/sensor_spawn) by extensions ['colcon_meta']
[4.054s] Level 1:colcon.colcon_core.package_identification:_identify(src/sensor_spawn) by extension 'colcon_meta'
[4.054s] Level 1:colcon.colcon_core.package_identification:_identify(src/sensor_spawn) by extensions ['ros']
[4.055s] Level 1:colcon.colcon_core.package_identification:_identify(src/sensor_spawn) by extension 'ros'
[4.063s] DEBUG:colcon.colcon_core.package_identification:Package 'src/sensor_spawn' with type 'ros.ament_python' and name 'sensor_spawn'
[4.064s] Level 1:colcon.colcon_core.package_discovery:discover_packages(recursive) using defaults
[4.065s] Level 1:colcon.colcon_core.package_discovery:discover_packages(ignore) discover
[4.065s] Level 1:colcon.colcon_core.package_discovery:discover_packages(ignore) using defaults
[4.065s] Level 1:colcon.colcon_core.package_discovery:discover_packages(path) discover
[4.065s] Level 1:colcon.colcon_core.package_discovery:discover_packages(path) using defaults
[4.221s] Level 1:colcon.colcon_core.package_discovery:discover_packages(prefix_path) check parameters
[4.221s] Level 1:colcon.colcon_core.package_discovery:discover_packages(prefix_path) discover
[4.241s] DEBUG:colcon.colcon_installed_package_information.package_discovery:Found 3 installed packages in /home/ubuntu/SlamRobot/install
[4.263s] DEBUG:colcon.colcon_installed_package_information.package_discovery:Found 267 installed packages in /opt/ros/foxy
[4.284s] Level 1:colcon.colcon_core.package_discovery:discover_packages(prefix_path) using defaults
[5.303s] Level 5:colcon.colcon_core.verb:set package 'dual_motor_driver' build argument 'cmake_args' from command line to 'None'
[5.304s] Level 5:colcon.colcon_core.verb:set package 'dual_motor_driver' build argument 'cmake_target' from command line to 'None'
[5.304s] Level 5:colcon.colcon_core.verb:set package 'dual_motor_driver' build argument 'cmake_target_skip_unavailable' from command line to 'False'
[5.304s] Level 5:colcon.colcon_core.verb:set package 'dual_motor_driver' build argument 'cmake_clean_cache' from command line to 'False'
[5.305s] Level 5:colcon.colcon_core.verb:set package 'dual_motor_driver' build argument 'cmake_clean_first' from command line to 'False'
[5.305s] Level 5:colcon.colcon_core.verb:set package 'dual_motor_driver' build argument 'cmake_force_configure' from command line to 'False'
[5.305s] Level 5:colcon.colcon_core.verb:set package 'dual_motor_driver' build argument 'ament_cmake_args' from command line to 'None'
[5.306s] Level 5:colcon.colcon_core.verb:set package 'dual_motor_driver' build argument 'catkin_cmake_args' from command line to 'None'
[5.306s] Level 5:colcon.colcon_core.verb:set package 'dual_motor_driver' build argument 'catkin_skip_building_tests' from command line to 'False'
[5.306s] DEBUG:colcon.colcon_core.verb:Building package 'dual_motor_driver' with the following arguments: {'ament_cmake_args': None, 'build_base': '/home/ubuntu/SlamRobot/build/dual_motor_driver', 'catkin_cmake_args': None, 'catkin_skip_building_tests': False, 'cmake_args': None, 'cmake_clean_cache': False, 'cmake_clean_first': False, 'cmake_force_configure': False, 'cmake_target': None, 'cmake_target_skip_unavailable': False, 'install_base': '/home/ubuntu/SlamRobot/install/dual_motor_driver', 'merge_install': False, 'path': '/home/ubuntu/SlamRobot/src/dual_motor_driver', 'symlink_install': False, 'test_result_base': None}
[5.311s] Level 5:colcon.colcon_core.verb:set package 'lidar_control' build argument 'cmake_args' from command line to 'None'
[5.311s] Level 5:colcon.colcon_core.verb:set package 'lidar_control' build argument 'cmake_target' from command line to 'None'
[5.311s] Level 5:colcon.colcon_core.verb:set package 'lidar_control' build argument 'cmake_target_skip_unavailable' from command line to 'False'
[5.312s] Level 5:colcon.colcon_core.verb:set package 'lidar_control' build argument 'cmake_clean_cache' from command line to 'False'
[5.312s] Level 5:colcon.colcon_core.verb:set package 'lidar_control' build argument 'cmake_clean_first' from command line to 'False'
[5.312s] Level 5:colcon.colcon_core.verb:set package 'lidar_control' build argument 'cmake_force_configure' from command line to 'False'
[5.312s] Level 5:colcon.colcon_core.verb:set package 'lidar_control' build argument 'ament_cmake_args' from command line to 'None'
[5.313s] Level 5:colcon.colcon_core.verb:set package 'lidar_control' build argument 'catkin_cmake_args' from command line to 'None'
[5.313s] Level 5:colcon.colcon_core.verb:set package 'lidar_control' build argument 'catkin_skip_building_tests' from command line to 'False'
[5.313s] DEBUG:colcon.colcon_core.verb:Building package 'lidar_control' with the following arguments: {'ament_cmake_args': None, 'build_base': '/home/ubuntu/SlamRobot/build/lidar_control', 'catkin_cmake_args': None, 'catkin_skip_building_tests': False, 'cmake_args': None, 'cmake_clean_cache': False, 'cmake_clean_first': False, 'cmake_force_configure': False, 'cmake_target': None, 'cmake_target_skip_unavailable': False, 'install_base': '/home/ubuntu/SlamRobot/install/lidar_control', 'merge_install': False, 'path': '/home/ubuntu/SlamRobot/src/lidar_control', 'symlink_install': False, 'test_result_base': None}
[5.317s] Level 5:colcon.colcon_core.verb:set package 'sensor_spawn' build argument 'cmake_args' from command line to 'None'
[5.318s] Level 5:colcon.colcon_core.verb:set package 'sensor_spawn' build argument 'cmake_target' from command line to 'None'
[5.318s] Level 5:colcon.colcon_core.verb:set package 'sensor_spawn' build argument 'cmake_target_skip_unavailable' from command line to 'False'
[5.319s] Level 5:colcon.colcon_core.verb:set package 'sensor_spawn' build argument 'cmake_clean_cache' from command line to 'False'
[5.319s] Level 5:colcon.colcon_core.verb:set package 'sensor_spawn' build argument 'cmake_clean_first' from command line to 'False'
[5.319s] Level 5:colcon.colcon_core.verb:set package 'sensor_spawn' build argument 'cmake_force_configure' from command line to 'False'
[5.319s] Level 5:colcon.colcon_core.verb:set package 'sensor_spawn' build argument 'ament_cmake_args' from command line to 'None'
[5.320s] Level 5:colcon.colcon_core.verb:set package 'sensor_spawn' build argument 'catkin_cmake_args' from command line to 'None'
[5.320s] Level 5:colcon.colcon_core.verb:set package 'sensor_spawn' build argument 'catkin_skip_building_tests' from command line to 'False'
[5.320s] DEBUG:colcon.colcon_core.verb:Building package 'sensor_spawn' with the following arguments: {'ament_cmake_args': None, 'build_base': '/home/ubuntu/SlamRobot/build/sensor_spawn', 'catkin_cmake_args': None, 'catkin_skip_building_tests': False, 'cmake_args': None, 'cmake_clean_cache': False, 'cmake_clean_first': False, 'cmake_force_configure': False, 'cmake_target': None, 'cmake_target_skip_unavailable': False, 'install_base': '/home/ubuntu/SlamRobot/install/sensor_spawn', 'merge_install': False, 'path': '/home/ubuntu/SlamRobot/src/sensor_spawn', 'symlink_install': False, 'test_result_base': None}
[5.321s] INFO:colcon.colcon_core.executor:Executing jobs using 'parallel' executor
[5.330s] DEBUG:colcon.colcon_parallel_executor.executor.parallel:run_until_complete
[5.332s] INFO:colcon.colcon_ros.task.ament_python.build:Building ROS package in '/home/ubuntu/SlamRobot/src/dual_motor_driver' with build type 'ament_python'
[5.334s] Level 1:colcon.colcon_core.shell:create_environment_hook('dual_motor_driver', 'ament_prefix_path')
[5.357s] INFO:colcon.colcon_core.plugin_system:Skipping extension 'colcon_core.shell.bat': Not used on non-Windows systems
[5.360s] INFO:colcon.colcon_core.shell:Creating environment hook '/home/ubuntu/SlamRobot/install/dual_motor_driver/share/dual_motor_driver/hook/ament_prefix_path.ps1'
[5.367s] INFO:colcon.colcon_core.shell:Creating environment descriptor '/home/ubuntu/SlamRobot/install/dual_motor_driver/share/dual_motor_driver/hook/ament_prefix_path.dsv'
[5.374s] INFO:colcon.colcon_core.shell:Creating environment hook '/home/ubuntu/SlamRobot/install/dual_motor_driver/share/dual_motor_driver/hook/ament_prefix_path.sh'
[5.385s] INFO:colcon.colcon_core.shell:Skip shell extension 'powershell' for command environment: Not usable outside of PowerShell
[5.385s] DEBUG:colcon.colcon_core.shell:Skip shell extension 'dsv' for command environment
[5.449s] INFO:colcon.colcon_ros.task.ament_python.build:Building ROS package in '/home/ubuntu/SlamRobot/src/lidar_control' with build type 'ament_python'
[5.451s] Level 1:colcon.colcon_core.shell:create_environment_hook('lidar_control', 'ament_prefix_path')
[5.457s] INFO:colcon.colcon_core.shell:Creating environment hook '/home/ubuntu/SlamRobot/install/lidar_control/share/lidar_control/hook/ament_prefix_path.ps1'
[5.465s] INFO:colcon.colcon_core.shell:Creating environment descriptor '/home/ubuntu/SlamRobot/install/lidar_control/share/lidar_control/hook/ament_prefix_path.dsv'
[5.470s] INFO:colcon.colcon_core.shell:Creating environment hook '/home/ubuntu/SlamRobot/install/lidar_control/share/lidar_control/hook/ament_prefix_path.sh'
[5.477s] INFO:colcon.colcon_core.shell:Skip shell extension 'powershell' for command environment: Not usable outside of PowerShell
[5.479s] DEBUG:colcon.colcon_core.shell:Skip shell extension 'dsv' for command environment
[5.562s] INFO:colcon.colcon_ros.task.ament_python.build:Building ROS package in '/home/ubuntu/SlamRobot/src/sensor_spawn' with build type 'ament_python'
[5.565s] Level 1:colcon.colcon_core.shell:create_environment_hook('sensor_spawn', 'ament_prefix_path')
[5.569s] INFO:colcon.colcon_core.shell:Creating environment hook '/home/ubuntu/SlamRobot/install/sensor_spawn/share/sensor_spawn/hook/ament_prefix_path.ps1'
[5.581s] INFO:colcon.colcon_core.shell:Creating environment descriptor '/home/ubuntu/SlamRobot/install/sensor_spawn/share/sensor_spawn/hook/ament_prefix_path.dsv'
[5.613s] INFO:colcon.colcon_core.shell:Creating environment hook '/home/ubuntu/SlamRobot/install/sensor_spawn/share/sensor_spawn/hook/ament_prefix_path.sh'
[5.620s] INFO:colcon.colcon_core.shell:Skip shell extension 'powershell' for command environment: Not usable outside of PowerShell
[5.621s] DEBUG:colcon.colcon_core.shell:Skip shell extension 'dsv' for command environment
[8.290s] INFO:colcon.colcon_core.task.python.build:Building Python package in '/home/ubuntu/SlamRobot/src/dual_motor_driver'
[8.294s] INFO:colcon.colcon_core.shell:Skip shell extension 'powershell' for command environment: Not usable outside of PowerShell
[8.295s] DEBUG:colcon.colcon_core.shell:Skip shell extension 'dsv' for command environment
[10.925s] INFO:colcon.colcon_core.task.python.build:Building Python package in '/home/ubuntu/SlamRobot/src/lidar_control'
[10.929s] INFO:colcon.colcon_core.shell:Skip shell extension 'powershell' for command environment: Not usable outside of PowerShell
[10.931s] DEBUG:colcon.colcon_core.shell:Skip shell extension 'dsv' for command environment
[13.551s] INFO:colcon.colcon_core.task.python.build:Building Python package in '/home/ubuntu/SlamRobot/src/sensor_spawn'
[13.555s] INFO:colcon.colcon_core.shell:Skip shell extension 'powershell' for command environment: Not usable outside of PowerShell
[13.555s] DEBUG:colcon.colcon_core.shell:Skip shell extension 'dsv' for command environment
[18.853s] DEBUG:colcon.colcon_core.event_handler.log_command:Invoking command in '/home/ubuntu/SlamRobot/src/dual_motor_driver': PYTHONPATH=/home/ubuntu/SlamRobot/build/dual_motor_driver/prefix_override:/usr/lib/python3/dist-packages/colcon_core/task/python/colcon_distutils_commands:/home/ubuntu/SlamRobot/install/dual_motor_driver/lib/python3.8/site-packages:${PYTHONPATH} /usr/bin/python3 -W ignore:setup.py install is deprecated -W ignore:easy_install command is deprecated setup.py egg_info --egg-base ../../build/dual_motor_driver build --build-base /home/ubuntu/SlamRobot/build/dual_motor_driver/build install --record /home/ubuntu/SlamRobot/build/dual_motor_driver/install.log --install-scripts $base/lib/dual_motor_driver --single-version-externally-managed install_data
[18.968s] DEBUG:colcon.colcon_core.event_handler.log_command:Invoking command in '/home/ubuntu/SlamRobot/src/lidar_control': PYTHONPATH=/home/ubuntu/SlamRobot/build/lidar_control/prefix_override:/usr/lib/python3/dist-packages/colcon_core/task/python/colcon_distutils_commands:/home/ubuntu/SlamRobot/install/lidar_control/lib/python3.8/site-packages:${PYTHONPATH} /usr/bin/python3 -W ignore:setup.py install is deprecated -W ignore:easy_install command is deprecated setup.py egg_info --egg-base ../../build/lidar_control build --build-base /home/ubuntu/SlamRobot/build/lidar_control/build install --record /home/ubuntu/SlamRobot/build/lidar_control/install.log --install-scripts $base/lib/lidar_control --single-version-externally-managed install_data
[19.049s] DEBUG:colcon.colcon_core.event_handler.log_command:Invoking command in '/home/ubuntu/SlamRobot/src/sensor_spawn': PYTHONPATH=/home/ubuntu/SlamRobot/build/sensor_spawn/prefix_override:/usr/lib/python3/dist-packages/colcon_core/task/python/colcon_distutils_commands:/home/ubuntu/SlamRobot/install/sensor_spawn/lib/python3.8/site-packages:${PYTHONPATH} /usr/bin/python3 -W ignore:setup.py install is deprecated -W ignore:easy_install command is deprecated setup.py egg_info --egg-base ../../build/sensor_spawn build --build-base /home/ubuntu/SlamRobot/build/sensor_spawn/build install --record /home/ubuntu/SlamRobot/build/sensor_spawn/install.log --install-scripts $base/lib/sensor_spawn --single-version-externally-managed install_data
[22.968s] DEBUG:colcon.colcon_core.event_handler.log_command:Invoked command in '/home/ubuntu/SlamRobot/src/dual_motor_driver' returned '0': PYTHONPATH=/home/ubuntu/SlamRobot/build/dual_motor_driver/prefix_override:/usr/lib/python3/dist-packages/colcon_core/task/python/colcon_distutils_commands:/home/ubuntu/SlamRobot/install/dual_motor_driver/lib/python3.8/site-packages:${PYTHONPATH} /usr/bin/python3 -W ignore:setup.py install is deprecated -W ignore:easy_install command is deprecated setup.py egg_info --egg-base ../../build/dual_motor_driver build --build-base /home/ubuntu/SlamRobot/build/dual_motor_driver/build install --record /home/ubuntu/SlamRobot/build/dual_motor_driver/install.log --install-scripts $base/lib/dual_motor_driver --single-version-externally-managed install_data
[23.028s] Level 1:colcon.colcon_core.environment:checking '/home/ubuntu/SlamRobot/install/dual_motor_driver' for CMake module files
[23.037s] Level 1:colcon.colcon_core.environment:checking '/home/ubuntu/SlamRobot/install/dual_motor_driver' for CMake config files
[23.051s] Level 1:colcon.colcon_core.environment:checking '/home/ubuntu/SlamRobot/install/dual_motor_driver/lib'
[23.055s] Level 1:colcon.colcon_core.environment:checking '/home/ubuntu/SlamRobot/install/dual_motor_driver/bin'
[23.056s] Level 1:colcon.colcon_core.environment:checking '/home/ubuntu/SlamRobot/install/dual_motor_driver/lib/pkgconfig/dual_motor_driver.pc'
[23.060s] Level 1:colcon.colcon_core.environment:checking '/home/ubuntu/SlamRobot/install/dual_motor_driver/lib/python3.8/site-packages'
[23.061s] Level 1:colcon.colcon_core.shell:create_environment_hook('dual_motor_driver', 'pythonpath')
[23.065s] INFO:colcon.colcon_core.shell:Creating environment hook '/home/ubuntu/SlamRobot/install/dual_motor_driver/share/dual_motor_driver/hook/pythonpath.ps1'
[23.072s] INFO:colcon.colcon_core.shell:Creating environment descriptor '/home/ubuntu/SlamRobot/install/dual_motor_driver/share/dual_motor_driver/hook/pythonpath.dsv'
[23.079s] INFO:colcon.colcon_core.shell:Creating environment hook '/home/ubuntu/SlamRobot/install/dual_motor_driver/share/dual_motor_driver/hook/pythonpath.sh'
[23.087s] Level 1:colcon.colcon_core.environment:checking '/home/ubuntu/SlamRobot/install/dual_motor_driver/bin'
[23.088s] Level 1:colcon.colcon_core.environment:create_environment_scripts_only(dual_motor_driver)
[23.093s] INFO:colcon.colcon_core.shell:Creating package script '/home/ubuntu/SlamRobot/install/dual_motor_driver/share/dual_motor_driver/package.ps1'
[23.105s] INFO:colcon.colcon_core.shell:Creating package descriptor '/home/ubuntu/SlamRobot/install/dual_motor_driver/share/dual_motor_driver/package.dsv'
[23.115s] INFO:colcon.colcon_core.shell:Creating package script '/home/ubuntu/SlamRobot/install/dual_motor_driver/share/dual_motor_driver/package.sh'
[23.131s] INFO:colcon.colcon_core.shell:Creating package script '/home/ubuntu/SlamRobot/install/dual_motor_driver/share/dual_motor_driver/package.bash'
[23.143s] INFO:colcon.colcon_core.shell:Creating package script '/home/ubuntu/SlamRobot/install/dual_motor_driver/share/dual_motor_driver/package.zsh'
[23.152s] Level 1:colcon.colcon_core.environment:create_file_with_runtime_dependencies(/home/ubuntu/SlamRobot/install/dual_motor_driver/share/colcon-core/packages/dual_motor_driver)
[23.166s] Level 1:colcon.colcon_core.environment:checking '/home/ubuntu/SlamRobot/install/lidar_control' for CMake module files
[23.174s] DEBUG:colcon.colcon_core.event_handler.log_command:Invoked command in '/home/ubuntu/SlamRobot/src/lidar_control' returned '0': PYTHONPATH=/home/ubuntu/SlamRobot/build/lidar_control/prefix_override:/usr/lib/python3/dist-packages/colcon_core/task/python/colcon_distutils_commands:/home/ubuntu/SlamRobot/install/lidar_control/lib/python3.8/site-packages:${PYTHONPATH} /usr/bin/python3 -W ignore:setup.py install is deprecated -W ignore:easy_install command is deprecated setup.py egg_info --egg-base ../../build/lidar_control build --build-base /home/ubuntu/SlamRobot/build/lidar_control/build install --record /home/ubuntu/SlamRobot/build/lidar_control/install.log --install-scripts $base/lib/lidar_control --single-version-externally-managed install_data
[23.179s] Level 1:colcon.colcon_core.environment:checking '/home/ubuntu/SlamRobot/install/lidar_control' for CMake config files
[23.187s] Level 1:colcon.colcon_core.environment:checking '/home/ubuntu/SlamRobot/install/lidar_control/lib'
[23.189s] Level 1:colcon.colcon_core.environment:checking '/home/ubuntu/SlamRobot/install/lidar_control/bin'
[23.190s] Level 1:colcon.colcon_core.environment:checking '/home/ubuntu/SlamRobot/install/lidar_control/lib/pkgconfig/lidar_control.pc'
[23.192s] Level 1:colcon.colcon_core.environment:checking '/home/ubuntu/SlamRobot/install/lidar_control/lib/python3.8/site-packages'
[23.193s] Level 1:colcon.colcon_core.shell:create_environment_hook('lidar_control', 'pythonpath')
[23.196s] INFO:colcon.colcon_core.shell:Creating environment hook '/home/ubuntu/SlamRobot/install/lidar_control/share/lidar_control/hook/pythonpath.ps1'
[23.201s] INFO:colcon.colcon_core.shell:Creating environment descriptor '/home/ubuntu/SlamRobot/install/lidar_control/share/lidar_control/hook/pythonpath.dsv'
[23.207s] INFO:colcon.colcon_core.shell:Creating environment hook '/home/ubuntu/SlamRobot/install/lidar_control/share/lidar_control/hook/pythonpath.sh'
[23.216s] Level 1:colcon.colcon_core.environment:checking '/home/ubuntu/SlamRobot/install/lidar_control/bin'
[23.217s] Level 1:colcon.colcon_core.environment:create_environment_scripts_only(lidar_control)
[23.221s] INFO:colcon.colcon_core.shell:Creating package script '/home/ubuntu/SlamRobot/install/lidar_control/share/lidar_control/package.ps1'
[23.227s] INFO:colcon.colcon_core.shell:Creating package descriptor '/home/ubuntu/SlamRobot/install/lidar_control/share/lidar_control/package.dsv'
[23.233s] INFO:colcon.colcon_core.shell:Creating package script '/home/ubuntu/SlamRobot/install/lidar_control/share/lidar_control/package.sh'
[23.241s] INFO:colcon.colcon_core.shell:Creating package script '/home/ubuntu/SlamRobot/install/lidar_control/share/lidar_control/package.bash'
[23.247s] INFO:colcon.colcon_core.shell:Creating package script '/home/ubuntu/SlamRobot/install/lidar_control/share/lidar_control/package.zsh'
[23.252s] Level 1:colcon.colcon_core.environment:create_file_with_runtime_dependencies(/home/ubuntu/SlamRobot/install/lidar_control/share/colcon-core/packages/lidar_control)
[23.259s] Level 1:colcon.colcon_core.environment:checking '/home/ubuntu/SlamRobot/install/sensor_spawn' for CMake module files
[23.270s] DEBUG:colcon.colcon_core.event_handler.log_command:Invoked command in '/home/ubuntu/SlamRobot/src/sensor_spawn' returned '0': PYTHONPATH=/home/ubuntu/SlamRobot/build/sensor_spawn/prefix_override:/usr/lib/python3/dist-packages/colcon_core/task/python/colcon_distutils_commands:/home/ubuntu/SlamRobot/install/sensor_spawn/lib/python3.8/site-packages:${PYTHONPATH} /usr/bin/python3 -W ignore:setup.py install is deprecated -W ignore:easy_install command is deprecated setup.py egg_info --egg-base ../../build/sensor_spawn build --build-base /home/ubuntu/SlamRobot/build/sensor_spawn/build install --record /home/ubuntu/SlamRobot/build/sensor_spawn/install.log --install-scripts $base/lib/sensor_spawn --single-version-externally-managed install_data
[23.272s] Level 1:colcon.colcon_core.environment:checking '/home/ubuntu/SlamRobot/install/sensor_spawn' for CMake config files
[23.282s] Level 1:colcon.colcon_core.environment:checking '/home/ubuntu/SlamRobot/install/sensor_spawn/lib'
[23.284s] Level 1:colcon.colcon_core.environment:checking '/home/ubuntu/SlamRobot/install/sensor_spawn/bin'
[23.285s] Level 1:colcon.colcon_core.environment:checking '/home/ubuntu/SlamRobot/install/sensor_spawn/lib/pkgconfig/sensor_spawn.pc'
[23.287s] Level 1:colcon.colcon_core.environment:checking '/home/ubuntu/SlamRobot/install/sensor_spawn/lib/python3.8/site-packages'
[23.288s] Level 1:colcon.colcon_core.shell:create_environment_hook('sensor_spawn', 'pythonpath')
[23.290s] INFO:colcon.colcon_core.shell:Creating environment hook '/home/ubuntu/SlamRobot/install/sensor_spawn/share/sensor_spawn/hook/pythonpath.ps1'
[23.299s] INFO:colcon.colcon_core.shell:Creating environment descriptor '/home/ubuntu/SlamRobot/install/sensor_spawn/share/sensor_spawn/hook/pythonpath.dsv'
[23.304s] INFO:colcon.colcon_core.shell:Creating environment hook '/home/ubuntu/SlamRobot/install/sensor_spawn/share/sensor_spawn/hook/pythonpath.sh'
[23.310s] Level 1:colcon.colcon_core.environment:checking '/home/ubuntu/SlamRobot/install/sensor_spawn/bin'
[23.311s] Level 1:colcon.colcon_core.environment:create_environment_scripts_only(sensor_spawn)
[23.315s] INFO:colcon.colcon_core.shell:Creating package script '/home/ubuntu/SlamRobot/install/sensor_spawn/share/sensor_spawn/package.ps1'
[23.321s] INFO:colcon.colcon_core.shell:Creating package descriptor '/home/ubuntu/SlamRobot/install/sensor_spawn/share/sensor_spawn/package.dsv'
[23.329s] INFO:colcon.colcon_core.shell:Creating package script '/home/ubuntu/SlamRobot/install/sensor_spawn/share/sensor_spawn/package.sh'
[23.335s] INFO:colcon.colcon_core.shell:Creating package script '/home/ubuntu/SlamRobot/install/sensor_spawn/share/sensor_spawn/package.bash'
[23.340s] INFO:colcon.colcon_core.shell:Creating package script '/home/ubuntu/SlamRobot/install/sensor_spawn/share/sensor_spawn/package.zsh'
[23.346s] Level 1:colcon.colcon_core.environment:create_file_with_runtime_dependencies(/home/ubuntu/SlamRobot/install/sensor_spawn/share/colcon-core/packages/sensor_spawn)
[23.349s] DEBUG:colcon.colcon_parallel_executor.executor.parallel:closing loop
[23.352s] DEBUG:colcon.colcon_parallel_executor.executor.parallel:loop closed
[23.353s] DEBUG:colcon.colcon_parallel_executor.executor.parallel:run_until_complete finished with '0'
[23.355s] DEBUG:colcon.colcon_core.event_reactor:joining thread
[23.419s] INFO:colcon.colcon_core.plugin_system:Skipping extension 'colcon_notification.desktop_notification.terminal_notifier': Not used on non-Darwin systems
[23.420s] INFO:colcon.colcon_core.plugin_system:Skipping extension 'colcon_notification.desktop_notification.win32': Not used on non-Windows systems
[23.421s] INFO:colcon.colcon_notification.desktop_notification:Sending desktop notification using 'notify2'
[23.567s] DEBUG:colcon.colcon_core.event_reactor:joined thread
[23.571s] INFO:colcon.colcon_core.shell:Creating prefix script '/home/ubuntu/SlamRobot/install/local_setup.ps1'
[23.582s] INFO:colcon.colcon_core.shell:Creating prefix util module '/home/ubuntu/SlamRobot/install/_local_setup_util_ps1.py'
[23.601s] INFO:colcon.colcon_core.shell:Creating prefix chain script '/home/ubuntu/SlamRobot/install/setup.ps1'
[23.616s] INFO:colcon.colcon_core.shell:Creating prefix script '/home/ubuntu/SlamRobot/install/local_setup.sh'
[23.623s] INFO:colcon.colcon_core.shell:Creating prefix util module '/home/ubuntu/SlamRobot/install/_local_setup_util_sh.py'
[23.630s] INFO:colcon.colcon_core.shell:Creating prefix chain script '/home/ubuntu/SlamRobot/install/setup.sh'
[23.643s] INFO:colcon.colcon_core.shell:Creating prefix script '/home/ubuntu/SlamRobot/install/local_setup.bash'
[23.650s] INFO:colcon.colcon_core.shell:Creating prefix chain script '/home/ubuntu/SlamRobot/install/setup.bash'
[23.663s] INFO:colcon.colcon_core.shell:Creating prefix script '/home/ubuntu/SlamRobot/install/local_setup.zsh'
[23.669s] INFO:colcon.colcon_core.shell:Creating prefix chain script '/home/ubuntu/SlamRobot/install/setup.zsh'
