[0.737s] Invoking command in '/home/dyllon/Documents/SlamRobot/src/dual_motor_driver': PYTHONPATH=/home/dyllon/Documents/SlamRobot/build/dual_motor_driver/prefix_override:/usr/lib/python3/dist-packages/colcon_core/task/python/colcon_distutils_commands:/home/dyllon/Documents/SlamRobot/install/dual_motor_driver/lib/python3.8/site-packages:${PYTHONPATH} /usr/bin/python3 -W ignore:setup.py install is deprecated -W ignore:easy_install command is deprecated setup.py egg_info --egg-base ../../build/dual_motor_driver build --build-base /home/dyllon/Documents/SlamRobot/build/dual_motor_driver/build install --record /home/dyllon/Documents/SlamRobot/build/dual_motor_driver/install.log --install-scripts $base/lib/dual_motor_driver --single-version-externally-managed install_data
[0.870s] running egg_info
[0.871s] writing ../../build/dual_motor_driver/dual_motor_driver.egg-info/PKG-INFO
[0.871s] writing dependency_links to ../../build/dual_motor_driver/dual_motor_driver.egg-info/dependency_links.txt
[0.871s] writing entry points to ../../build/dual_motor_driver/dual_motor_driver.egg-info/entry_points.txt
[0.871s] writing requirements to ../../build/dual_motor_driver/dual_motor_driver.egg-info/requires.txt
[0.871s] writing top-level names to ../../build/dual_motor_driver/dual_motor_driver.egg-info/top_level.txt
[0.892s] reading manifest file '../../build/dual_motor_driver/dual_motor_driver.egg-info/SOURCES.txt'
[0.893s] writing manifest file '../../build/dual_motor_driver/dual_motor_driver.egg-info/SOURCES.txt'
[0.893s] running build
[0.893s] running build_py
[0.893s] running install
[0.893s] running install_lib
[0.894s] running install_data
[0.894s] running install_egg_info
[0.895s] removing '/home/dyllon/Documents/SlamRobot/install/dual_motor_driver/lib/python3.8/site-packages/dual_motor_driver-1.0.0-py3.8.egg-info' (and everything under it)
[0.896s] Copying ../../build/dual_motor_driver/dual_motor_driver.egg-info to /home/dyllon/Documents/SlamRobot/install/dual_motor_driver/lib/python3.8/site-packages/dual_motor_driver-1.0.0-py3.8.egg-info
[0.896s] running install_scripts
[0.907s] Installing driver_node script to /home/dyllon/Documents/SlamRobot/install/dual_motor_driver/lib/dual_motor_driver
[0.907s] writing list of installed files to '/home/dyllon/Documents/SlamRobot/build/dual_motor_driver/install.log'
[0.923s] Invoked command in '/home/dyllon/Documents/SlamRobot/src/dual_motor_driver' returned '0': PYTHONPATH=/home/dyllon/Documents/SlamRobot/build/dual_motor_driver/prefix_override:/usr/lib/python3/dist-packages/colcon_core/task/python/colcon_distutils_commands:/home/dyllon/Documents/SlamRobot/install/dual_motor_driver/lib/python3.8/site-packages:${PYTHONPATH} /usr/bin/python3 -W ignore:setup.py install is deprecated -W ignore:easy_install command is deprecated setup.py egg_info --egg-base ../../build/dual_motor_driver build --build-base /home/dyllon/Documents/SlamRobot/build/dual_motor_driver/build install --record /home/dyllon/Documents/SlamRobot/build/dual_motor_driver/install.log --install-scripts $base/lib/dual_motor_driver --single-version-externally-managed install_data
