[0.751s] Invoking command in '/home/dyllon/Documents/SlamRobot/src/sensor_spawn': PYTHONPATH=/home/dyllon/Documents/SlamRobot/build/sensor_spawn/prefix_override:/usr/lib/python3/dist-packages/colcon_core/task/python/colcon_distutils_commands:/home/dyllon/Documents/SlamRobot/install/sensor_spawn/lib/python3.8/site-packages:${PYTHONPATH} /usr/bin/python3 -W ignore:setup.py install is deprecated -W ignore:easy_install command is deprecated setup.py egg_info --egg-base ../../build/sensor_spawn build --build-base /home/dyllon/Documents/SlamRobot/build/sensor_spawn/build install --record /home/dyllon/Documents/SlamRobot/build/sensor_spawn/install.log --install-scripts $base/lib/sensor_spawn --single-version-externally-managed install_data
[0.889s] running egg_info
[0.889s] writing ../../build/sensor_spawn/sensor_spawn.egg-info/PKG-INFO
[0.890s] writing dependency_links to ../../build/sensor_spawn/sensor_spawn.egg-info/dependency_links.txt
[0.890s] writing entry points to ../../build/sensor_spawn/sensor_spawn.egg-info/entry_points.txt
[0.890s] writing requirements to ../../build/sensor_spawn/sensor_spawn.egg-info/requires.txt
[0.890s] writing top-level names to ../../build/sensor_spawn/sensor_spawn.egg-info/top_level.txt
[0.911s] reading manifest file '../../build/sensor_spawn/sensor_spawn.egg-info/SOURCES.txt'
[0.911s] writing manifest file '../../build/sensor_spawn/sensor_spawn.egg-info/SOURCES.txt'
[0.912s] running build
[0.912s] running build_py
[0.912s] running install
[0.912s] running install_lib
[0.913s] running install_data
[0.913s] running install_egg_info
[0.915s] removing '/home/dyllon/Documents/SlamRobot/install/sensor_spawn/lib/python3.8/site-packages/sensor_spawn-1.0.0-py3.8.egg-info' (and everything under it)
[0.915s] Copying ../../build/sensor_spawn/sensor_spawn.egg-info to /home/dyllon/Documents/SlamRobot/install/sensor_spawn/lib/python3.8/site-packages/sensor_spawn-1.0.0-py3.8.egg-info
[0.915s] running install_scripts
[0.926s] writing list of installed files to '/home/dyllon/Documents/SlamRobot/build/sensor_spawn/install.log'
[0.942s] Invoked command in '/home/dyllon/Documents/SlamRobot/src/sensor_spawn' returned '0': PYTHONPATH=/home/dyllon/Documents/SlamRobot/build/sensor_spawn/prefix_override:/usr/lib/python3/dist-packages/colcon_core/task/python/colcon_distutils_commands:/home/dyllon/Documents/SlamRobot/install/sensor_spawn/lib/python3.8/site-packages:${PYTHONPATH} /usr/bin/python3 -W ignore:setup.py install is deprecated -W ignore:easy_install command is deprecated setup.py egg_info --egg-base ../../build/sensor_spawn build --build-base /home/dyllon/Documents/SlamRobot/build/sensor_spawn/build install --record /home/dyllon/Documents/SlamRobot/build/sensor_spawn/install.log --install-scripts $base/lib/sensor_spawn --single-version-externally-managed install_data
