[11.434s] Invoking command in '/home/ubuntu/SlamRobot/src/lidar_control': PYTHONPATH=/home/ubuntu/SlamRobot/build/lidar_control/prefix_override:/usr/lib/python3/dist-packages/colcon_core/task/python/colcon_distutils_commands:/home/ubuntu/SlamRobot/install/lidar_control/lib/python3.8/site-packages:${PYTHONPATH} /usr/bin/python3 -W ignore:setup.py install is deprecated -W ignore:easy_install command is deprecated setup.py egg_info --egg-base ../../build/lidar_control build --build-base /home/ubuntu/SlamRobot/build/lidar_control/build install --record /home/ubuntu/SlamRobot/build/lidar_control/install.log --install-scripts $base/lib/lidar_control --single-version-externally-managed install_data
[12.681s] running egg_info
[12.684s] writing ../../build/lidar_control/lidar_control.egg-info/PKG-INFO
[12.685s] writing dependency_links to ../../build/lidar_control/lidar_control.egg-info/dependency_links.txt
[12.687s] writing entry points to ../../build/lidar_control/lidar_control.egg-info/entry_points.txt
[12.688s] writing requirements to ../../build/lidar_control/lidar_control.egg-info/requires.txt
[12.689s] writing top-level names to ../../build/lidar_control/lidar_control.egg-info/top_level.txt
[12.849s] reading manifest file '../../build/lidar_control/lidar_control.egg-info/SOURCES.txt'
[12.853s] writing manifest file '../../build/lidar_control/lidar_control.egg-info/SOURCES.txt'
[12.853s] running build
[12.854s] running build_py
[12.856s] running install
[12.860s] running install_lib
[12.867s] running install_data
[12.868s] running install_egg_info
[12.877s] removing '/home/ubuntu/SlamRobot/install/lidar_control/lib/python3.8/site-packages/lidar_control-1.0.0-py3.8.egg-info' (and everything under it)
[12.878s] Copying ../../build/lidar_control/lidar_control.egg-info to /home/ubuntu/SlamRobot/install/lidar_control/lib/python3.8/site-packages/lidar_control-1.0.0-py3.8.egg-info
[12.886s] running install_scripts
[13.036s] Installing lidar_viz script to /home/ubuntu/SlamRobot/install/lidar_control/lib/lidar_control
[13.047s] writing list of installed files to '/home/ubuntu/SlamRobot/build/lidar_control/install.log'
[13.378s] Invoked command in '/home/ubuntu/SlamRobot/src/lidar_control' returned '0': PYTHONPATH=/home/ubuntu/SlamRobot/build/lidar_control/prefix_override:/usr/lib/python3/dist-packages/colcon_core/task/python/colcon_distutils_commands:/home/ubuntu/SlamRobot/install/lidar_control/lib/python3.8/site-packages:${PYTHONPATH} /usr/bin/python3 -W ignore:setup.py install is deprecated -W ignore:easy_install command is deprecated setup.py egg_info --egg-base ../../build/lidar_control build --build-base /home/ubuntu/SlamRobot/build/lidar_control/build install --record /home/ubuntu/SlamRobot/build/lidar_control/install.log --install-scripts $base/lib/lidar_control --single-version-externally-managed install_data
