[5.468s] Invoking command in '/home/ubuntu/SlamRobot/src/lidar_control': PYTHONPATH=/home/ubuntu/SlamRobot/build/lidar_control/prefix_override:/usr/lib/python3/dist-packages/colcon_core/task/python/colcon_distutils_commands:/home/ubuntu/SlamRobot/install/lidar_control/lib/python3.8/site-packages:${PYTHONPATH} /usr/bin/python3 -W ignore:setup.py install is deprecated -W ignore:easy_install command is deprecated setup.py egg_info --egg-base ../../build/lidar_control build --build-base /home/ubuntu/SlamRobot/build/lidar_control/build install --record /home/ubuntu/SlamRobot/build/lidar_control/install.log --install-scripts $base/lib/lidar_control --single-version-externally-managed install_data
[6.716s] running egg_info
[6.719s] writing ../../build/lidar_control/lidar_control.egg-info/PKG-INFO
[6.720s] writing dependency_links to ../../build/lidar_control/lidar_control.egg-info/dependency_links.txt
[6.722s] writing entry points to ../../build/lidar_control/lidar_control.egg-info/entry_points.txt
[6.723s] writing requirements to ../../build/lidar_control/lidar_control.egg-info/requires.txt
[6.737s] writing top-level names to ../../build/lidar_control/lidar_control.egg-info/top_level.txt
[6.892s] reading manifest file '../../build/lidar_control/lidar_control.egg-info/SOURCES.txt'
[6.898s] writing manifest file '../../build/lidar_control/lidar_control.egg-info/SOURCES.txt'
[6.899s] running build
[6.900s] running build_py
[6.900s] running install
[6.904s] running install_lib
[6.913s] running install_data
[6.914s] running install_egg_info
[6.921s] removing '/home/ubuntu/SlamRobot/install/lidar_control/lib/python3.8/site-packages/lidar_control-1.0.0-py3.8.egg-info' (and everything under it)
[6.923s] Copying ../../build/lidar_control/lidar_control.egg-info to /home/ubuntu/SlamRobot/install/lidar_control/lib/python3.8/site-packages/lidar_control-1.0.0-py3.8.egg-info
[6.931s] running install_scripts
[7.045s] Installing lidar_viz script to /home/ubuntu/SlamRobot/install/lidar_control/lib/lidar_control
[7.053s] writing list of installed files to '/home/ubuntu/SlamRobot/build/lidar_control/install.log'
[7.296s] Invoked command in '/home/ubuntu/SlamRobot/src/lidar_control' returned '0': PYTHONPATH=/home/ubuntu/SlamRobot/build/lidar_control/prefix_override:/usr/lib/python3/dist-packages/colcon_core/task/python/colcon_distutils_commands:/home/ubuntu/SlamRobot/install/lidar_control/lib/python3.8/site-packages:${PYTHONPATH} /usr/bin/python3 -W ignore:setup.py install is deprecated -W ignore:easy_install command is deprecated setup.py egg_info --egg-base ../../build/lidar_control build --build-base /home/ubuntu/SlamRobot/build/lidar_control/build install --record /home/ubuntu/SlamRobot/build/lidar_control/install.log --install-scripts $base/lib/lidar_control --single-version-externally-managed install_data
