[2.176s] DEBUG:colcon:Command line arguments: ['/usr/bin/colcon', 'build']
[2.177s] DEBUG:colcon:Parsed command line arguments: Namespace(allow_overriding=[], ament_cmake_args=None, base_paths=['.'], build_base='build', catkin_cmake_args=None, catkin_skip_building_tests=False, cmake_args=None, cmake_clean_cache=False, cmake_clean_first=False, cmake_force_configure=False, cmake_target=None, cmake_target_skip_unavailable=False, continue_on_error=False, event_handlers=None, executor='parallel', ignore_user_meta=False, install_base='install', log_base=None, log_level=None, main=<bound method BuildVerb.main of <colcon_core.verb.build.BuildVerb object at 0xffffb89b9f70>>, merge_install=False, metas=['./colcon.meta'], packages_above=None, packages_above_and_dependencies=None, packages_above_depth=None, packages_end=None, packages_ignore=None, packages_ignore_regex=None, packages_select=None, packages_select_build_failed=False, packages_select_by_dep=None, packages_select_regex=None, packages_select_test_failures=False, packages_skip=None, packages_skip_build_finished=False, packages_skip_by_dep=None, packages_skip_regex=None, packages_skip_test_passed=False, packages_skip_up_to=None, packages_start=None, packages_up_to=None, packages_up_to_regex=None, parallel_workers=4, paths=None, symlink_install=False, test_result_base=None, verb_extension=<colcon_core.verb.build.BuildVerb object at 0xffffb89b9f70>, verb_name='build', verb_parser=<colcon_defaults.argument_parser.defaults.DefaultArgumentsDecorator object at 0xffffb88b11c0>)
[4.077s] Level 1:colcon.colcon_core.package_discovery:discover_packages(colcon_meta) check parameters
[4.078s] Level 1:colcon.colcon_core.package_discovery:discover_packages(recursive) check parameters
[4.078s] Level 1:colcon.colcon_core.package_discovery:discover_packages(ignore) check parameters
[4.079s] Level 1:colcon.colcon_core.package_discovery:discover_packages(path) check parameters
[4.079s] Level 1:colcon.colcon_core.package_discovery:discover_packages(colcon_meta) discover
[4.079s] Level 1:colcon.colcon_core.package_discovery:discover_packages(recursive) discover
[4.080s] INFO:colcon.colcon_core.package_discovery:Crawling recursively for packages in '/home/ubuntu/SlamRobot'
[4.081s] Level 1:colcon.colcon_core.package_identification:_identify(.) by extensions ['ignore', 'ignore_ament_install']
[4.082s] Level 1:colcon.colcon_core.package_identification:_identify(.) by extension 'ignore'
[4.083s] Level 1:colcon.colcon_core.package_identification:_identify(.) by extension 'ignore_ament_install'
[4.083s] Level 1:colcon.colcon_core.package_identification:_identify(.) by extensions ['colcon_pkg']
[4.084s] Level 1:colcon.colcon_core.package_identification:_identify(.) by extension 'colcon_pkg'
[4.084s] Level 1:colcon.colcon_core.package_identification:_identify(.) by extensions ['colcon_meta']
[4.084s] Level 1:colcon.colcon_core.package_identification:_identify(.) by extension 'colcon_meta'
[4.085s] Level 1:colcon.colcon_core.package_identification:_identify(.) by extensions ['ros']
[4.085s] Level 1:colcon.colcon_core.package_identification:_identify(.) by extension 'ros'
[4.205s] Level 1:colcon.colcon_core.package_identification:_identify(.) by extensions ['cmake', 'python']
[4.206s] Level 1:colcon.colcon_core.package_identification:_identify(.) by extension 'cmake'
[4.207s] Level 1:colcon.colcon_core.package_identification:_identify(.) by extension 'python'
[4.207s] Level 1:colcon.colcon_core.package_identification:_identify(.) by extensions ['python_setup_py']
[4.208s] Level 1:colcon.colcon_core.package_identification:_identify(.) by extension 'python_setup_py'
[4.209s] Level 1:colcon.colcon_core.package_identification:_identify(build) by extensions ['ignore', 'ignore_ament_install']
[4.211s] Level 1:colcon.colcon_core.package_identification:_identify(build) by extension 'ignore'
[4.211s] Level 1:colcon.colcon_core.package_identification:_identify(build) ignored
[4.213s] Level 1:colcon.colcon_core.package_identification:_identify(install) by extensions ['ignore', 'ignore_ament_install']
[4.214s] Level 1:colcon.colcon_core.package_identification:_identify(install) by extension 'ignore'
[4.214s] Level 1:colcon.colcon_core.package_identification:_identify(install) ignored
[4.215s] Level 1:colcon.colcon_core.package_identification:_identify(log) by extensions ['ignore', 'ignore_ament_install']
[4.216s] Level 1:colcon.colcon_core.package_identification:_identify(log) by extension 'ignore'
[4.217s] Level 1:colcon.colcon_core.package_identification:_identify(log) ignored
[4.218s] Level 1:colcon.colcon_core.package_identification:_identify(src) by extensions ['ignore', 'ignore_ament_install']
[4.219s] Level 1:colcon.colcon_core.package_identification:_identify(src) by extension 'ignore'
[4.219s] Level 1:colcon.colcon_core.package_identification:_identify(src) by extension 'ignore_ament_install'
[4.220s] Level 1:colcon.colcon_core.package_identification:_identify(src) by extensions ['colcon_pkg']
[4.220s] Level 1:colcon.colcon_core.package_identification:_identify(src) by extension 'colcon_pkg'
[4.220s] Level 1:colcon.colcon_core.package_identification:_identify(src) by extensions ['colcon_meta']
[4.221s] Level 1:colcon.colcon_core.package_identification:_identify(src) by extension 'colcon_meta'
[4.221s] Level 1:colcon.colcon_core.package_identification:_identify(src) by extensions ['ros']
[4.222s] Level 1:colcon.colcon_core.package_identification:_identify(src) by extension 'ros'
[4.223s] Level 1:colcon.colcon_core.package_identification:_identify(src) by extensions ['cmake', 'python']
[4.223s] Level 1:colcon.colcon_core.package_identification:_identify(src) by extension 'cmake'
[4.223s] Level 1:colcon.colcon_core.package_identification:_identify(src) by extension 'python'
[4.224s] Level 1:colcon.colcon_core.package_identification:_identify(src) by extensions ['python_setup_py']
[4.224s] Level 1:colcon.colcon_core.package_identification:_identify(src) by extension 'python_setup_py'
[4.226s] Level 1:colcon.colcon_core.package_identification:_identify(src/dual_motor_driver) by extensions ['ignore', 'ignore_ament_install']
[4.227s] Level 1:colcon.colcon_core.package_identification:_identify(src/dual_motor_driver) by extension 'ignore'
[4.227s] Level 1:colcon.colcon_core.package_identification:_identify(src/dual_motor_driver) by extension 'ignore_ament_install'
[4.228s] Level 1:colcon.colcon_core.package_identification:_identify(src/dual_motor_driver) by extensions ['colcon_pkg']
[4.228s] Level 1:colcon.colcon_core.package_identification:_identify(src/dual_motor_driver) by extension 'colcon_pkg'
[4.229s] Level 1:colcon.colcon_core.package_identification:_identify(src/dual_motor_driver) by extensions ['colcon_meta']
[4.229s] Level 1:colcon.colcon_core.package_identification:_identify(src/dual_motor_driver) by extension 'colcon_meta'
[4.230s] Level 1:colcon.colcon_core.package_identification:_identify(src/dual_motor_driver) by extensions ['ros']
[4.230s] Level 1:colcon.colcon_core.package_identification:_identify(src/dual_motor_driver) by extension 'ros'
[4.254s] DEBUG:colcon.colcon_core.package_identification:Package 'src/dual_motor_driver' with type 'ros.ament_python' and name 'dual_motor_driver'
[4.255s] Level 1:colcon.colcon_core.package_identification:_identify(src/lidar_control) by extensions ['ignore', 'ignore_ament_install']
[4.257s] Level 1:colcon.colcon_core.package_identification:_identify(src/lidar_control) by extension 'ignore'
[4.258s] Level 1:colcon.colcon_core.package_identification:_identify(src/lidar_control) by extension 'ignore_ament_install'
[4.260s] Level 1:colcon.colcon_core.package_identification:_identify(src/lidar_control) by extensions ['colcon_pkg']
[4.262s] Level 1:colcon.colcon_core.package_identification:_identify(src/lidar_control) by extension 'colcon_pkg'
[4.263s] Level 1:colcon.colcon_core.package_identification:_identify(src/lidar_control) by extensions ['colcon_meta']
[4.263s] Level 1:colcon.colcon_core.package_identification:_identify(src/lidar_control) by extension 'colcon_meta'
[4.264s] Level 1:colcon.colcon_core.package_identification:_identify(src/lidar_control) by extensions ['ros']
[4.264s] Level 1:colcon.colcon_core.package_identification:_identify(src/lidar_control) by extension 'ros'
[4.271s] DEBUG:colcon.colcon_core.package_identification:Package 'src/lidar_control' with type 'ros.ament_python' and name 'lidar_control'
[4.273s] Level 1:colcon.colcon_core.package_identification:_identify(src/sensor_spawn) by extensions ['ignore', 'ignore_ament_install']
[4.274s] Level 1:colcon.colcon_core.package_identification:_identify(src/sensor_spawn) by extension 'ignore'
[4.274s] Level 1:colcon.colcon_core.package_identification:_identify(src/sensor_spawn) by extension 'ignore_ament_install'
[4.275s] Level 1:colcon.colcon_core.package_identification:_identify(src/sensor_spawn) by extensions ['colcon_pkg']
[4.275s] Level 1:colcon.colcon_core.package_identification:_identify(src/sensor_spawn) by extension 'colcon_pkg'
[4.276s] Level 1:colcon.colcon_core.package_identification:_identify(src/sensor_spawn) by extensions ['colcon_meta']
[4.276s] Level 1:colcon.colcon_core.package_identification:_identify(src/sensor_spawn) by extension 'colcon_meta'
[4.277s] Level 1:colcon.colcon_core.package_identification:_identify(src/sensor_spawn) by extensions ['ros']
[4.278s] Level 1:colcon.colcon_core.package_identification:_identify(src/sensor_spawn) by extension 'ros'
[4.286s] DEBUG:colcon.colcon_core.package_identification:Package 'src/sensor_spawn' with type 'ros.ament_python' and name 'sensor_spawn'
[4.287s] Level 1:colcon.colcon_core.package_discovery:discover_packages(recursive) using defaults
[4.288s] Level 1:colcon.colcon_core.package_discovery:discover_packages(ignore) discover
[4.288s] Level 1:colcon.colcon_core.package_discovery:discover_packages(ignore) using defaults
[4.288s] Level 1:colcon.colcon_core.package_discovery:discover_packages(path) discover
[4.288s] Level 1:colcon.colcon_core.package_discovery:discover_packages(path) using defaults
[4.454s] Level 1:colcon.colcon_core.package_discovery:discover_packages(prefix_path) check parameters
[4.454s] Level 1:colcon.colcon_core.package_discovery:discover_packages(prefix_path) discover
[4.475s] DEBUG:colcon.colcon_installed_package_information.package_discovery:Found 3 installed packages in /home/ubuntu/SlamRobot/install
[4.498s] DEBUG:colcon.colcon_installed_package_information.package_discovery:Found 267 installed packages in /opt/ros/foxy
[4.518s] Level 1:colcon.colcon_core.package_discovery:discover_packages(prefix_path) using defaults
[5.572s] Level 5:colcon.colcon_core.verb:set package 'dual_motor_driver' build argument 'cmake_args' from command line to 'None'
[5.572s] Level 5:colcon.colcon_core.verb:set package 'dual_motor_driver' build argument 'cmake_target' from command line to 'None'
[5.572s] Level 5:colcon.colcon_core.verb:set package 'dual_motor_driver' build argument 'cmake_target_skip_unavailable' from command line to 'False'
[5.573s] Level 5:colcon.colcon_core.verb:set package 'dual_motor_driver' build argument 'cmake_clean_cache' from command line to 'False'
[5.573s] Level 5:colcon.colcon_core.verb:set package 'dual_motor_driver' build argument 'cmake_clean_first' from command line to 'False'
[5.573s] Level 5:colcon.colcon_core.verb:set package 'dual_motor_driver' build argument 'cmake_force_configure' from command line to 'False'
[5.574s] Level 5:colcon.colcon_core.verb:set package 'dual_motor_driver' build argument 'ament_cmake_args' from command line to 'None'
[5.574s] Level 5:colcon.colcon_core.verb:set package 'dual_motor_driver' build argument 'catkin_cmake_args' from command line to 'None'
[5.574s] Level 5:colcon.colcon_core.verb:set package 'dual_motor_driver' build argument 'catkin_skip_building_tests' from command line to 'False'
[5.575s] DEBUG:colcon.colcon_core.verb:Building package 'dual_motor_driver' with the following arguments: {'ament_cmake_args': None, 'build_base': '/home/ubuntu/SlamRobot/build/dual_motor_driver', 'catkin_cmake_args': None, 'catkin_skip_building_tests': False, 'cmake_args': None, 'cmake_clean_cache': False, 'cmake_clean_first': False, 'cmake_force_configure': False, 'cmake_target': None, 'cmake_target_skip_unavailable': False, 'install_base': '/home/ubuntu/SlamRobot/install/dual_motor_driver', 'merge_install': False, 'path': '/home/ubuntu/SlamRobot/src/dual_motor_driver', 'symlink_install': False, 'test_result_base': None}
[5.579s] Level 5:colcon.colcon_core.verb:set package 'lidar_control' build argument 'cmake_args' from command line to 'None'
[5.579s] Level 5:colcon.colcon_core.verb:set package 'lidar_control' build argument 'cmake_target' from command line to 'None'
[5.580s] Level 5:colcon.colcon_core.verb:set package 'lidar_control' build argument 'cmake_target_skip_unavailable' from command line to 'False'
[5.580s] Level 5:colcon.colcon_core.verb:set package 'lidar_control' build argument 'cmake_clean_cache' from command line to 'False'
[5.580s] Level 5:colcon.colcon_core.verb:set package 'lidar_control' build argument 'cmake_clean_first' from command line to 'False'
[5.581s] Level 5:colcon.colcon_core.verb:set package 'lidar_control' build argument 'cmake_force_configure' from command line to 'False'
[5.581s] Level 5:colcon.colcon_core.verb:set package 'lidar_control' build argument 'ament_cmake_args' from command line to 'None'
[5.581s] Level 5:colcon.colcon_core.verb:set package 'lidar_control' build argument 'catkin_cmake_args' from command line to 'None'
[5.582s] Level 5:colcon.colcon_core.verb:set package 'lidar_control' build argument 'catkin_skip_building_tests' from command line to 'False'
[5.582s] DEBUG:colcon.colcon_core.verb:Building package 'lidar_control' with the following arguments: {'ament_cmake_args': None, 'build_base': '/home/ubuntu/SlamRobot/build/lidar_control', 'catkin_cmake_args': None, 'catkin_skip_building_tests': False, 'cmake_args': None, 'cmake_clean_cache': False, 'cmake_clean_first': False, 'cmake_force_configure': False, 'cmake_target': None, 'cmake_target_skip_unavailable': False, 'install_base': '/home/ubuntu/SlamRobot/install/lidar_control', 'merge_install': False, 'path': '/home/ubuntu/SlamRobot/src/lidar_control', 'symlink_install': False, 'test_result_base': None}
[5.587s] Level 5:colcon.colcon_core.verb:set package 'sensor_spawn' build argument 'cmake_args' from command line to 'None'
[5.587s] Level 5:colcon.colcon_core.verb:set package 'sensor_spawn' build argument 'cmake_target' from command line to 'None'
[5.587s] Level 5:colcon.colcon_core.verb:set package 'sensor_spawn' build argument 'cmake_target_skip_unavailable' from command line to 'False'
[5.588s] Level 5:colcon.colcon_core.verb:set package 'sensor_spawn' build argument 'cmake_clean_cache' from command line to 'False'
[5.588s] Level 5:colcon.colcon_core.verb:set package 'sensor_spawn' build argument 'cmake_clean_first' from command line to 'False'
[5.588s] Level 5:colcon.colcon_core.verb:set package 'sensor_spawn' build argument 'cmake_force_configure' from command line to 'False'
[5.588s] Level 5:colcon.colcon_core.verb:set package 'sensor_spawn' build argument 'ament_cmake_args' from command line to 'None'
[5.589s] Level 5:colcon.colcon_core.verb:set package 'sensor_spawn' build argument 'catkin_cmake_args' from command line to 'None'
[5.589s] Level 5:colcon.colcon_core.verb:set package 'sensor_spawn' build argument 'catkin_skip_building_tests' from command line to 'False'
[5.589s] DEBUG:colcon.colcon_core.verb:Building package 'sensor_spawn' with the following arguments: {'ament_cmake_args': None, 'build_base': '/home/ubuntu/SlamRobot/build/sensor_spawn', 'catkin_cmake_args': None, 'catkin_skip_building_tests': False, 'cmake_args': None, 'cmake_clean_cache': False, 'cmake_clean_first': False, 'cmake_force_configure': False, 'cmake_target': None, 'cmake_target_skip_unavailable': False, 'install_base': '/home/ubuntu/SlamRobot/install/sensor_spawn', 'merge_install': False, 'path': '/home/ubuntu/SlamRobot/src/sensor_spawn', 'symlink_install': False, 'test_result_base': None}
[5.591s] INFO:colcon.colcon_core.executor:Executing jobs using 'parallel' executor
[5.600s] DEBUG:colcon.colcon_parallel_executor.executor.parallel:run_until_complete
[5.603s] INFO:colcon.colcon_ros.task.ament_python.build:Building ROS package in '/home/ubuntu/SlamRobot/src/dual_motor_driver' with build type 'ament_python'
[5.604s] Level 1:colcon.colcon_core.shell:create_environment_hook('dual_motor_driver', 'ament_prefix_path')
[5.628s] INFO:colcon.colcon_core.plugin_system:Skipping extension 'colcon_core.shell.bat': Not used on non-Windows systems
[5.631s] INFO:colcon.colcon_core.shell:Creating environment hook '/home/ubuntu/SlamRobot/install/dual_motor_driver/share/dual_motor_driver/hook/ament_prefix_path.ps1'
[5.640s] INFO:colcon.colcon_core.shell:Creating environment descriptor '/home/ubuntu/SlamRobot/install/dual_motor_driver/share/dual_motor_driver/hook/ament_prefix_path.dsv'
[5.648s] INFO:colcon.colcon_core.shell:Creating environment hook '/home/ubuntu/SlamRobot/install/dual_motor_driver/share/dual_motor_driver/hook/ament_prefix_path.sh'
[5.658s] INFO:colcon.colcon_core.shell:Skip shell extension 'powershell' for command environment: Not usable outside of PowerShell
[5.658s] DEBUG:colcon.colcon_core.shell:Skip shell extension 'dsv' for command environment
[5.724s] INFO:colcon.colcon_ros.task.ament_python.build:Building ROS package in '/home/ubuntu/SlamRobot/src/lidar_control' with build type 'ament_python'
[5.726s] Level 1:colcon.colcon_core.shell:create_environment_hook('lidar_control', 'ament_prefix_path')
[5.732s] INFO:colcon.colcon_core.shell:Creating environment hook '/home/ubuntu/SlamRobot/install/lidar_control/share/lidar_control/hook/ament_prefix_path.ps1'
[5.738s] INFO:colcon.colcon_core.shell:Creating environment descriptor '/home/ubuntu/SlamRobot/install/lidar_control/share/lidar_control/hook/ament_prefix_path.dsv'
[5.744s] INFO:colcon.colcon_core.shell:Creating environment hook '/home/ubuntu/SlamRobot/install/lidar_control/share/lidar_control/hook/ament_prefix_path.sh'
[5.752s] INFO:colcon.colcon_core.shell:Skip shell extension 'powershell' for command environment: Not usable outside of PowerShell
[5.754s] DEBUG:colcon.colcon_core.shell:Skip shell extension 'dsv' for command environment
[5.827s] INFO:colcon.colcon_ros.task.ament_python.build:Building ROS package in '/home/ubuntu/SlamRobot/src/sensor_spawn' with build type 'ament_python'
[5.832s] Level 1:colcon.colcon_core.shell:create_environment_hook('sensor_spawn', 'ament_prefix_path')
[5.844s] INFO:colcon.colcon_core.shell:Creating environment hook '/home/ubuntu/SlamRobot/install/sensor_spawn/share/sensor_spawn/hook/ament_prefix_path.ps1'
[5.854s] INFO:colcon.colcon_core.shell:Creating environment descriptor '/home/ubuntu/SlamRobot/install/sensor_spawn/share/sensor_spawn/hook/ament_prefix_path.dsv'
[5.859s] INFO:colcon.colcon_core.shell:Creating environment hook '/home/ubuntu/SlamRobot/install/sensor_spawn/share/sensor_spawn/hook/ament_prefix_path.sh'
[5.867s] INFO:colcon.colcon_core.shell:Skip shell extension 'powershell' for command environment: Not usable outside of PowerShell
[5.868s] DEBUG:colcon.colcon_core.shell:Skip shell extension 'dsv' for command environment
[8.672s] INFO:colcon.colcon_core.task.python.build:Building Python package in '/home/ubuntu/SlamRobot/src/dual_motor_driver'
[8.676s] INFO:colcon.colcon_core.shell:Skip shell extension 'powershell' for command environment: Not usable outside of PowerShell
[8.676s] DEBUG:colcon.colcon_core.shell:Skip shell extension 'dsv' for command environment
[11.425s] INFO:colcon.colcon_core.task.python.build:Building Python package in '/home/ubuntu/SlamRobot/src/lidar_control'
[11.429s] INFO:colcon.colcon_core.shell:Skip shell extension 'powershell' for command environment: Not usable outside of PowerShell
[11.430s] DEBUG:colcon.colcon_core.shell:Skip shell extension 'dsv' for command environment
[14.186s] INFO:colcon.colcon_core.task.python.build:Building Python package in '/home/ubuntu/SlamRobot/src/sensor_spawn'
[14.190s] INFO:colcon.colcon_core.shell:Skip shell extension 'powershell' for command environment: Not usable outside of PowerShell
[14.191s] DEBUG:colcon.colcon_core.shell:Skip shell extension 'dsv' for command environment
[19.738s] DEBUG:colcon.colcon_core.event_handler.log_command:Invoking command in '/home/ubuntu/SlamRobot/src/lidar_control': PYTHONPATH=/home/ubuntu/SlamRobot/build/lidar_control/prefix_override:/usr/lib/python3/dist-packages/colcon_core/task/python/colcon_distutils_commands:/home/ubuntu/SlamRobot/install/lidar_control/lib/python3.8/site-packages:${PYTHONPATH} /usr/bin/python3 -W ignore:setup.py install is deprecated -W ignore:easy_install command is deprecated setup.py egg_info --egg-base ../../build/lidar_control build --build-base /home/ubuntu/SlamRobot/build/lidar_control/build install --record /home/ubuntu/SlamRobot/build/lidar_control/install.log --install-scripts $base/lib/lidar_control --single-version-externally-managed install_data
[19.851s] DEBUG:colcon.colcon_core.event_handler.log_command:Invoking command in '/home/ubuntu/SlamRobot/src/dual_motor_driver': PYTHONPATH=/home/ubuntu/SlamRobot/build/dual_motor_driver/prefix_override:/usr/lib/python3/dist-packages/colcon_core/task/python/colcon_distutils_commands:/home/ubuntu/SlamRobot/install/dual_motor_driver/lib/python3.8/site-packages:${PYTHONPATH} /usr/bin/python3 -W ignore:setup.py install is deprecated -W ignore:easy_install command is deprecated setup.py egg_info --egg-base ../../build/dual_motor_driver build --build-base /home/ubuntu/SlamRobot/build/dual_motor_driver/build install --record /home/ubuntu/SlamRobot/build/dual_motor_driver/install.log --install-scripts $base/lib/dual_motor_driver --single-version-externally-managed install_data
[19.998s] DEBUG:colcon.colcon_core.event_handler.log_command:Invoking command in '/home/ubuntu/SlamRobot/src/sensor_spawn': PYTHONPATH=/home/ubuntu/SlamRobot/build/sensor_spawn/prefix_override:/usr/lib/python3/dist-packages/colcon_core/task/python/colcon_distutils_commands:/home/ubuntu/SlamRobot/install/sensor_spawn/lib/python3.8/site-packages:${PYTHONPATH} /usr/bin/python3 -W ignore:setup.py install is deprecated -W ignore:easy_install command is deprecated setup.py egg_info --egg-base ../../build/sensor_spawn build --build-base /home/ubuntu/SlamRobot/build/sensor_spawn/build install --record /home/ubuntu/SlamRobot/build/sensor_spawn/install.log --install-scripts $base/lib/sensor_spawn --single-version-externally-managed install_data
[23.983s] DEBUG:colcon.colcon_core.event_handler.log_command:Invoked command in '/home/ubuntu/SlamRobot/src/lidar_control' returned '0': PYTHONPATH=/home/ubuntu/SlamRobot/build/lidar_control/prefix_override:/usr/lib/python3/dist-packages/colcon_core/task/python/colcon_distutils_commands:/home/ubuntu/SlamRobot/install/lidar_control/lib/python3.8/site-packages:${PYTHONPATH} /usr/bin/python3 -W ignore:setup.py install is deprecated -W ignore:easy_install command is deprecated setup.py egg_info --egg-base ../../build/lidar_control build --build-base /home/ubuntu/SlamRobot/build/lidar_control/build install --record /home/ubuntu/SlamRobot/build/lidar_control/install.log --install-scripts $base/lib/lidar_control --single-version-externally-managed install_data
[24.035s] Level 1:colcon.colcon_core.environment:checking '/home/ubuntu/SlamRobot/install/lidar_control' for CMake module files
[24.048s] Level 1:colcon.colcon_core.environment:checking '/home/ubuntu/SlamRobot/install/lidar_control' for CMake config files
[24.063s] Level 1:colcon.colcon_core.environment:checking '/home/ubuntu/SlamRobot/install/lidar_control/lib'
[24.067s] Level 1:colcon.colcon_core.environment:checking '/home/ubuntu/SlamRobot/install/lidar_control/bin'
[24.070s] Level 1:colcon.colcon_core.environment:checking '/home/ubuntu/SlamRobot/install/lidar_control/lib/pkgconfig/lidar_control.pc'
[24.075s] Level 1:colcon.colcon_core.environment:checking '/home/ubuntu/SlamRobot/install/lidar_control/lib/python3.8/site-packages'
[24.077s] Level 1:colcon.colcon_core.shell:create_environment_hook('lidar_control', 'pythonpath')
[24.080s] INFO:colcon.colcon_core.shell:Creating environment hook '/home/ubuntu/SlamRobot/install/lidar_control/share/lidar_control/hook/pythonpath.ps1'
[24.090s] INFO:colcon.colcon_core.shell:Creating environment descriptor '/home/ubuntu/SlamRobot/install/lidar_control/share/lidar_control/hook/pythonpath.dsv'
[24.100s] INFO:colcon.colcon_core.shell:Creating environment hook '/home/ubuntu/SlamRobot/install/lidar_control/share/lidar_control/hook/pythonpath.sh'
[24.111s] Level 1:colcon.colcon_core.environment:checking '/home/ubuntu/SlamRobot/install/lidar_control/bin'
[24.113s] Level 1:colcon.colcon_core.environment:create_environment_scripts_only(lidar_control)
[24.118s] INFO:colcon.colcon_core.shell:Creating package script '/home/ubuntu/SlamRobot/install/lidar_control/share/lidar_control/package.ps1'
[24.136s] INFO:colcon.colcon_core.shell:Creating package descriptor '/home/ubuntu/SlamRobot/install/lidar_control/share/lidar_control/package.dsv'
[24.149s] INFO:colcon.colcon_core.shell:Creating package script '/home/ubuntu/SlamRobot/install/lidar_control/share/lidar_control/package.sh'
[24.163s] INFO:colcon.colcon_core.shell:Creating package script '/home/ubuntu/SlamRobot/install/lidar_control/share/lidar_control/package.bash'
[24.177s] INFO:colcon.colcon_core.shell:Creating package script '/home/ubuntu/SlamRobot/install/lidar_control/share/lidar_control/package.zsh'
[24.190s] Level 1:colcon.colcon_core.environment:create_file_with_runtime_dependencies(/home/ubuntu/SlamRobot/install/lidar_control/share/colcon-core/packages/lidar_control)
[24.213s] Level 1:colcon.colcon_core.environment:checking '/home/ubuntu/SlamRobot/install/dual_motor_driver' for CMake module files
[24.223s] DEBUG:colcon.colcon_core.event_handler.log_command:Invoked command in '/home/ubuntu/SlamRobot/src/dual_motor_driver' returned '0': PYTHONPATH=/home/ubuntu/SlamRobot/build/dual_motor_driver/prefix_override:/usr/lib/python3/dist-packages/colcon_core/task/python/colcon_distutils_commands:/home/ubuntu/SlamRobot/install/dual_motor_driver/lib/python3.8/site-packages:${PYTHONPATH} /usr/bin/python3 -W ignore:setup.py install is deprecated -W ignore:easy_install command is deprecated setup.py egg_info --egg-base ../../build/dual_motor_driver build --build-base /home/ubuntu/SlamRobot/build/dual_motor_driver/build install --record /home/ubuntu/SlamRobot/build/dual_motor_driver/install.log --install-scripts $base/lib/dual_motor_driver --single-version-externally-managed install_data
[24.228s] Level 1:colcon.colcon_core.environment:checking '/home/ubuntu/SlamRobot/install/dual_motor_driver' for CMake config files
[24.239s] Level 1:colcon.colcon_core.environment:checking '/home/ubuntu/SlamRobot/install/dual_motor_driver/lib'
[24.240s] Level 1:colcon.colcon_core.environment:checking '/home/ubuntu/SlamRobot/install/dual_motor_driver/bin'
[24.242s] Level 1:colcon.colcon_core.environment:checking '/home/ubuntu/SlamRobot/install/dual_motor_driver/lib/pkgconfig/dual_motor_driver.pc'
[24.245s] Level 1:colcon.colcon_core.environment:checking '/home/ubuntu/SlamRobot/install/dual_motor_driver/lib/python3.8/site-packages'
[24.247s] Level 1:colcon.colcon_core.shell:create_environment_hook('dual_motor_driver', 'pythonpath')
[24.250s] INFO:colcon.colcon_core.shell:Creating environment hook '/home/ubuntu/SlamRobot/install/dual_motor_driver/share/dual_motor_driver/hook/pythonpath.ps1'
[24.258s] INFO:colcon.colcon_core.shell:Creating environment descriptor '/home/ubuntu/SlamRobot/install/dual_motor_driver/share/dual_motor_driver/hook/pythonpath.dsv'
[24.268s] INFO:colcon.colcon_core.shell:Creating environment hook '/home/ubuntu/SlamRobot/install/dual_motor_driver/share/dual_motor_driver/hook/pythonpath.sh'
[24.277s] Level 1:colcon.colcon_core.environment:checking '/home/ubuntu/SlamRobot/install/dual_motor_driver/bin'
[24.278s] Level 1:colcon.colcon_core.environment:create_environment_scripts_only(dual_motor_driver)
[24.284s] INFO:colcon.colcon_core.shell:Creating package script '/home/ubuntu/SlamRobot/install/dual_motor_driver/share/dual_motor_driver/package.ps1'
[24.296s] INFO:colcon.colcon_core.shell:Creating package descriptor '/home/ubuntu/SlamRobot/install/dual_motor_driver/share/dual_motor_driver/package.dsv'
[24.303s] INFO:colcon.colcon_core.shell:Creating package script '/home/ubuntu/SlamRobot/install/dual_motor_driver/share/dual_motor_driver/package.sh'
[24.312s] INFO:colcon.colcon_core.shell:Creating package script '/home/ubuntu/SlamRobot/install/dual_motor_driver/share/dual_motor_driver/package.bash'
[24.319s] INFO:colcon.colcon_core.shell:Creating package script '/home/ubuntu/SlamRobot/install/dual_motor_driver/share/dual_motor_driver/package.zsh'
[24.325s] Level 1:colcon.colcon_core.environment:create_file_with_runtime_dependencies(/home/ubuntu/SlamRobot/install/dual_motor_driver/share/colcon-core/packages/dual_motor_driver)
[24.338s] Level 1:colcon.colcon_core.environment:checking '/home/ubuntu/SlamRobot/install/sensor_spawn' for CMake module files
[24.347s] DEBUG:colcon.colcon_core.event_handler.log_command:Invoked command in '/home/ubuntu/SlamRobot/src/sensor_spawn' returned '0': PYTHONPATH=/home/ubuntu/SlamRobot/build/sensor_spawn/prefix_override:/usr/lib/python3/dist-packages/colcon_core/task/python/colcon_distutils_commands:/home/ubuntu/SlamRobot/install/sensor_spawn/lib/python3.8/site-packages:${PYTHONPATH} /usr/bin/python3 -W ignore:setup.py install is deprecated -W ignore:easy_install command is deprecated setup.py egg_info --egg-base ../../build/sensor_spawn build --build-base /home/ubuntu/SlamRobot/build/sensor_spawn/build install --record /home/ubuntu/SlamRobot/build/sensor_spawn/install.log --install-scripts $base/lib/sensor_spawn --single-version-externally-managed install_data
[24.350s] Level 1:colcon.colcon_core.environment:checking '/home/ubuntu/SlamRobot/install/sensor_spawn' for CMake config files
[24.358s] Level 1:colcon.colcon_core.environment:checking '/home/ubuntu/SlamRobot/install/sensor_spawn/lib'
[24.359s] Level 1:colcon.colcon_core.environment:checking '/home/ubuntu/SlamRobot/install/sensor_spawn/bin'
[24.360s] Level 1:colcon.colcon_core.environment:checking '/home/ubuntu/SlamRobot/install/sensor_spawn/lib/pkgconfig/sensor_spawn.pc'
[24.363s] Level 1:colcon.colcon_core.environment:checking '/home/ubuntu/SlamRobot/install/sensor_spawn/lib/python3.8/site-packages'
[24.364s] Level 1:colcon.colcon_core.shell:create_environment_hook('sensor_spawn', 'pythonpath')
[24.367s] INFO:colcon.colcon_core.shell:Creating environment hook '/home/ubuntu/SlamRobot/install/sensor_spawn/share/sensor_spawn/hook/pythonpath.ps1'
[24.372s] INFO:colcon.colcon_core.shell:Creating environment descriptor '/home/ubuntu/SlamRobot/install/sensor_spawn/share/sensor_spawn/hook/pythonpath.dsv'
[24.378s] INFO:colcon.colcon_core.shell:Creating environment hook '/home/ubuntu/SlamRobot/install/sensor_spawn/share/sensor_spawn/hook/pythonpath.sh'
[24.408s] Level 1:colcon.colcon_core.environment:checking '/home/ubuntu/SlamRobot/install/sensor_spawn/bin'
[24.409s] Level 1:colcon.colcon_core.environment:create_environment_scripts_only(sensor_spawn)
[24.413s] INFO:colcon.colcon_core.shell:Creating package script '/home/ubuntu/SlamRobot/install/sensor_spawn/share/sensor_spawn/package.ps1'
[24.419s] INFO:colcon.colcon_core.shell:Creating package descriptor '/home/ubuntu/SlamRobot/install/sensor_spawn/share/sensor_spawn/package.dsv'
[24.426s] INFO:colcon.colcon_core.shell:Creating package script '/home/ubuntu/SlamRobot/install/sensor_spawn/share/sensor_spawn/package.sh'
[24.432s] INFO:colcon.colcon_core.shell:Creating package script '/home/ubuntu/SlamRobot/install/sensor_spawn/share/sensor_spawn/package.bash'
[24.437s] INFO:colcon.colcon_core.shell:Creating package script '/home/ubuntu/SlamRobot/install/sensor_spawn/share/sensor_spawn/package.zsh'
[24.442s] Level 1:colcon.colcon_core.environment:create_file_with_runtime_dependencies(/home/ubuntu/SlamRobot/install/sensor_spawn/share/colcon-core/packages/sensor_spawn)
[24.445s] DEBUG:colcon.colcon_parallel_executor.executor.parallel:closing loop
[24.449s] DEBUG:colcon.colcon_parallel_executor.executor.parallel:loop closed
[24.451s] DEBUG:colcon.colcon_parallel_executor.executor.parallel:run_until_complete finished with '0'
[24.452s] DEBUG:colcon.colcon_core.event_reactor:joining thread
[24.533s] INFO:colcon.colcon_core.plugin_system:Skipping extension 'colcon_notification.desktop_notification.terminal_notifier': Not used on non-Darwin systems
[24.534s] INFO:colcon.colcon_core.plugin_system:Skipping extension 'colcon_notification.desktop_notification.win32': Not used on non-Windows systems
[24.535s] INFO:colcon.colcon_notification.desktop_notification:Sending desktop notification using 'notify2'
[24.709s] DEBUG:colcon.colcon_core.event_reactor:joined thread
[24.712s] INFO:colcon.colcon_core.shell:Creating prefix script '/home/ubuntu/SlamRobot/install/local_setup.ps1'
[24.723s] INFO:colcon.colcon_core.shell:Creating prefix util module '/home/ubuntu/SlamRobot/install/_local_setup_util_ps1.py'
[24.742s] INFO:colcon.colcon_core.shell:Creating prefix chain script '/home/ubuntu/SlamRobot/install/setup.ps1'
[24.756s] INFO:colcon.colcon_core.shell:Creating prefix script '/home/ubuntu/SlamRobot/install/local_setup.sh'
[24.763s] INFO:colcon.colcon_core.shell:Creating prefix util module '/home/ubuntu/SlamRobot/install/_local_setup_util_sh.py'
[24.771s] INFO:colcon.colcon_core.shell:Creating prefix chain script '/home/ubuntu/SlamRobot/install/setup.sh'
[24.785s] INFO:colcon.colcon_core.shell:Creating prefix script '/home/ubuntu/SlamRobot/install/local_setup.bash'
[24.791s] INFO:colcon.colcon_core.shell:Creating prefix chain script '/home/ubuntu/SlamRobot/install/setup.bash'
[24.805s] INFO:colcon.colcon_core.shell:Creating prefix script '/home/ubuntu/SlamRobot/install/local_setup.zsh'
[24.811s] INFO:colcon.colcon_core.shell:Creating prefix chain script '/home/ubuntu/SlamRobot/install/setup.zsh'
