running egg_info
writing ../../build/lidar_control/lidar_control.egg-info/PKG-INFO
writing dependency_links to ../../build/lidar_control/lidar_control.egg-info/dependency_links.txt
writing entry points to ../../build/lidar_control/lidar_control.egg-info/entry_points.txt
writing requirements to ../../build/lidar_control/lidar_control.egg-info/requires.txt
writing top-level names to ../../build/lidar_control/lidar_control.egg-info/top_level.txt
reading manifest file '../../build/lidar_control/lidar_control.egg-info/SOURCES.txt'
writing manifest file '../../build/lidar_control/lidar_control.egg-info/SOURCES.txt'
running build
running build_py
copying lidar_control/lidar_viz.py -> /home/dyllon/Documents/SlamRobot/build/lidar_control/build/lib/lidar_control
running install
running install_lib
copying /home/dyllon/Documents/SlamRobot/build/lidar_control/build/lib/lidar_control/lidar_viz.py -> /home/dyllon/Documents/SlamRobot/install/lidar_control/lib/python3.8/site-packages/lidar_control
byte-compiling /home/dyllon/Documents/SlamRobot/install/lidar_control/lib/python3.8/site-packages/lidar_control/lidar_viz.py to lidar_viz.cpython-38.pyc
running install_data
running install_egg_info
removing '/home/dyllon/Documents/SlamRobot/install/lidar_control/lib/python3.8/site-packages/lidar_control-1.0.0-py3.8.egg-info' (and everything under it)
Copying ../../build/lidar_control/lidar_control.egg-info to /home/dyllon/Documents/SlamRobot/install/lidar_control/lib/python3.8/site-packages/lidar_control-1.0.0-py3.8.egg-info
running install_scripts
Installing lidar_viz script to /home/dyllon/Documents/SlamRobot/install/lidar_control/lib/lidar_control
writing list of installed files to '/home/dyllon/Documents/SlamRobot/build/lidar_control/install.log'
