[0.780s] DEBUG:colcon:Command line arguments: ['/usr/bin/colcon', 'build']
[0.780s] DEBUG:colcon:Parsed command line arguments: Namespace(allow_overriding=[], ament_cmake_args=None, base_paths=['.'], build_base='build', catkin_cmake_args=None, catkin_skip_building_tests=False, cmake_args=None, cmake_clean_cache=False, cmake_clean_first=False, cmake_force_configure=False, cmake_target=None, cmake_target_skip_unavailable=False, continue_on_error=False, event_handlers=None, executor='parallel', ignore_user_meta=False, install_base='install', log_base=None, log_level=None, main=<bound method BuildVerb.main of <colcon_core.verb.build.BuildVerb object at 0xffffac1b4ee0>>, merge_install=False, metas=['./colcon.meta'], packages_above=None, packages_above_and_dependencies=None, packages_above_depth=None, packages_end=None, packages_ignore=None, packages_ignore_regex=None, packages_select=None, packages_select_build_failed=False, packages_select_by_dep=None, packages_select_regex=None, packages_select_test_failures=False, packages_skip=None, packages_skip_build_finished=False, packages_skip_by_dep=None, packages_skip_regex=None, packages_skip_test_passed=False, packages_skip_up_to=None, packages_start=None, packages_up_to=None, packages_up_to_regex=None, parallel_workers=4, paths=None, symlink_install=False, test_result_base=None, verb_extension=<colcon_core.verb.build.BuildVerb object at 0xffffac1b4ee0>, verb_name='build', verb_parser=<colcon_defaults.argument_parser.defaults.DefaultArgumentsDecorator object at 0xffffac0ad130>)
[1.437s] Level 1:colcon.colcon_core.package_discovery:discover_packages(colcon_meta) check parameters
[1.437s] Level 1:colcon.colcon_core.package_discovery:discover_packages(recursive) check parameters
[1.437s] Level 1:colcon.colcon_core.package_discovery:discover_packages(ignore) check parameters
[1.438s] Level 1:colcon.colcon_core.package_discovery:discover_packages(path) check parameters
[1.438s] Level 1:colcon.colcon_core.package_discovery:discover_packages(colcon_meta) discover
[1.438s] Level 1:colcon.colcon_core.package_discovery:discover_packages(recursive) discover
[1.438s] INFO:colcon.colcon_core.package_discovery:Crawling recursively for packages in '/home/ubuntu/SlamRobot'
[1.439s] Level 1:colcon.colcon_core.package_identification:_identify(.) by extensions ['ignore', 'ignore_ament_install']
[1.439s] Level 1:colcon.colcon_core.package_identification:_identify(.) by extension 'ignore'
[1.439s] Level 1:colcon.colcon_core.package_identification:_identify(.) by extension 'ignore_ament_install'
[1.439s] Level 1:colcon.colcon_core.package_identification:_identify(.) by extensions ['colcon_pkg']
[1.439s] Level 1:colcon.colcon_core.package_identification:_identify(.) by extension 'colcon_pkg'
[1.440s] Level 1:colcon.colcon_core.package_identification:_identify(.) by extensions ['colcon_meta']
[1.440s] Level 1:colcon.colcon_core.package_identification:_identify(.) by extension 'colcon_meta'
[1.440s] Level 1:colcon.colcon_core.package_identification:_identify(.) by extensions ['ros']
[1.440s] Level 1:colcon.colcon_core.package_identification:_identify(.) by extension 'ros'
[1.486s] Level 1:colcon.colcon_core.package_identification:_identify(.) by extensions ['cmake', 'python']
[1.487s] Level 1:colcon.colcon_core.package_identification:_identify(.) by extension 'cmake'
[1.487s] Level 1:colcon.colcon_core.package_identification:_identify(.) by extension 'python'
[1.487s] Level 1:colcon.colcon_core.package_identification:_identify(.) by extensions ['python_setup_py']
[1.487s] Level 1:colcon.colcon_core.package_identification:_identify(.) by extension 'python_setup_py'
[1.488s] Level 1:colcon.colcon_core.package_identification:_identify(build) by extensions ['ignore', 'ignore_ament_install']
[1.488s] Level 1:colcon.colcon_core.package_identification:_identify(build) by extension 'ignore'
[1.488s] Level 1:colcon.colcon_core.package_identification:_identify(build) ignored
[1.489s] Level 1:colcon.colcon_core.package_identification:_identify(install) by extensions ['ignore', 'ignore_ament_install']
[1.489s] Level 1:colcon.colcon_core.package_identification:_identify(install) by extension 'ignore'
[1.489s] Level 1:colcon.colcon_core.package_identification:_identify(install) ignored
[1.490s] Level 1:colcon.colcon_core.package_identification:_identify(log) by extensions ['ignore', 'ignore_ament_install']
[1.490s] Level 1:colcon.colcon_core.package_identification:_identify(log) by extension 'ignore'
[1.490s] Level 1:colcon.colcon_core.package_identification:_identify(log) ignored
[1.491s] Level 1:colcon.colcon_core.package_identification:_identify(src) by extensions ['ignore', 'ignore_ament_install']
[1.491s] Level 1:colcon.colcon_core.package_identification:_identify(src) by extension 'ignore'
[1.491s] Level 1:colcon.colcon_core.package_identification:_identify(src) by extension 'ignore_ament_install'
[1.491s] Level 1:colcon.colcon_core.package_identification:_identify(src) by extensions ['colcon_pkg']
[1.491s] Level 1:colcon.colcon_core.package_identification:_identify(src) by extension 'colcon_pkg'
[1.492s] Level 1:colcon.colcon_core.package_identification:_identify(src) by extensions ['colcon_meta']
[1.492s] Level 1:colcon.colcon_core.package_identification:_identify(src) by extension 'colcon_meta'
[1.492s] Level 1:colcon.colcon_core.package_identification:_identify(src) by extensions ['ros']
[1.492s] Level 1:colcon.colcon_core.package_identification:_identify(src) by extension 'ros'
[1.492s] Level 1:colcon.colcon_core.package_identification:_identify(src) by extensions ['cmake', 'python']
[1.492s] Level 1:colcon.colcon_core.package_identification:_identify(src) by extension 'cmake'
[1.492s] Level 1:colcon.colcon_core.package_identification:_identify(src) by extension 'python'
[1.493s] Level 1:colcon.colcon_core.package_identification:_identify(src) by extensions ['python_setup_py']
[1.493s] Level 1:colcon.colcon_core.package_identification:_identify(src) by extension 'python_setup_py'
[1.493s] Level 1:colcon.colcon_core.package_identification:_identify(src/dual_motor_driver) by extensions ['ignore', 'ignore_ament_install']
[1.493s] Level 1:colcon.colcon_core.package_identification:_identify(src/dual_motor_driver) by extension 'ignore'
[1.494s] Level 1:colcon.colcon_core.package_identification:_identify(src/dual_motor_driver) by extension 'ignore_ament_install'
[1.494s] Level 1:colcon.colcon_core.package_identification:_identify(src/dual_motor_driver) by extensions ['colcon_pkg']
[1.494s] Level 1:colcon.colcon_core.package_identification:_identify(src/dual_motor_driver) by extension 'colcon_pkg'
[1.494s] Level 1:colcon.colcon_core.package_identification:_identify(src/dual_motor_driver) by extensions ['colcon_meta']
[1.494s] Level 1:colcon.colcon_core.package_identification:_identify(src/dual_motor_driver) by extension 'colcon_meta'
[1.494s] Level 1:colcon.colcon_core.package_identification:_identify(src/dual_motor_driver) by extensions ['ros']
[1.495s] Level 1:colcon.colcon_core.package_identification:_identify(src/dual_motor_driver) by extension 'ros'
[1.503s] DEBUG:colcon.colcon_core.package_identification:Package 'src/dual_motor_driver' with type 'ros.ament_python' and name 'dual_motor_driver'
[1.504s] Level 1:colcon.colcon_core.package_identification:_identify(src/lidar_control) by extensions ['ignore', 'ignore_ament_install']
[1.504s] Level 1:colcon.colcon_core.package_identification:_identify(src/lidar_control) by extension 'ignore'
[1.504s] Level 1:colcon.colcon_core.package_identification:_identify(src/lidar_control) by extension 'ignore_ament_install'
[1.505s] Level 1:colcon.colcon_core.package_identification:_identify(src/lidar_control) by extensions ['colcon_pkg']
[1.505s] Level 1:colcon.colcon_core.package_identification:_identify(src/lidar_control) by extension 'colcon_pkg'
[1.505s] Level 1:colcon.colcon_core.package_identification:_identify(src/lidar_control) by extensions ['colcon_meta']
[1.505s] Level 1:colcon.colcon_core.package_identification:_identify(src/lidar_control) by extension 'colcon_meta'
[1.505s] Level 1:colcon.colcon_core.package_identification:_identify(src/lidar_control) by extensions ['ros']
[1.505s] Level 1:colcon.colcon_core.package_identification:_identify(src/lidar_control) by extension 'ros'
[1.508s] DEBUG:colcon.colcon_core.package_identification:Package 'src/lidar_control' with type 'ros.ament_python' and name 'lidar_control'
[1.508s] Level 1:colcon.colcon_core.package_identification:_identify(src/sensor_spawn) by extensions ['ignore', 'ignore_ament_install']
[1.509s] Level 1:colcon.colcon_core.package_identification:_identify(src/sensor_spawn) by extension 'ignore'
[1.509s] Level 1:colcon.colcon_core.package_identification:_identify(src/sensor_spawn) by extension 'ignore_ament_install'
[1.509s] Level 1:colcon.colcon_core.package_identification:_identify(src/sensor_spawn) by extensions ['colcon_pkg']
[1.509s] Level 1:colcon.colcon_core.package_identification:_identify(src/sensor_spawn) by extension 'colcon_pkg'
[1.509s] Level 1:colcon.colcon_core.package_identification:_identify(src/sensor_spawn) by extensions ['colcon_meta']
[1.509s] Level 1:colcon.colcon_core.package_identification:_identify(src/sensor_spawn) by extension 'colcon_meta'
[1.510s] Level 1:colcon.colcon_core.package_identification:_identify(src/sensor_spawn) by extensions ['ros']
[1.510s] Level 1:colcon.colcon_core.package_identification:_identify(src/sensor_spawn) by extension 'ros'
[1.513s] DEBUG:colcon.colcon_core.package_identification:Package 'src/sensor_spawn' with type 'ros.ament_python' and name 'sensor_spawn'
[1.513s] Level 1:colcon.colcon_core.package_discovery:discover_packages(recursive) using defaults
[1.513s] Level 1:colcon.colcon_core.package_discovery:discover_packages(ignore) discover
[1.514s] Level 1:colcon.colcon_core.package_discovery:discover_packages(ignore) using defaults
[1.514s] Level 1:colcon.colcon_core.package_discovery:discover_packages(path) discover
[1.514s] Level 1:colcon.colcon_core.package_discovery:discover_packages(path) using defaults
[1.575s] Level 1:colcon.colcon_core.package_discovery:discover_packages(prefix_path) check parameters
[1.575s] Level 1:colcon.colcon_core.package_discovery:discover_packages(prefix_path) discover
[1.583s] DEBUG:colcon.colcon_installed_package_information.package_discovery:Found 3 installed packages in /home/ubuntu/SlamRobot/install
[1.592s] DEBUG:colcon.colcon_installed_package_information.package_discovery:Found 267 installed packages in /opt/ros/foxy
[1.600s] Level 1:colcon.colcon_core.package_discovery:discover_packages(prefix_path) using defaults
[1.999s] Level 5:colcon.colcon_core.verb:set package 'dual_motor_driver' build argument 'cmake_args' from command line to 'None'
[1.999s] Level 5:colcon.colcon_core.verb:set package 'dual_motor_driver' build argument 'cmake_target' from command line to 'None'
[1.999s] Level 5:colcon.colcon_core.verb:set package 'dual_motor_driver' build argument 'cmake_target_skip_unavailable' from command line to 'False'
[1.999s] Level 5:colcon.colcon_core.verb:set package 'dual_motor_driver' build argument 'cmake_clean_cache' from command line to 'False'
[1.999s] Level 5:colcon.colcon_core.verb:set package 'dual_motor_driver' build argument 'cmake_clean_first' from command line to 'False'
[1.999s] Level 5:colcon.colcon_core.verb:set package 'dual_motor_driver' build argument 'cmake_force_configure' from command line to 'False'
[1.999s] Level 5:colcon.colcon_core.verb:set package 'dual_motor_driver' build argument 'ament_cmake_args' from command line to 'None'
[1.999s] Level 5:colcon.colcon_core.verb:set package 'dual_motor_driver' build argument 'catkin_cmake_args' from command line to 'None'
[2.000s] Level 5:colcon.colcon_core.verb:set package 'dual_motor_driver' build argument 'catkin_skip_building_tests' from command line to 'False'
[2.000s] DEBUG:colcon.colcon_core.verb:Building package 'dual_motor_driver' with the following arguments: {'ament_cmake_args': None, 'build_base': '/home/ubuntu/SlamRobot/build/dual_motor_driver', 'catkin_cmake_args': None, 'catkin_skip_building_tests': False, 'cmake_args': None, 'cmake_clean_cache': False, 'cmake_clean_first': False, 'cmake_force_configure': False, 'cmake_target': None, 'cmake_target_skip_unavailable': False, 'install_base': '/home/ubuntu/SlamRobot/install/dual_motor_driver', 'merge_install': False, 'path': '/home/ubuntu/SlamRobot/src/dual_motor_driver', 'symlink_install': False, 'test_result_base': None}
[2.001s] Level 5:colcon.colcon_core.verb:set package 'lidar_control' build argument 'cmake_args' from command line to 'None'
[2.001s] Level 5:colcon.colcon_core.verb:set package 'lidar_control' build argument 'cmake_target' from command line to 'None'
[2.002s] Level 5:colcon.colcon_core.verb:set package 'lidar_control' build argument 'cmake_target_skip_unavailable' from command line to 'False'
[2.002s] Level 5:colcon.colcon_core.verb:set package 'lidar_control' build argument 'cmake_clean_cache' from command line to 'False'
[2.002s] Level 5:colcon.colcon_core.verb:set package 'lidar_control' build argument 'cmake_clean_first' from command line to 'False'
[2.002s] Level 5:colcon.colcon_core.verb:set package 'lidar_control' build argument 'cmake_force_configure' from command line to 'False'
[2.002s] Level 5:colcon.colcon_core.verb:set package 'lidar_control' build argument 'ament_cmake_args' from command line to 'None'
[2.002s] Level 5:colcon.colcon_core.verb:set package 'lidar_control' build argument 'catkin_cmake_args' from command line to 'None'
[2.002s] Level 5:colcon.colcon_core.verb:set package 'lidar_control' build argument 'catkin_skip_building_tests' from command line to 'False'
[2.002s] DEBUG:colcon.colcon_core.verb:Building package 'lidar_control' with the following arguments: {'ament_cmake_args': None, 'build_base': '/home/ubuntu/SlamRobot/build/lidar_control', 'catkin_cmake_args': None, 'catkin_skip_building_tests': False, 'cmake_args': None, 'cmake_clean_cache': False, 'cmake_clean_first': False, 'cmake_force_configure': False, 'cmake_target': None, 'cmake_target_skip_unavailable': False, 'install_base': '/home/ubuntu/SlamRobot/install/lidar_control', 'merge_install': False, 'path': '/home/ubuntu/SlamRobot/src/lidar_control', 'symlink_install': False, 'test_result_base': None}
[2.004s] Level 5:colcon.colcon_core.verb:set package 'sensor_spawn' build argument 'cmake_args' from command line to 'None'
[2.004s] Level 5:colcon.colcon_core.verb:set package 'sensor_spawn' build argument 'cmake_target' from command line to 'None'
[2.004s] Level 5:colcon.colcon_core.verb:set package 'sensor_spawn' build argument 'cmake_target_skip_unavailable' from command line to 'False'
[2.004s] Level 5:colcon.colcon_core.verb:set package 'sensor_spawn' build argument 'cmake_clean_cache' from command line to 'False'
[2.004s] Level 5:colcon.colcon_core.verb:set package 'sensor_spawn' build argument 'cmake_clean_first' from command line to 'False'
[2.004s] Level 5:colcon.colcon_core.verb:set package 'sensor_spawn' build argument 'cmake_force_configure' from command line to 'False'
[2.004s] Level 5:colcon.colcon_core.verb:set package 'sensor_spawn' build argument 'ament_cmake_args' from command line to 'None'
[2.004s] Level 5:colcon.colcon_core.verb:set package 'sensor_spawn' build argument 'catkin_cmake_args' from command line to 'None'
[2.004s] Level 5:colcon.colcon_core.verb:set package 'sensor_spawn' build argument 'catkin_skip_building_tests' from command line to 'False'
[2.005s] DEBUG:colcon.colcon_core.verb:Building package 'sensor_spawn' with the following arguments: {'ament_cmake_args': None, 'build_base': '/home/ubuntu/SlamRobot/build/sensor_spawn', 'catkin_cmake_args': None, 'catkin_skip_building_tests': False, 'cmake_args': None, 'cmake_clean_cache': False, 'cmake_clean_first': False, 'cmake_force_configure': False, 'cmake_target': None, 'cmake_target_skip_unavailable': False, 'install_base': '/home/ubuntu/SlamRobot/install/sensor_spawn', 'merge_install': False, 'path': '/home/ubuntu/SlamRobot/src/sensor_spawn', 'symlink_install': False, 'test_result_base': None}
[2.005s] INFO:colcon.colcon_core.executor:Executing jobs using 'parallel' executor
[2.008s] DEBUG:colcon.colcon_parallel_executor.executor.parallel:run_until_complete
[2.010s] INFO:colcon.colcon_ros.task.ament_python.build:Building ROS package in '/home/ubuntu/SlamRobot/src/dual_motor_driver' with build type 'ament_python'
[2.011s] Level 1:colcon.colcon_core.shell:create_environment_hook('dual_motor_driver', 'ament_prefix_path')
[2.018s] INFO:colcon.colcon_core.plugin_system:Skipping extension 'colcon_core.shell.bat': Not used on non-Windows systems
[2.019s] INFO:colcon.colcon_core.shell:Creating environment hook '/home/ubuntu/SlamRobot/install/dual_motor_driver/share/dual_motor_driver/hook/ament_prefix_path.ps1'
[2.023s] INFO:colcon.colcon_core.shell:Creating environment descriptor '/home/ubuntu/SlamRobot/install/dual_motor_driver/share/dual_motor_driver/hook/ament_prefix_path.dsv'
[2.026s] INFO:colcon.colcon_core.shell:Creating environment hook '/home/ubuntu/SlamRobot/install/dual_motor_driver/share/dual_motor_driver/hook/ament_prefix_path.sh'
[2.031s] INFO:colcon.colcon_core.shell:Skip shell extension 'powershell' for command environment: Not usable outside of PowerShell
[2.031s] DEBUG:colcon.colcon_core.shell:Skip shell extension 'dsv' for command environment
[2.063s] INFO:colcon.colcon_ros.task.ament_python.build:Building ROS package in '/home/ubuntu/SlamRobot/src/lidar_control' with build type 'ament_python'
[2.065s] Level 1:colcon.colcon_core.shell:create_environment_hook('lidar_control', 'ament_prefix_path')
[2.067s] INFO:colcon.colcon_core.shell:Creating environment hook '/home/ubuntu/SlamRobot/install/lidar_control/share/lidar_control/hook/ament_prefix_path.ps1'
[2.070s] INFO:colcon.colcon_core.shell:Creating environment descriptor '/home/ubuntu/SlamRobot/install/lidar_control/share/lidar_control/hook/ament_prefix_path.dsv'
[2.072s] INFO:colcon.colcon_core.shell:Creating environment hook '/home/ubuntu/SlamRobot/install/lidar_control/share/lidar_control/hook/ament_prefix_path.sh'
[2.077s] INFO:colcon.colcon_core.shell:Skip shell extension 'powershell' for command environment: Not usable outside of PowerShell
[2.078s] DEBUG:colcon.colcon_core.shell:Skip shell extension 'dsv' for command environment
[2.105s] INFO:colcon.colcon_ros.task.ament_python.build:Building ROS package in '/home/ubuntu/SlamRobot/src/sensor_spawn' with build type 'ament_python'
[2.106s] Level 1:colcon.colcon_core.shell:create_environment_hook('sensor_spawn', 'ament_prefix_path')
[2.108s] INFO:colcon.colcon_core.shell:Creating environment hook '/home/ubuntu/SlamRobot/install/sensor_spawn/share/sensor_spawn/hook/ament_prefix_path.ps1'
[2.116s] INFO:colcon.colcon_core.shell:Creating environment descriptor '/home/ubuntu/SlamRobot/install/sensor_spawn/share/sensor_spawn/hook/ament_prefix_path.dsv'
[2.125s] INFO:colcon.colcon_core.shell:Creating environment hook '/home/ubuntu/SlamRobot/install/sensor_spawn/share/sensor_spawn/hook/ament_prefix_path.sh'
[2.130s] INFO:colcon.colcon_core.shell:Skip shell extension 'powershell' for command environment: Not usable outside of PowerShell
[2.130s] DEBUG:colcon.colcon_core.shell:Skip shell extension 'dsv' for command environment
[3.130s] INFO:colcon.colcon_core.task.python.build:Building Python package in '/home/ubuntu/SlamRobot/src/dual_motor_driver'
[3.132s] INFO:colcon.colcon_core.shell:Skip shell extension 'powershell' for command environment: Not usable outside of PowerShell
[3.132s] DEBUG:colcon.colcon_core.shell:Skip shell extension 'dsv' for command environment
[4.123s] INFO:colcon.colcon_core.task.python.build:Building Python package in '/home/ubuntu/SlamRobot/src/lidar_control'
[4.125s] INFO:colcon.colcon_core.shell:Skip shell extension 'powershell' for command environment: Not usable outside of PowerShell
[4.125s] DEBUG:colcon.colcon_core.shell:Skip shell extension 'dsv' for command environment
[5.108s] INFO:colcon.colcon_core.task.python.build:Building Python package in '/home/ubuntu/SlamRobot/src/sensor_spawn'
[5.110s] INFO:colcon.colcon_core.shell:Skip shell extension 'powershell' for command environment: Not usable outside of PowerShell
[5.110s] DEBUG:colcon.colcon_core.shell:Skip shell extension 'dsv' for command environment
[7.473s] DEBUG:colcon.colcon_core.event_handler.log_command:Invoking command in '/home/ubuntu/SlamRobot/src/dual_motor_driver': PYTHONPATH=/home/ubuntu/SlamRobot/build/dual_motor_driver/prefix_override:/usr/lib/python3/dist-packages/colcon_core/task/python/colcon_distutils_commands:/home/ubuntu/SlamRobot/install/dual_motor_driver/lib/python3.8/site-packages:${PYTHONPATH} /usr/bin/python3 -W ignore:setup.py install is deprecated -W ignore:easy_install command is deprecated setup.py egg_info --egg-base ../../build/dual_motor_driver build --build-base /home/ubuntu/SlamRobot/build/dual_motor_driver/build install --record /home/ubuntu/SlamRobot/build/dual_motor_driver/install.log --install-scripts $base/lib/dual_motor_driver --single-version-externally-managed install_data
[7.534s] DEBUG:colcon.colcon_core.event_handler.log_command:Invoking command in '/home/ubuntu/SlamRobot/src/lidar_control': PYTHONPATH=/home/ubuntu/SlamRobot/build/lidar_control/prefix_override:/usr/lib/python3/dist-packages/colcon_core/task/python/colcon_distutils_commands:/home/ubuntu/SlamRobot/install/lidar_control/lib/python3.8/site-packages:${PYTHONPATH} /usr/bin/python3 -W ignore:setup.py install is deprecated -W ignore:easy_install command is deprecated setup.py egg_info --egg-base ../../build/lidar_control build --build-base /home/ubuntu/SlamRobot/build/lidar_control/build install --record /home/ubuntu/SlamRobot/build/lidar_control/install.log --install-scripts $base/lib/lidar_control --single-version-externally-managed install_data
[7.562s] DEBUG:colcon.colcon_core.event_handler.log_command:Invoking command in '/home/ubuntu/SlamRobot/src/sensor_spawn': PYTHONPATH=/home/ubuntu/SlamRobot/build/sensor_spawn/prefix_override:/usr/lib/python3/dist-packages/colcon_core/task/python/colcon_distutils_commands:/home/ubuntu/SlamRobot/install/sensor_spawn/lib/python3.8/site-packages:${PYTHONPATH} /usr/bin/python3 -W ignore:setup.py install is deprecated -W ignore:easy_install command is deprecated setup.py egg_info --egg-base ../../build/sensor_spawn build --build-base /home/ubuntu/SlamRobot/build/sensor_spawn/build install --record /home/ubuntu/SlamRobot/build/sensor_spawn/install.log --install-scripts $base/lib/sensor_spawn --single-version-externally-managed install_data
[9.248s] DEBUG:colcon.colcon_core.event_handler.log_command:Invoked command in '/home/ubuntu/SlamRobot/src/dual_motor_driver' returned '0': PYTHONPATH=/home/ubuntu/SlamRobot/build/dual_motor_driver/prefix_override:/usr/lib/python3/dist-packages/colcon_core/task/python/colcon_distutils_commands:/home/ubuntu/SlamRobot/install/dual_motor_driver/lib/python3.8/site-packages:${PYTHONPATH} /usr/bin/python3 -W ignore:setup.py install is deprecated -W ignore:easy_install command is deprecated setup.py egg_info --egg-base ../../build/dual_motor_driver build --build-base /home/ubuntu/SlamRobot/build/dual_motor_driver/build install --record /home/ubuntu/SlamRobot/build/dual_motor_driver/install.log --install-scripts $base/lib/dual_motor_driver --single-version-externally-managed install_data
[9.278s] Level 1:colcon.colcon_core.environment:checking '/home/ubuntu/SlamRobot/install/dual_motor_driver' for CMake module files
[9.286s] Level 1:colcon.colcon_core.environment:checking '/home/ubuntu/SlamRobot/install/dual_motor_driver' for CMake config files
[9.297s] Level 1:colcon.colcon_core.environment:checking '/home/ubuntu/SlamRobot/install/dual_motor_driver/lib'
[9.299s] Level 1:colcon.colcon_core.environment:checking '/home/ubuntu/SlamRobot/install/dual_motor_driver/bin'
[9.300s] Level 1:colcon.colcon_core.environment:checking '/home/ubuntu/SlamRobot/install/dual_motor_driver/lib/pkgconfig/dual_motor_driver.pc'
[9.303s] Level 1:colcon.colcon_core.environment:checking '/home/ubuntu/SlamRobot/install/dual_motor_driver/lib/python3.8/site-packages'
[9.303s] Level 1:colcon.colcon_core.shell:create_environment_hook('dual_motor_driver', 'pythonpath')
[9.306s] INFO:colcon.colcon_core.shell:Creating environment hook '/home/ubuntu/SlamRobot/install/dual_motor_driver/share/dual_motor_driver/hook/pythonpath.ps1'
[9.311s] INFO:colcon.colcon_core.shell:Creating environment descriptor '/home/ubuntu/SlamRobot/install/dual_motor_driver/share/dual_motor_driver/hook/pythonpath.dsv'
[9.314s] INFO:colcon.colcon_core.shell:Creating environment hook '/home/ubuntu/SlamRobot/install/dual_motor_driver/share/dual_motor_driver/hook/pythonpath.sh'
[9.319s] Level 1:colcon.colcon_core.environment:checking '/home/ubuntu/SlamRobot/install/dual_motor_driver/bin'
[9.320s] Level 1:colcon.colcon_core.environment:create_environment_scripts_only(dual_motor_driver)
[9.321s] INFO:colcon.colcon_core.shell:Creating package script '/home/ubuntu/SlamRobot/install/dual_motor_driver/share/dual_motor_driver/package.ps1'
[9.326s] INFO:colcon.colcon_core.shell:Creating package descriptor '/home/ubuntu/SlamRobot/install/dual_motor_driver/share/dual_motor_driver/package.dsv'
[9.330s] INFO:colcon.colcon_core.shell:Creating package script '/home/ubuntu/SlamRobot/install/dual_motor_driver/share/dual_motor_driver/package.sh'
[9.336s] INFO:colcon.colcon_core.shell:Creating package script '/home/ubuntu/SlamRobot/install/dual_motor_driver/share/dual_motor_driver/package.bash'
[9.342s] INFO:colcon.colcon_core.shell:Creating package script '/home/ubuntu/SlamRobot/install/dual_motor_driver/share/dual_motor_driver/package.zsh'
[9.351s] Level 1:colcon.colcon_core.environment:create_file_with_runtime_dependencies(/home/ubuntu/SlamRobot/install/dual_motor_driver/share/colcon-core/packages/dual_motor_driver)
[9.359s] Level 1:colcon.colcon_core.environment:checking '/home/ubuntu/SlamRobot/install/lidar_control' for CMake module files
[9.361s] DEBUG:colcon.colcon_core.event_handler.log_command:Invoked command in '/home/ubuntu/SlamRobot/src/lidar_control' returned '0': PYTHONPATH=/home/ubuntu/SlamRobot/build/lidar_control/prefix_override:/usr/lib/python3/dist-packages/colcon_core/task/python/colcon_distutils_commands:/home/ubuntu/SlamRobot/install/lidar_control/lib/python3.8/site-packages:${PYTHONPATH} /usr/bin/python3 -W ignore:setup.py install is deprecated -W ignore:easy_install command is deprecated setup.py egg_info --egg-base ../../build/lidar_control build --build-base /home/ubuntu/SlamRobot/build/lidar_control/build install --record /home/ubuntu/SlamRobot/build/lidar_control/install.log --install-scripts $base/lib/lidar_control --single-version-externally-managed install_data
[9.363s] Level 1:colcon.colcon_core.environment:checking '/home/ubuntu/SlamRobot/install/lidar_control' for CMake config files
[9.365s] Level 1:colcon.colcon_core.environment:checking '/home/ubuntu/SlamRobot/install/lidar_control/lib'
[9.366s] Level 1:colcon.colcon_core.environment:checking '/home/ubuntu/SlamRobot/install/lidar_control/bin'
[9.367s] Level 1:colcon.colcon_core.environment:checking '/home/ubuntu/SlamRobot/install/lidar_control/lib/pkgconfig/lidar_control.pc'
[9.368s] Level 1:colcon.colcon_core.environment:checking '/home/ubuntu/SlamRobot/install/lidar_control/lib/python3.8/site-packages'
[9.368s] Level 1:colcon.colcon_core.shell:create_environment_hook('lidar_control', 'pythonpath')
[9.369s] INFO:colcon.colcon_core.shell:Creating environment hook '/home/ubuntu/SlamRobot/install/lidar_control/share/lidar_control/hook/pythonpath.ps1'
[9.372s] INFO:colcon.colcon_core.shell:Creating environment descriptor '/home/ubuntu/SlamRobot/install/lidar_control/share/lidar_control/hook/pythonpath.dsv'
[9.374s] INFO:colcon.colcon_core.shell:Creating environment hook '/home/ubuntu/SlamRobot/install/lidar_control/share/lidar_control/hook/pythonpath.sh'
[9.378s] Level 1:colcon.colcon_core.environment:checking '/home/ubuntu/SlamRobot/install/lidar_control/bin'
[9.378s] Level 1:colcon.colcon_core.environment:create_environment_scripts_only(lidar_control)
[9.380s] INFO:colcon.colcon_core.shell:Creating package script '/home/ubuntu/SlamRobot/install/lidar_control/share/lidar_control/package.ps1'
[9.385s] INFO:colcon.colcon_core.shell:Creating package descriptor '/home/ubuntu/SlamRobot/install/lidar_control/share/lidar_control/package.dsv'
[9.388s] INFO:colcon.colcon_core.shell:Creating package script '/home/ubuntu/SlamRobot/install/lidar_control/share/lidar_control/package.sh'
[9.391s] INFO:colcon.colcon_core.shell:Creating package script '/home/ubuntu/SlamRobot/install/lidar_control/share/lidar_control/package.bash'
[9.395s] INFO:colcon.colcon_core.shell:Creating package script '/home/ubuntu/SlamRobot/install/lidar_control/share/lidar_control/package.zsh'
[9.397s] Level 1:colcon.colcon_core.environment:create_file_with_runtime_dependencies(/home/ubuntu/SlamRobot/install/lidar_control/share/colcon-core/packages/lidar_control)
[9.402s] Level 1:colcon.colcon_core.environment:checking '/home/ubuntu/SlamRobot/install/sensor_spawn' for CMake module files
[9.406s] DEBUG:colcon.colcon_core.event_handler.log_command:Invoked command in '/home/ubuntu/SlamRobot/src/sensor_spawn' returned '0': PYTHONPATH=/home/ubuntu/SlamRobot/build/sensor_spawn/prefix_override:/usr/lib/python3/dist-packages/colcon_core/task/python/colcon_distutils_commands:/home/ubuntu/SlamRobot/install/sensor_spawn/lib/python3.8/site-packages:${PYTHONPATH} /usr/bin/python3 -W ignore:setup.py install is deprecated -W ignore:easy_install command is deprecated setup.py egg_info --egg-base ../../build/sensor_spawn build --build-base /home/ubuntu/SlamRobot/build/sensor_spawn/build install --record /home/ubuntu/SlamRobot/build/sensor_spawn/install.log --install-scripts $base/lib/sensor_spawn --single-version-externally-managed install_data
[9.407s] Level 1:colcon.colcon_core.environment:checking '/home/ubuntu/SlamRobot/install/sensor_spawn' for CMake config files
[9.412s] Level 1:colcon.colcon_core.environment:checking '/home/ubuntu/SlamRobot/install/sensor_spawn/lib'
[9.413s] Level 1:colcon.colcon_core.environment:checking '/home/ubuntu/SlamRobot/install/sensor_spawn/bin'
[9.413s] Level 1:colcon.colcon_core.environment:checking '/home/ubuntu/SlamRobot/install/sensor_spawn/lib/pkgconfig/sensor_spawn.pc'
[9.414s] Level 1:colcon.colcon_core.environment:checking '/home/ubuntu/SlamRobot/install/sensor_spawn/lib/python3.8/site-packages'
[9.414s] Level 1:colcon.colcon_core.shell:create_environment_hook('sensor_spawn', 'pythonpath')
[9.416s] INFO:colcon.colcon_core.shell:Creating environment hook '/home/ubuntu/SlamRobot/install/sensor_spawn/share/sensor_spawn/hook/pythonpath.ps1'
[9.418s] INFO:colcon.colcon_core.shell:Creating environment descriptor '/home/ubuntu/SlamRobot/install/sensor_spawn/share/sensor_spawn/hook/pythonpath.dsv'
[9.421s] INFO:colcon.colcon_core.shell:Creating environment hook '/home/ubuntu/SlamRobot/install/sensor_spawn/share/sensor_spawn/hook/pythonpath.sh'
[9.423s] Level 1:colcon.colcon_core.environment:checking '/home/ubuntu/SlamRobot/install/sensor_spawn/bin'
[9.424s] Level 1:colcon.colcon_core.environment:create_environment_scripts_only(sensor_spawn)
[9.425s] INFO:colcon.colcon_core.shell:Creating package script '/home/ubuntu/SlamRobot/install/sensor_spawn/share/sensor_spawn/package.ps1'
[9.427s] INFO:colcon.colcon_core.shell:Creating package descriptor '/home/ubuntu/SlamRobot/install/sensor_spawn/share/sensor_spawn/package.dsv'
[9.430s] INFO:colcon.colcon_core.shell:Creating package script '/home/ubuntu/SlamRobot/install/sensor_spawn/share/sensor_spawn/package.sh'
[9.432s] INFO:colcon.colcon_core.shell:Creating package script '/home/ubuntu/SlamRobot/install/sensor_spawn/share/sensor_spawn/package.bash'
[9.435s] INFO:colcon.colcon_core.shell:Creating package script '/home/ubuntu/SlamRobot/install/sensor_spawn/share/sensor_spawn/package.zsh'
[9.438s] Level 1:colcon.colcon_core.environment:create_file_with_runtime_dependencies(/home/ubuntu/SlamRobot/install/sensor_spawn/share/colcon-core/packages/sensor_spawn)
[9.440s] DEBUG:colcon.colcon_parallel_executor.executor.parallel:closing loop
[9.441s] DEBUG:colcon.colcon_parallel_executor.executor.parallel:loop closed
[9.441s] DEBUG:colcon.colcon_parallel_executor.executor.parallel:run_until_complete finished with '0'
[9.442s] DEBUG:colcon.colcon_core.event_reactor:joining thread
[9.472s] INFO:colcon.colcon_core.plugin_system:Skipping extension 'colcon_notification.desktop_notification.terminal_notifier': Not used on non-Darwin systems
[9.472s] INFO:colcon.colcon_core.plugin_system:Skipping extension 'colcon_notification.desktop_notification.win32': Not used on non-Windows systems
[9.472s] INFO:colcon.colcon_notification.desktop_notification:Sending desktop notification using 'notify2'
[9.556s] DEBUG:colcon.colcon_core.event_reactor:joined thread
[9.558s] INFO:colcon.colcon_core.shell:Creating prefix script '/home/ubuntu/SlamRobot/install/local_setup.ps1'
[9.562s] INFO:colcon.colcon_core.shell:Creating prefix util module '/home/ubuntu/SlamRobot/install/_local_setup_util_ps1.py'
[9.570s] INFO:colcon.colcon_core.shell:Creating prefix chain script '/home/ubuntu/SlamRobot/install/setup.ps1'
[9.576s] INFO:colcon.colcon_core.shell:Creating prefix script '/home/ubuntu/SlamRobot/install/local_setup.sh'
[9.579s] INFO:colcon.colcon_core.shell:Creating prefix util module '/home/ubuntu/SlamRobot/install/_local_setup_util_sh.py'
[9.582s] INFO:colcon.colcon_core.shell:Creating prefix chain script '/home/ubuntu/SlamRobot/install/setup.sh'
[9.588s] INFO:colcon.colcon_core.shell:Creating prefix script '/home/ubuntu/SlamRobot/install/local_setup.bash'
[9.591s] INFO:colcon.colcon_core.shell:Creating prefix chain script '/home/ubuntu/SlamRobot/install/setup.bash'
[9.597s] INFO:colcon.colcon_core.shell:Creating prefix script '/home/ubuntu/SlamRobot/install/local_setup.zsh'
[9.601s] INFO:colcon.colcon_core.shell:Creating prefix chain script '/home/ubuntu/SlamRobot/install/setup.zsh'
