[0.453s] Invoking command in '/home/dyllon/Documents/SlamRobot/src/lidar_control': PYTHONPATH=/home/dyllon/Documents/SlamRobot/build/lidar_control/prefix_override:/usr/lib/python3/dist-packages/colcon_core/task/python/colcon_distutils_commands:/home/dyllon/Documents/SlamRobot/install/lidar_control/lib/python3.8/site-packages:${PYTHONPATH} /usr/bin/python3 -W ignore:setup.py install is deprecated -W ignore:easy_install command is deprecated setup.py egg_info --egg-base ../../build/lidar_control build --build-base /home/dyllon/Documents/SlamRobot/build/lidar_control/build install --record /home/dyllon/Documents/SlamRobot/build/lidar_control/install.log --install-scripts $base/lib/lidar_control --single-version-externally-managed install_data
[0.587s] running egg_info
[0.588s] creating ../../build/lidar_control/lidar_control.egg-info
[0.588s] writing ../../build/lidar_control/lidar_control.egg-info/PKG-INFO
[0.588s] writing dependency_links to ../../build/lidar_control/lidar_control.egg-info/dependency_links.txt
[0.588s] writing entry points to ../../build/lidar_control/lidar_control.egg-info/entry_points.txt
[0.588s] writing requirements to ../../build/lidar_control/lidar_control.egg-info/requires.txt
[0.588s] writing top-level names to ../../build/lidar_control/lidar_control.egg-info/top_level.txt
[0.590s] writing manifest file '../../build/lidar_control/lidar_control.egg-info/SOURCES.txt'
[0.610s] reading manifest file '../../build/lidar_control/lidar_control.egg-info/SOURCES.txt'
[0.611s] writing manifest file '../../build/lidar_control/lidar_control.egg-info/SOURCES.txt'
[0.611s] running build
[0.611s] running build_py
[0.611s] creating /home/dyllon/Documents/SlamRobot/build/lidar_control/build
[0.611s] creating /home/dyllon/Documents/SlamRobot/build/lidar_control/build/lib
[0.611s] creating /home/dyllon/Documents/SlamRobot/build/lidar_control/build/lib/lidar_control
[0.611s] copying lidar_control/__init__.py -> /home/dyllon/Documents/SlamRobot/build/lidar_control/build/lib/lidar_control
[0.611s] copying lidar_control/lidar_viz.py -> /home/dyllon/Documents/SlamRobot/build/lidar_control/build/lib/lidar_control
[0.611s] running install
[0.611s] running install_lib
[0.612s] creating /home/dyllon/Documents/SlamRobot/install/lidar_control/lib/python3.8/site-packages/lidar_control
[0.612s] copying /home/dyllon/Documents/SlamRobot/build/lidar_control/build/lib/lidar_control/__init__.py -> /home/dyllon/Documents/SlamRobot/install/lidar_control/lib/python3.8/site-packages/lidar_control
[0.612s] copying /home/dyllon/Documents/SlamRobot/build/lidar_control/build/lib/lidar_control/lidar_viz.py -> /home/dyllon/Documents/SlamRobot/install/lidar_control/lib/python3.8/site-packages/lidar_control
[0.612s] byte-compiling /home/dyllon/Documents/SlamRobot/install/lidar_control/lib/python3.8/site-packages/lidar_control/__init__.py to __init__.cpython-38.pyc
[0.613s] byte-compiling /home/dyllon/Documents/SlamRobot/install/lidar_control/lib/python3.8/site-packages/lidar_control/lidar_viz.py to lidar_viz.cpython-38.pyc
[0.614s] running install_data
[0.614s] creating /home/dyllon/Documents/SlamRobot/install/lidar_control/share/ament_index
[0.614s] creating /home/dyllon/Documents/SlamRobot/install/lidar_control/share/ament_index/resource_index
[0.614s] creating /home/dyllon/Documents/SlamRobot/install/lidar_control/share/ament_index/resource_index/packages
[0.614s] copying resource/lidar_control -> /home/dyllon/Documents/SlamRobot/install/lidar_control/share/ament_index/resource_index/packages
[0.614s] copying package.xml -> /home/dyllon/Documents/SlamRobot/install/lidar_control/share/lidar_control
[0.614s] running install_egg_info
[0.615s] Copying ../../build/lidar_control/lidar_control.egg-info to /home/dyllon/Documents/SlamRobot/install/lidar_control/lib/python3.8/site-packages/lidar_control-1.0.0-py3.8.egg-info
[0.616s] running install_scripts
[0.626s] Installing lidar_viz script to /home/dyllon/Documents/SlamRobot/install/lidar_control/lib/lidar_control
[0.627s] writing list of installed files to '/home/dyllon/Documents/SlamRobot/build/lidar_control/install.log'
[0.640s] Invoked command in '/home/dyllon/Documents/SlamRobot/src/lidar_control' returned '0': PYTHONPATH=/home/dyllon/Documents/SlamRobot/build/lidar_control/prefix_override:/usr/lib/python3/dist-packages/colcon_core/task/python/colcon_distutils_commands:/home/dyllon/Documents/SlamRobot/install/lidar_control/lib/python3.8/site-packages:${PYTHONPATH} /usr/bin/python3 -W ignore:setup.py install is deprecated -W ignore:easy_install command is deprecated setup.py egg_info --egg-base ../../build/lidar_control build --build-base /home/dyllon/Documents/SlamRobot/build/lidar_control/build install --record /home/dyllon/Documents/SlamRobot/build/lidar_control/install.log --install-scripts $base/lib/lidar_control --single-version-externally-managed install_data
