[5.461s] Invoking command in '/home/ubuntu/SlamRobot/src/dual_motor_driver': PYTHONPATH=/home/ubuntu/SlamRobot/build/dual_motor_driver/prefix_override:/usr/lib/python3/dist-packages/colcon_core/task/python/colcon_distutils_commands:/home/ubuntu/SlamRobot/install/dual_motor_driver/lib/python3.8/site-packages:${PYTHONPATH} /usr/bin/python3 -W ignore:setup.py install is deprecated -W ignore:easy_install command is deprecated setup.py egg_info --egg-base ../../build/dual_motor_driver build --build-base /home/ubuntu/SlamRobot/build/dual_motor_driver/build install --record /home/ubuntu/SlamRobot/build/dual_motor_driver/install.log --install-scripts $base/lib/dual_motor_driver --single-version-externally-managed install_data
[6.739s] running egg_info
[6.743s] writing ../../build/dual_motor_driver/dual_motor_driver.egg-info/PKG-INFO
[6.747s] writing dependency_links to ../../build/dual_motor_driver/dual_motor_driver.egg-info/dependency_links.txt
[6.748s] writing entry points to ../../build/dual_motor_driver/dual_motor_driver.egg-info/entry_points.txt
[6.748s] writing requirements to ../../build/dual_motor_driver/dual_motor_driver.egg-info/requires.txt
[6.749s] writing top-level names to ../../build/dual_motor_driver/dual_motor_driver.egg-info/top_level.txt
[6.909s] reading manifest file '../../build/dual_motor_driver/dual_motor_driver.egg-info/SOURCES.txt'
[6.913s] writing manifest file '../../build/dual_motor_driver/dual_motor_driver.egg-info/SOURCES.txt'
[6.914s] running build
[6.914s] running build_py
[6.918s] running install
[6.923s] running install_lib
[6.928s] running install_data
[6.943s] running install_egg_info
[6.944s] removing '/home/ubuntu/SlamRobot/install/dual_motor_driver/lib/python3.8/site-packages/dual_motor_driver-1.0.0-py3.8.egg-info' (and everything under it)
[6.944s] Copying ../../build/dual_motor_driver/dual_motor_driver.egg-info to /home/ubuntu/SlamRobot/install/dual_motor_driver/lib/python3.8/site-packages/dual_motor_driver-1.0.0-py3.8.egg-info
[6.951s] running install_scripts
[7.042s] Installing driver_node script to /home/ubuntu/SlamRobot/install/dual_motor_driver/lib/dual_motor_driver
[7.044s] writing list of installed files to '/home/ubuntu/SlamRobot/build/dual_motor_driver/install.log'
[7.235s] Invoked command in '/home/ubuntu/SlamRobot/src/dual_motor_driver' returned '0': PYTHONPATH=/home/ubuntu/SlamRobot/build/dual_motor_driver/prefix_override:/usr/lib/python3/dist-packages/colcon_core/task/python/colcon_distutils_commands:/home/ubuntu/SlamRobot/install/dual_motor_driver/lib/python3.8/site-packages:${PYTHONPATH} /usr/bin/python3 -W ignore:setup.py install is deprecated -W ignore:easy_install command is deprecated setup.py egg_info --egg-base ../../build/dual_motor_driver build --build-base /home/ubuntu/SlamRobot/build/dual_motor_driver/build install --record /home/ubuntu/SlamRobot/build/dual_motor_driver/install.log --install-scripts $base/lib/dual_motor_driver --single-version-externally-managed install_data
