[2.331s] DEBUG:colcon:Command line arguments: ['/usr/bin/colcon', 'build']
[2.332s] DEBUG:colcon:Parsed command line arguments: Namespace(allow_overriding=[], ament_cmake_args=None, base_paths=['.'], build_base='build', catkin_cmake_args=None, catkin_skip_building_tests=False, cmake_args=None, cmake_clean_cache=False, cmake_clean_first=False, cmake_force_configure=False, cmake_target=None, cmake_target_skip_unavailable=False, continue_on_error=False, event_handlers=None, executor='parallel', ignore_user_meta=False, install_base='install', log_base=None, log_level=None, main=<bound method BuildVerb.main of <colcon_core.verb.build.BuildVerb object at 0xffffa71eddf0>>, merge_install=False, metas=['./colcon.meta'], packages_above=None, packages_above_and_dependencies=None, packages_above_depth=None, packages_end=None, packages_ignore=None, packages_ignore_regex=None, packages_select=None, packages_select_build_failed=False, packages_select_by_dep=None, packages_select_regex=None, packages_select_test_failures=False, packages_skip=None, packages_skip_build_finished=False, packages_skip_by_dep=None, packages_skip_regex=None, packages_skip_test_passed=False, packages_skip_up_to=None, packages_start=None, packages_up_to=None, packages_up_to_regex=None, parallel_workers=4, paths=None, symlink_install=False, test_result_base=None, verb_extension=<colcon_core.verb.build.BuildVerb object at 0xffffa71eddf0>, verb_name='build', verb_parser=<colcon_defaults.argument_parser.defaults.DefaultArgumentsDecorator object at 0xffffa714dfa0>)
[4.249s] Level 1:colcon.colcon_core.package_discovery:discover_packages(colcon_meta) check parameters
[4.250s] Level 1:colcon.colcon_core.package_discovery:discover_packages(recursive) check parameters
[4.250s] Level 1:colcon.colcon_core.package_discovery:discover_packages(ignore) check parameters
[4.251s] Level 1:colcon.colcon_core.package_discovery:discover_packages(path) check parameters
[4.251s] Level 1:colcon.colcon_core.package_discovery:discover_packages(colcon_meta) discover
[4.252s] Level 1:colcon.colcon_core.package_discovery:discover_packages(recursive) discover
[4.252s] INFO:colcon.colcon_core.package_discovery:Crawling recursively for packages in '/home/ubuntu/SlamRobot'
[4.253s] Level 1:colcon.colcon_core.package_identification:_identify(.) by extensions ['ignore', 'ignore_ament_install']
[4.254s] Level 1:colcon.colcon_core.package_identification:_identify(.) by extension 'ignore'
[4.255s] Level 1:colcon.colcon_core.package_identification:_identify(.) by extension 'ignore_ament_install'
[4.255s] Level 1:colcon.colcon_core.package_identification:_identify(.) by extensions ['colcon_pkg']
[4.256s] Level 1:colcon.colcon_core.package_identification:_identify(.) by extension 'colcon_pkg'
[4.256s] Level 1:colcon.colcon_core.package_identification:_identify(.) by extensions ['colcon_meta']
[4.257s] Level 1:colcon.colcon_core.package_identification:_identify(.) by extension 'colcon_meta'
[4.257s] Level 1:colcon.colcon_core.package_identification:_identify(.) by extensions ['ros']
[4.257s] Level 1:colcon.colcon_core.package_identification:_identify(.) by extension 'ros'
[4.398s] Level 1:colcon.colcon_core.package_identification:_identify(.) by extensions ['cmake', 'python']
[4.398s] Level 1:colcon.colcon_core.package_identification:_identify(.) by extension 'cmake'
[4.399s] Level 1:colcon.colcon_core.package_identification:_identify(.) by extension 'python'
[4.399s] Level 1:colcon.colcon_core.package_identification:_identify(.) by extensions ['python_setup_py']
[4.400s] Level 1:colcon.colcon_core.package_identification:_identify(.) by extension 'python_setup_py'
[4.401s] Level 1:colcon.colcon_core.package_identification:_identify(build) by extensions ['ignore', 'ignore_ament_install']
[4.402s] Level 1:colcon.colcon_core.package_identification:_identify(build) by extension 'ignore'
[4.403s] Level 1:colcon.colcon_core.package_identification:_identify(build) ignored
[4.404s] Level 1:colcon.colcon_core.package_identification:_identify(install) by extensions ['ignore', 'ignore_ament_install']
[4.405s] Level 1:colcon.colcon_core.package_identification:_identify(install) by extension 'ignore'
[4.406s] Level 1:colcon.colcon_core.package_identification:_identify(install) ignored
[4.407s] Level 1:colcon.colcon_core.package_identification:_identify(log) by extensions ['ignore', 'ignore_ament_install']
[4.408s] Level 1:colcon.colcon_core.package_identification:_identify(log) by extension 'ignore'
[4.408s] Level 1:colcon.colcon_core.package_identification:_identify(log) ignored
[4.409s] Level 1:colcon.colcon_core.package_identification:_identify(src) by extensions ['ignore', 'ignore_ament_install']
[4.410s] Level 1:colcon.colcon_core.package_identification:_identify(src) by extension 'ignore'
[4.410s] Level 1:colcon.colcon_core.package_identification:_identify(src) by extension 'ignore_ament_install'
[4.411s] Level 1:colcon.colcon_core.package_identification:_identify(src) by extensions ['colcon_pkg']
[4.411s] Level 1:colcon.colcon_core.package_identification:_identify(src) by extension 'colcon_pkg'
[4.412s] Level 1:colcon.colcon_core.package_identification:_identify(src) by extensions ['colcon_meta']
[4.412s] Level 1:colcon.colcon_core.package_identification:_identify(src) by extension 'colcon_meta'
[4.413s] Level 1:colcon.colcon_core.package_identification:_identify(src) by extensions ['ros']
[4.413s] Level 1:colcon.colcon_core.package_identification:_identify(src) by extension 'ros'
[4.414s] Level 1:colcon.colcon_core.package_identification:_identify(src) by extensions ['cmake', 'python']
[4.414s] Level 1:colcon.colcon_core.package_identification:_identify(src) by extension 'cmake'
[4.415s] Level 1:colcon.colcon_core.package_identification:_identify(src) by extension 'python'
[4.415s] Level 1:colcon.colcon_core.package_identification:_identify(src) by extensions ['python_setup_py']
[4.416s] Level 1:colcon.colcon_core.package_identification:_identify(src) by extension 'python_setup_py'
[4.417s] Level 1:colcon.colcon_core.package_identification:_identify(src/dual_motor_driver) by extensions ['ignore', 'ignore_ament_install']
[4.418s] Level 1:colcon.colcon_core.package_identification:_identify(src/dual_motor_driver) by extension 'ignore'
[4.418s] Level 1:colcon.colcon_core.package_identification:_identify(src/dual_motor_driver) by extension 'ignore_ament_install'
[4.419s] Level 1:colcon.colcon_core.package_identification:_identify(src/dual_motor_driver) by extensions ['colcon_pkg']
[4.419s] Level 1:colcon.colcon_core.package_identification:_identify(src/dual_motor_driver) by extension 'colcon_pkg'
[4.420s] Level 1:colcon.colcon_core.package_identification:_identify(src/dual_motor_driver) by extensions ['colcon_meta']
[4.420s] Level 1:colcon.colcon_core.package_identification:_identify(src/dual_motor_driver) by extension 'colcon_meta'
[4.420s] Level 1:colcon.colcon_core.package_identification:_identify(src/dual_motor_driver) by extensions ['ros']
[4.421s] Level 1:colcon.colcon_core.package_identification:_identify(src/dual_motor_driver) by extension 'ros'
[4.448s] DEBUG:colcon.colcon_core.package_identification:Package 'src/dual_motor_driver' with type 'ros.ament_python' and name 'dual_motor_driver'
[4.450s] Level 1:colcon.colcon_core.package_identification:_identify(src/lidar_control) by extensions ['ignore', 'ignore_ament_install']
[4.451s] Level 1:colcon.colcon_core.package_identification:_identify(src/lidar_control) by extension 'ignore'
[4.451s] Level 1:colcon.colcon_core.package_identification:_identify(src/lidar_control) by extension 'ignore_ament_install'
[4.452s] Level 1:colcon.colcon_core.package_identification:_identify(src/lidar_control) by extensions ['colcon_pkg']
[4.452s] Level 1:colcon.colcon_core.package_identification:_identify(src/lidar_control) by extension 'colcon_pkg'
[4.453s] Level 1:colcon.colcon_core.package_identification:_identify(src/lidar_control) by extensions ['colcon_meta']
[4.453s] Level 1:colcon.colcon_core.package_identification:_identify(src/lidar_control) by extension 'colcon_meta'
[4.454s] Level 1:colcon.colcon_core.package_identification:_identify(src/lidar_control) by extensions ['ros']
[4.454s] Level 1:colcon.colcon_core.package_identification:_identify(src/lidar_control) by extension 'ros'
[4.460s] DEBUG:colcon.colcon_core.package_identification:Package 'src/lidar_control' with type 'ros.ament_python' and name 'lidar_control'
[4.461s] Level 1:colcon.colcon_core.package_discovery:discover_packages(recursive) using defaults
[4.462s] Level 1:colcon.colcon_core.package_discovery:discover_packages(ignore) discover
[4.462s] Level 1:colcon.colcon_core.package_discovery:discover_packages(ignore) using defaults
[4.462s] Level 1:colcon.colcon_core.package_discovery:discover_packages(path) discover
[4.462s] Level 1:colcon.colcon_core.package_discovery:discover_packages(path) using defaults
[4.648s] Level 1:colcon.colcon_core.package_discovery:discover_packages(prefix_path) check parameters
[4.648s] Level 1:colcon.colcon_core.package_discovery:discover_packages(prefix_path) discover
[4.675s] DEBUG:colcon.colcon_installed_package_information.package_discovery:Found 1 installed packages in /home/ubuntu/SlamRobot/install
[4.697s] DEBUG:colcon.colcon_installed_package_information.package_discovery:Found 267 installed packages in /opt/ros/foxy
[4.716s] Level 1:colcon.colcon_core.package_discovery:discover_packages(prefix_path) using defaults
[5.815s] Level 5:colcon.colcon_core.verb:set package 'dual_motor_driver' build argument 'cmake_args' from command line to 'None'
[5.815s] Level 5:colcon.colcon_core.verb:set package 'dual_motor_driver' build argument 'cmake_target' from command line to 'None'
[5.816s] Level 5:colcon.colcon_core.verb:set package 'dual_motor_driver' build argument 'cmake_target_skip_unavailable' from command line to 'False'
[5.816s] Level 5:colcon.colcon_core.verb:set package 'dual_motor_driver' build argument 'cmake_clean_cache' from command line to 'False'
[5.816s] Level 5:colcon.colcon_core.verb:set package 'dual_motor_driver' build argument 'cmake_clean_first' from command line to 'False'
[5.817s] Level 5:colcon.colcon_core.verb:set package 'dual_motor_driver' build argument 'cmake_force_configure' from command line to 'False'
[5.817s] Level 5:colcon.colcon_core.verb:set package 'dual_motor_driver' build argument 'ament_cmake_args' from command line to 'None'
[5.817s] Level 5:colcon.colcon_core.verb:set package 'dual_motor_driver' build argument 'catkin_cmake_args' from command line to 'None'
[5.817s] Level 5:colcon.colcon_core.verb:set package 'dual_motor_driver' build argument 'catkin_skip_building_tests' from command line to 'False'
[5.818s] DEBUG:colcon.colcon_core.verb:Building package 'dual_motor_driver' with the following arguments: {'ament_cmake_args': None, 'build_base': '/home/ubuntu/SlamRobot/build/dual_motor_driver', 'catkin_cmake_args': None, 'catkin_skip_building_tests': False, 'cmake_args': None, 'cmake_clean_cache': False, 'cmake_clean_first': False, 'cmake_force_configure': False, 'cmake_target': None, 'cmake_target_skip_unavailable': False, 'install_base': '/home/ubuntu/SlamRobot/install/dual_motor_driver', 'merge_install': False, 'path': '/home/ubuntu/SlamRobot/src/dual_motor_driver', 'symlink_install': False, 'test_result_base': None}
[5.822s] Level 5:colcon.colcon_core.verb:set package 'lidar_control' build argument 'cmake_args' from command line to 'None'
[5.823s] Level 5:colcon.colcon_core.verb:set package 'lidar_control' build argument 'cmake_target' from command line to 'None'
[5.823s] Level 5:colcon.colcon_core.verb:set package 'lidar_control' build argument 'cmake_target_skip_unavailable' from command line to 'False'
[5.823s] Level 5:colcon.colcon_core.verb:set package 'lidar_control' build argument 'cmake_clean_cache' from command line to 'False'
[5.823s] Level 5:colcon.colcon_core.verb:set package 'lidar_control' build argument 'cmake_clean_first' from command line to 'False'
[5.824s] Level 5:colcon.colcon_core.verb:set package 'lidar_control' build argument 'cmake_force_configure' from command line to 'False'
[5.824s] Level 5:colcon.colcon_core.verb:set package 'lidar_control' build argument 'ament_cmake_args' from command line to 'None'
[5.824s] Level 5:colcon.colcon_core.verb:set package 'lidar_control' build argument 'catkin_cmake_args' from command line to 'None'
[5.825s] Level 5:colcon.colcon_core.verb:set package 'lidar_control' build argument 'catkin_skip_building_tests' from command line to 'False'
[5.825s] DEBUG:colcon.colcon_core.verb:Building package 'lidar_control' with the following arguments: {'ament_cmake_args': None, 'build_base': '/home/ubuntu/SlamRobot/build/lidar_control', 'catkin_cmake_args': None, 'catkin_skip_building_tests': False, 'cmake_args': None, 'cmake_clean_cache': False, 'cmake_clean_first': False, 'cmake_force_configure': False, 'cmake_target': None, 'cmake_target_skip_unavailable': False, 'install_base': '/home/ubuntu/SlamRobot/install/lidar_control', 'merge_install': False, 'path': '/home/ubuntu/SlamRobot/src/lidar_control', 'symlink_install': False, 'test_result_base': None}
[5.826s] INFO:colcon.colcon_core.executor:Executing jobs using 'parallel' executor
[5.835s] DEBUG:colcon.colcon_parallel_executor.executor.parallel:run_until_complete
[5.837s] INFO:colcon.colcon_ros.task.ament_python.build:Building ROS package in '/home/ubuntu/SlamRobot/src/dual_motor_driver' with build type 'ament_python'
[5.839s] Level 1:colcon.colcon_core.shell:create_environment_hook('dual_motor_driver', 'ament_prefix_path')
[5.878s] INFO:colcon.colcon_core.plugin_system:Skipping extension 'colcon_core.shell.bat': Not used on non-Windows systems
[5.882s] INFO:colcon.colcon_core.shell:Creating environment hook '/home/ubuntu/SlamRobot/install/dual_motor_driver/share/dual_motor_driver/hook/ament_prefix_path.ps1'
[5.893s] INFO:colcon.colcon_core.shell:Creating environment descriptor '/home/ubuntu/SlamRobot/install/dual_motor_driver/share/dual_motor_driver/hook/ament_prefix_path.dsv'
[5.900s] INFO:colcon.colcon_core.shell:Creating environment hook '/home/ubuntu/SlamRobot/install/dual_motor_driver/share/dual_motor_driver/hook/ament_prefix_path.sh'
[5.911s] INFO:colcon.colcon_core.shell:Skip shell extension 'powershell' for command environment: Not usable outside of PowerShell
[5.912s] DEBUG:colcon.colcon_core.shell:Skip shell extension 'dsv' for command environment
[5.984s] INFO:colcon.colcon_ros.task.ament_python.build:Building ROS package in '/home/ubuntu/SlamRobot/src/lidar_control' with build type 'ament_python'
[5.987s] Level 1:colcon.colcon_core.shell:create_environment_hook('lidar_control', 'ament_prefix_path')
[5.991s] INFO:colcon.colcon_core.shell:Creating environment hook '/home/ubuntu/SlamRobot/install/lidar_control/share/lidar_control/hook/ament_prefix_path.ps1'
[5.999s] INFO:colcon.colcon_core.shell:Creating environment descriptor '/home/ubuntu/SlamRobot/install/lidar_control/share/lidar_control/hook/ament_prefix_path.dsv'
[6.004s] INFO:colcon.colcon_core.shell:Creating environment hook '/home/ubuntu/SlamRobot/install/lidar_control/share/lidar_control/hook/ament_prefix_path.sh'
[6.011s] INFO:colcon.colcon_core.shell:Skip shell extension 'powershell' for command environment: Not usable outside of PowerShell
[6.012s] DEBUG:colcon.colcon_core.shell:Skip shell extension 'dsv' for command environment
[8.651s] INFO:colcon.colcon_core.task.python.build:Building Python package in '/home/ubuntu/SlamRobot/src/dual_motor_driver'
[8.655s] INFO:colcon.colcon_core.shell:Skip shell extension 'powershell' for command environment: Not usable outside of PowerShell
[8.655s] DEBUG:colcon.colcon_core.shell:Skip shell extension 'dsv' for command environment
[11.387s] INFO:colcon.colcon_core.task.python.build:Building Python package in '/home/ubuntu/SlamRobot/src/lidar_control'
[11.391s] INFO:colcon.colcon_core.shell:Skip shell extension 'powershell' for command environment: Not usable outside of PowerShell
[11.392s] DEBUG:colcon.colcon_core.shell:Skip shell extension 'dsv' for command environment
[16.487s] DEBUG:colcon.colcon_core.event_handler.log_command:Invoking command in '/home/ubuntu/SlamRobot/src/dual_motor_driver': PYTHONPATH=/home/ubuntu/SlamRobot/build/dual_motor_driver/prefix_override:/usr/lib/python3/dist-packages/colcon_core/task/python/colcon_distutils_commands:/home/ubuntu/SlamRobot/install/dual_motor_driver/lib/python3.8/site-packages:${PYTHONPATH} /usr/bin/python3 -W ignore:setup.py install is deprecated -W ignore:easy_install command is deprecated setup.py egg_info --egg-base ../../build/dual_motor_driver build --build-base /home/ubuntu/SlamRobot/build/dual_motor_driver/build install --record /home/ubuntu/SlamRobot/build/dual_motor_driver/install.log --install-scripts $base/lib/dual_motor_driver --single-version-externally-managed install_data
[16.550s] DEBUG:colcon.colcon_core.event_handler.log_command:Invoking command in '/home/ubuntu/SlamRobot/src/lidar_control': PYTHONPATH=/home/ubuntu/SlamRobot/build/lidar_control/prefix_override:/usr/lib/python3/dist-packages/colcon_core/task/python/colcon_distutils_commands:/home/ubuntu/SlamRobot/install/lidar_control/lib/python3.8/site-packages:${PYTHONPATH} /usr/bin/python3 -W ignore:setup.py install is deprecated -W ignore:easy_install command is deprecated setup.py egg_info --egg-base ../../build/lidar_control build --build-base /home/ubuntu/SlamRobot/build/lidar_control/build install --record /home/ubuntu/SlamRobot/build/lidar_control/install.log --install-scripts $base/lib/lidar_control --single-version-externally-managed install_data
[20.168s] DEBUG:colcon.colcon_core.event_handler.log_command:Invoked command in '/home/ubuntu/SlamRobot/src/lidar_control' returned '0': PYTHONPATH=/home/ubuntu/SlamRobot/build/lidar_control/prefix_override:/usr/lib/python3/dist-packages/colcon_core/task/python/colcon_distutils_commands:/home/ubuntu/SlamRobot/install/lidar_control/lib/python3.8/site-packages:${PYTHONPATH} /usr/bin/python3 -W ignore:setup.py install is deprecated -W ignore:easy_install command is deprecated setup.py egg_info --egg-base ../../build/lidar_control build --build-base /home/ubuntu/SlamRobot/build/lidar_control/build install --record /home/ubuntu/SlamRobot/build/lidar_control/install.log --install-scripts $base/lib/lidar_control --single-version-externally-managed install_data
[20.218s] Level 1:colcon.colcon_core.environment:checking '/home/ubuntu/SlamRobot/install/lidar_control' for CMake module files
[20.224s] Level 1:colcon.colcon_core.environment:checking '/home/ubuntu/SlamRobot/install/lidar_control' for CMake config files
[20.233s] Level 1:colcon.colcon_core.environment:checking '/home/ubuntu/SlamRobot/install/lidar_control/lib'
[20.235s] Level 1:colcon.colcon_core.environment:checking '/home/ubuntu/SlamRobot/install/lidar_control/bin'
[20.235s] Level 1:colcon.colcon_core.environment:checking '/home/ubuntu/SlamRobot/install/lidar_control/lib/pkgconfig/lidar_control.pc'
[20.238s] Level 1:colcon.colcon_core.environment:checking '/home/ubuntu/SlamRobot/install/lidar_control/lib/python3.8/site-packages'
[20.239s] Level 1:colcon.colcon_core.shell:create_environment_hook('lidar_control', 'pythonpath')
[20.242s] INFO:colcon.colcon_core.shell:Creating environment hook '/home/ubuntu/SlamRobot/install/lidar_control/share/lidar_control/hook/pythonpath.ps1'
[20.249s] INFO:colcon.colcon_core.shell:Creating environment descriptor '/home/ubuntu/SlamRobot/install/lidar_control/share/lidar_control/hook/pythonpath.dsv'
[20.256s] INFO:colcon.colcon_core.shell:Creating environment hook '/home/ubuntu/SlamRobot/install/lidar_control/share/lidar_control/hook/pythonpath.sh'
[20.263s] Level 1:colcon.colcon_core.environment:checking '/home/ubuntu/SlamRobot/install/lidar_control/bin'
[20.264s] Level 1:colcon.colcon_core.environment:create_environment_scripts_only(lidar_control)
[20.267s] INFO:colcon.colcon_core.shell:Creating package script '/home/ubuntu/SlamRobot/install/lidar_control/share/lidar_control/package.ps1'
[20.277s] INFO:colcon.colcon_core.shell:Creating package descriptor '/home/ubuntu/SlamRobot/install/lidar_control/share/lidar_control/package.dsv'
[20.285s] INFO:colcon.colcon_core.shell:Creating package script '/home/ubuntu/SlamRobot/install/lidar_control/share/lidar_control/package.sh'
[20.294s] INFO:colcon.colcon_core.shell:Creating package script '/home/ubuntu/SlamRobot/install/lidar_control/share/lidar_control/package.bash'
[20.303s] INFO:colcon.colcon_core.shell:Creating package script '/home/ubuntu/SlamRobot/install/lidar_control/share/lidar_control/package.zsh'
[20.313s] Level 1:colcon.colcon_core.environment:create_file_with_runtime_dependencies(/home/ubuntu/SlamRobot/install/lidar_control/share/colcon-core/packages/lidar_control)
[20.325s] Level 1:colcon.colcon_core.environment:checking '/home/ubuntu/SlamRobot/install/dual_motor_driver' for CMake module files
[20.333s] DEBUG:colcon.colcon_core.event_handler.log_command:Invoked command in '/home/ubuntu/SlamRobot/src/dual_motor_driver' returned '0': PYTHONPATH=/home/ubuntu/SlamRobot/build/dual_motor_driver/prefix_override:/usr/lib/python3/dist-packages/colcon_core/task/python/colcon_distutils_commands:/home/ubuntu/SlamRobot/install/dual_motor_driver/lib/python3.8/site-packages:${PYTHONPATH} /usr/bin/python3 -W ignore:setup.py install is deprecated -W ignore:easy_install command is deprecated setup.py egg_info --egg-base ../../build/dual_motor_driver build --build-base /home/ubuntu/SlamRobot/build/dual_motor_driver/build install --record /home/ubuntu/SlamRobot/build/dual_motor_driver/install.log --install-scripts $base/lib/dual_motor_driver --single-version-externally-managed install_data
[20.337s] Level 1:colcon.colcon_core.environment:checking '/home/ubuntu/SlamRobot/install/dual_motor_driver' for CMake config files
[20.344s] Level 1:colcon.colcon_core.environment:checking '/home/ubuntu/SlamRobot/install/dual_motor_driver/lib'
[20.345s] Level 1:colcon.colcon_core.environment:checking '/home/ubuntu/SlamRobot/install/dual_motor_driver/bin'
[20.346s] Level 1:colcon.colcon_core.environment:checking '/home/ubuntu/SlamRobot/install/dual_motor_driver/lib/pkgconfig/dual_motor_driver.pc'
[20.348s] Level 1:colcon.colcon_core.environment:checking '/home/ubuntu/SlamRobot/install/dual_motor_driver/lib/python3.8/site-packages'
[20.350s] Level 1:colcon.colcon_core.shell:create_environment_hook('dual_motor_driver', 'pythonpath')
[20.353s] INFO:colcon.colcon_core.shell:Creating environment hook '/home/ubuntu/SlamRobot/install/dual_motor_driver/share/dual_motor_driver/hook/pythonpath.ps1'
[20.357s] INFO:colcon.colcon_core.shell:Creating environment descriptor '/home/ubuntu/SlamRobot/install/dual_motor_driver/share/dual_motor_driver/hook/pythonpath.dsv'
[20.361s] INFO:colcon.colcon_core.shell:Creating environment hook '/home/ubuntu/SlamRobot/install/dual_motor_driver/share/dual_motor_driver/hook/pythonpath.sh'
[20.379s] Level 1:colcon.colcon_core.environment:checking '/home/ubuntu/SlamRobot/install/dual_motor_driver/bin'
[20.380s] Level 1:colcon.colcon_core.environment:create_environment_scripts_only(dual_motor_driver)
[20.384s] INFO:colcon.colcon_core.shell:Creating package script '/home/ubuntu/SlamRobot/install/dual_motor_driver/share/dual_motor_driver/package.ps1'
[20.391s] INFO:colcon.colcon_core.shell:Creating package descriptor '/home/ubuntu/SlamRobot/install/dual_motor_driver/share/dual_motor_driver/package.dsv'
[20.397s] INFO:colcon.colcon_core.shell:Creating package script '/home/ubuntu/SlamRobot/install/dual_motor_driver/share/dual_motor_driver/package.sh'
[20.402s] INFO:colcon.colcon_core.shell:Creating package script '/home/ubuntu/SlamRobot/install/dual_motor_driver/share/dual_motor_driver/package.bash'
[20.406s] INFO:colcon.colcon_core.shell:Creating package script '/home/ubuntu/SlamRobot/install/dual_motor_driver/share/dual_motor_driver/package.zsh'
[20.411s] Level 1:colcon.colcon_core.environment:create_file_with_runtime_dependencies(/home/ubuntu/SlamRobot/install/dual_motor_driver/share/colcon-core/packages/dual_motor_driver)
[20.417s] DEBUG:colcon.colcon_parallel_executor.executor.parallel:closing loop
[20.433s] DEBUG:colcon.colcon_parallel_executor.executor.parallel:loop closed
[20.434s] DEBUG:colcon.colcon_parallel_executor.executor.parallel:run_until_complete finished with '0'
[20.435s] DEBUG:colcon.colcon_core.event_reactor:joining thread
[20.508s] INFO:colcon.colcon_core.plugin_system:Skipping extension 'colcon_notification.desktop_notification.terminal_notifier': Not used on non-Darwin systems
[20.509s] INFO:colcon.colcon_core.plugin_system:Skipping extension 'colcon_notification.desktop_notification.win32': Not used on non-Windows systems
[20.510s] INFO:colcon.colcon_notification.desktop_notification:Sending desktop notification using 'notify2'
[20.714s] DEBUG:colcon.colcon_core.event_reactor:joined thread
[20.717s] INFO:colcon.colcon_core.shell:Creating prefix script '/home/ubuntu/SlamRobot/install/local_setup.ps1'
[20.729s] INFO:colcon.colcon_core.shell:Creating prefix util module '/home/ubuntu/SlamRobot/install/_local_setup_util_ps1.py'
[20.750s] INFO:colcon.colcon_core.shell:Creating prefix chain script '/home/ubuntu/SlamRobot/install/setup.ps1'
[20.763s] INFO:colcon.colcon_core.shell:Creating prefix script '/home/ubuntu/SlamRobot/install/local_setup.sh'
[20.774s] INFO:colcon.colcon_core.shell:Creating prefix util module '/home/ubuntu/SlamRobot/install/_local_setup_util_sh.py'
[20.781s] INFO:colcon.colcon_core.shell:Creating prefix chain script '/home/ubuntu/SlamRobot/install/setup.sh'
[20.795s] INFO:colcon.colcon_core.shell:Creating prefix script '/home/ubuntu/SlamRobot/install/local_setup.bash'
[20.802s] INFO:colcon.colcon_core.shell:Creating prefix chain script '/home/ubuntu/SlamRobot/install/setup.bash'
[20.815s] INFO:colcon.colcon_core.shell:Creating prefix script '/home/ubuntu/SlamRobot/install/local_setup.zsh'
[20.824s] INFO:colcon.colcon_core.shell:Creating prefix chain script '/home/ubuntu/SlamRobot/install/setup.zsh'
