[2.183s] DEBUG:colcon:Command line arguments: ['/usr/bin/colcon', 'build']
[2.184s] DEBUG:colcon:Parsed command line arguments: Namespace(allow_overriding=[], ament_cmake_args=None, base_paths=['.'], build_base='build', catkin_cmake_args=None, catkin_skip_building_tests=False, cmake_args=None, cmake_clean_cache=False, cmake_clean_first=False, cmake_force_configure=False, cmake_target=None, cmake_target_skip_unavailable=False, continue_on_error=False, event_handlers=None, executor='parallel', ignore_user_meta=False, install_base='install', log_base=None, log_level=None, main=<bound method BuildVerb.main of <colcon_core.verb.build.BuildVerb object at 0xffffa63f2f70>>, merge_install=False, metas=['./colcon.meta'], packages_above=None, packages_above_and_dependencies=None, packages_above_depth=None, packages_end=None, packages_ignore=None, packages_ignore_regex=None, packages_select=None, packages_select_build_failed=False, packages_select_by_dep=None, packages_select_regex=None, packages_select_test_failures=False, packages_skip=None, packages_skip_build_finished=False, packages_skip_by_dep=None, packages_skip_regex=None, packages_skip_test_passed=False, packages_skip_up_to=None, packages_start=None, packages_up_to=None, packages_up_to_regex=None, parallel_workers=4, paths=None, symlink_install=False, test_result_base=None, verb_extension=<colcon_core.verb.build.BuildVerb object at 0xffffa63f2f70>, verb_name='build', verb_parser=<colcon_defaults.argument_parser.defaults.DefaultArgumentsDecorator object at 0xffffa62ea1c0>)
[4.129s] Level 1:colcon.colcon_core.package_discovery:discover_packages(colcon_meta) check parameters
[4.130s] Level 1:colcon.colcon_core.package_discovery:discover_packages(recursive) check parameters
[4.130s] Level 1:colcon.colcon_core.package_discovery:discover_packages(ignore) check parameters
[4.130s] Level 1:colcon.colcon_core.package_discovery:discover_packages(path) check parameters
[4.131s] Level 1:colcon.colcon_core.package_discovery:discover_packages(colcon_meta) discover
[4.131s] Level 1:colcon.colcon_core.package_discovery:discover_packages(recursive) discover
[4.132s] INFO:colcon.colcon_core.package_discovery:Crawling recursively for packages in '/home/ubuntu/SlamRobot'
[4.133s] Level 1:colcon.colcon_core.package_identification:_identify(.) by extensions ['ignore', 'ignore_ament_install']
[4.134s] Level 1:colcon.colcon_core.package_identification:_identify(.) by extension 'ignore'
[4.134s] Level 1:colcon.colcon_core.package_identification:_identify(.) by extension 'ignore_ament_install'
[4.135s] Level 1:colcon.colcon_core.package_identification:_identify(.) by extensions ['colcon_pkg']
[4.136s] Level 1:colcon.colcon_core.package_identification:_identify(.) by extension 'colcon_pkg'
[4.136s] Level 1:colcon.colcon_core.package_identification:_identify(.) by extensions ['colcon_meta']
[4.137s] Level 1:colcon.colcon_core.package_identification:_identify(.) by extension 'colcon_meta'
[4.137s] Level 1:colcon.colcon_core.package_identification:_identify(.) by extensions ['ros']
[4.137s] Level 1:colcon.colcon_core.package_identification:_identify(.) by extension 'ros'
[4.259s] Level 1:colcon.colcon_core.package_identification:_identify(.) by extensions ['cmake', 'python']
[4.260s] Level 1:colcon.colcon_core.package_identification:_identify(.) by extension 'cmake'
[4.261s] Level 1:colcon.colcon_core.package_identification:_identify(.) by extension 'python'
[4.261s] Level 1:colcon.colcon_core.package_identification:_identify(.) by extensions ['python_setup_py']
[4.261s] Level 1:colcon.colcon_core.package_identification:_identify(.) by extension 'python_setup_py'
[4.263s] Level 1:colcon.colcon_core.package_identification:_identify(build) by extensions ['ignore', 'ignore_ament_install']
[4.264s] Level 1:colcon.colcon_core.package_identification:_identify(build) by extension 'ignore'
[4.264s] Level 1:colcon.colcon_core.package_identification:_identify(build) ignored
[4.266s] Level 1:colcon.colcon_core.package_identification:_identify(install) by extensions ['ignore', 'ignore_ament_install']
[4.267s] Level 1:colcon.colcon_core.package_identification:_identify(install) by extension 'ignore'
[4.267s] Level 1:colcon.colcon_core.package_identification:_identify(install) ignored
[4.269s] Level 1:colcon.colcon_core.package_identification:_identify(log) by extensions ['ignore', 'ignore_ament_install']
[4.270s] Level 1:colcon.colcon_core.package_identification:_identify(log) by extension 'ignore'
[4.270s] Level 1:colcon.colcon_core.package_identification:_identify(log) ignored
[4.271s] Level 1:colcon.colcon_core.package_identification:_identify(src) by extensions ['ignore', 'ignore_ament_install']
[4.272s] Level 1:colcon.colcon_core.package_identification:_identify(src) by extension 'ignore'
[4.273s] Level 1:colcon.colcon_core.package_identification:_identify(src) by extension 'ignore_ament_install'
[4.274s] Level 1:colcon.colcon_core.package_identification:_identify(src) by extensions ['colcon_pkg']
[4.274s] Level 1:colcon.colcon_core.package_identification:_identify(src) by extension 'colcon_pkg'
[4.274s] Level 1:colcon.colcon_core.package_identification:_identify(src) by extensions ['colcon_meta']
[4.275s] Level 1:colcon.colcon_core.package_identification:_identify(src) by extension 'colcon_meta'
[4.275s] Level 1:colcon.colcon_core.package_identification:_identify(src) by extensions ['ros']
[4.275s] Level 1:colcon.colcon_core.package_identification:_identify(src) by extension 'ros'
[4.276s] Level 1:colcon.colcon_core.package_identification:_identify(src) by extensions ['cmake', 'python']
[4.277s] Level 1:colcon.colcon_core.package_identification:_identify(src) by extension 'cmake'
[4.277s] Level 1:colcon.colcon_core.package_identification:_identify(src) by extension 'python'
[4.278s] Level 1:colcon.colcon_core.package_identification:_identify(src) by extensions ['python_setup_py']
[4.278s] Level 1:colcon.colcon_core.package_identification:_identify(src) by extension 'python_setup_py'
[4.279s] Level 1:colcon.colcon_core.package_identification:_identify(src/dual_motor_driver) by extensions ['ignore', 'ignore_ament_install']
[4.280s] Level 1:colcon.colcon_core.package_identification:_identify(src/dual_motor_driver) by extension 'ignore'
[4.281s] Level 1:colcon.colcon_core.package_identification:_identify(src/dual_motor_driver) by extension 'ignore_ament_install'
[4.281s] Level 1:colcon.colcon_core.package_identification:_identify(src/dual_motor_driver) by extensions ['colcon_pkg']
[4.282s] Level 1:colcon.colcon_core.package_identification:_identify(src/dual_motor_driver) by extension 'colcon_pkg'
[4.282s] Level 1:colcon.colcon_core.package_identification:_identify(src/dual_motor_driver) by extensions ['colcon_meta']
[4.282s] Level 1:colcon.colcon_core.package_identification:_identify(src/dual_motor_driver) by extension 'colcon_meta'
[4.283s] Level 1:colcon.colcon_core.package_identification:_identify(src/dual_motor_driver) by extensions ['ros']
[4.283s] Level 1:colcon.colcon_core.package_identification:_identify(src/dual_motor_driver) by extension 'ros'
[4.307s] DEBUG:colcon.colcon_core.package_identification:Package 'src/dual_motor_driver' with type 'ros.ament_python' and name 'dual_motor_driver'
[4.308s] Level 1:colcon.colcon_core.package_identification:_identify(src/lidar_control) by extensions ['ignore', 'ignore_ament_install']
[4.309s] Level 1:colcon.colcon_core.package_identification:_identify(src/lidar_control) by extension 'ignore'
[4.310s] Level 1:colcon.colcon_core.package_identification:_identify(src/lidar_control) by extension 'ignore_ament_install'
[4.311s] Level 1:colcon.colcon_core.package_identification:_identify(src/lidar_control) by extensions ['colcon_pkg']
[4.311s] Level 1:colcon.colcon_core.package_identification:_identify(src/lidar_control) by extension 'colcon_pkg'
[4.311s] Level 1:colcon.colcon_core.package_identification:_identify(src/lidar_control) by extensions ['colcon_meta']
[4.312s] Level 1:colcon.colcon_core.package_identification:_identify(src/lidar_control) by extension 'colcon_meta'
[4.312s] Level 1:colcon.colcon_core.package_identification:_identify(src/lidar_control) by extensions ['ros']
[4.312s] Level 1:colcon.colcon_core.package_identification:_identify(src/lidar_control) by extension 'ros'
[4.319s] DEBUG:colcon.colcon_core.package_identification:Package 'src/lidar_control' with type 'ros.ament_python' and name 'lidar_control'
[4.320s] Level 1:colcon.colcon_core.package_identification:_identify(src/sensor_spawn) by extensions ['ignore', 'ignore_ament_install']
[4.321s] Level 1:colcon.colcon_core.package_identification:_identify(src/sensor_spawn) by extension 'ignore'
[4.322s] Level 1:colcon.colcon_core.package_identification:_identify(src/sensor_spawn) by extension 'ignore_ament_install'
[4.323s] Level 1:colcon.colcon_core.package_identification:_identify(src/sensor_spawn) by extensions ['colcon_pkg']
[4.323s] Level 1:colcon.colcon_core.package_identification:_identify(src/sensor_spawn) by extension 'colcon_pkg'
[4.324s] Level 1:colcon.colcon_core.package_identification:_identify(src/sensor_spawn) by extensions ['colcon_meta']
[4.324s] Level 1:colcon.colcon_core.package_identification:_identify(src/sensor_spawn) by extension 'colcon_meta'
[4.325s] Level 1:colcon.colcon_core.package_identification:_identify(src/sensor_spawn) by extensions ['ros']
[4.325s] Level 1:colcon.colcon_core.package_identification:_identify(src/sensor_spawn) by extension 'ros'
[4.334s] DEBUG:colcon.colcon_core.package_identification:Package 'src/sensor_spawn' with type 'ros.ament_python' and name 'sensor_spawn'
[4.334s] Level 1:colcon.colcon_core.package_discovery:discover_packages(recursive) using defaults
[4.335s] Level 1:colcon.colcon_core.package_discovery:discover_packages(ignore) discover
[4.335s] Level 1:colcon.colcon_core.package_discovery:discover_packages(ignore) using defaults
[4.335s] Level 1:colcon.colcon_core.package_discovery:discover_packages(path) discover
[4.336s] Level 1:colcon.colcon_core.package_discovery:discover_packages(path) using defaults
[4.498s] Level 1:colcon.colcon_core.package_discovery:discover_packages(prefix_path) check parameters
[4.499s] Level 1:colcon.colcon_core.package_discovery:discover_packages(prefix_path) discover
[4.520s] DEBUG:colcon.colcon_installed_package_information.package_discovery:Found 3 installed packages in /home/ubuntu/SlamRobot/install
[4.543s] DEBUG:colcon.colcon_installed_package_information.package_discovery:Found 267 installed packages in /opt/ros/foxy
[4.563s] Level 1:colcon.colcon_core.package_discovery:discover_packages(prefix_path) using defaults
[5.611s] Level 5:colcon.colcon_core.verb:set package 'dual_motor_driver' build argument 'cmake_args' from command line to 'None'
[5.611s] Level 5:colcon.colcon_core.verb:set package 'dual_motor_driver' build argument 'cmake_target' from command line to 'None'
[5.612s] Level 5:colcon.colcon_core.verb:set package 'dual_motor_driver' build argument 'cmake_target_skip_unavailable' from command line to 'False'
[5.612s] Level 5:colcon.colcon_core.verb:set package 'dual_motor_driver' build argument 'cmake_clean_cache' from command line to 'False'
[5.612s] Level 5:colcon.colcon_core.verb:set package 'dual_motor_driver' build argument 'cmake_clean_first' from command line to 'False'
[5.613s] Level 5:colcon.colcon_core.verb:set package 'dual_motor_driver' build argument 'cmake_force_configure' from command line to 'False'
[5.613s] Level 5:colcon.colcon_core.verb:set package 'dual_motor_driver' build argument 'ament_cmake_args' from command line to 'None'
[5.613s] Level 5:colcon.colcon_core.verb:set package 'dual_motor_driver' build argument 'catkin_cmake_args' from command line to 'None'
[5.613s] Level 5:colcon.colcon_core.verb:set package 'dual_motor_driver' build argument 'catkin_skip_building_tests' from command line to 'False'
[5.614s] DEBUG:colcon.colcon_core.verb:Building package 'dual_motor_driver' with the following arguments: {'ament_cmake_args': None, 'build_base': '/home/ubuntu/SlamRobot/build/dual_motor_driver', 'catkin_cmake_args': None, 'catkin_skip_building_tests': False, 'cmake_args': None, 'cmake_clean_cache': False, 'cmake_clean_first': False, 'cmake_force_configure': False, 'cmake_target': None, 'cmake_target_skip_unavailable': False, 'install_base': '/home/ubuntu/SlamRobot/install/dual_motor_driver', 'merge_install': False, 'path': '/home/ubuntu/SlamRobot/src/dual_motor_driver', 'symlink_install': False, 'test_result_base': None}
[5.618s] Level 5:colcon.colcon_core.verb:set package 'lidar_control' build argument 'cmake_args' from command line to 'None'
[5.619s] Level 5:colcon.colcon_core.verb:set package 'lidar_control' build argument 'cmake_target' from command line to 'None'
[5.619s] Level 5:colcon.colcon_core.verb:set package 'lidar_control' build argument 'cmake_target_skip_unavailable' from command line to 'False'
[5.619s] Level 5:colcon.colcon_core.verb:set package 'lidar_control' build argument 'cmake_clean_cache' from command line to 'False'
[5.620s] Level 5:colcon.colcon_core.verb:set package 'lidar_control' build argument 'cmake_clean_first' from command line to 'False'
[5.620s] Level 5:colcon.colcon_core.verb:set package 'lidar_control' build argument 'cmake_force_configure' from command line to 'False'
[5.620s] Level 5:colcon.colcon_core.verb:set package 'lidar_control' build argument 'ament_cmake_args' from command line to 'None'
[5.620s] Level 5:colcon.colcon_core.verb:set package 'lidar_control' build argument 'catkin_cmake_args' from command line to 'None'
[5.621s] Level 5:colcon.colcon_core.verb:set package 'lidar_control' build argument 'catkin_skip_building_tests' from command line to 'False'
[5.621s] DEBUG:colcon.colcon_core.verb:Building package 'lidar_control' with the following arguments: {'ament_cmake_args': None, 'build_base': '/home/ubuntu/SlamRobot/build/lidar_control', 'catkin_cmake_args': None, 'catkin_skip_building_tests': False, 'cmake_args': None, 'cmake_clean_cache': False, 'cmake_clean_first': False, 'cmake_force_configure': False, 'cmake_target': None, 'cmake_target_skip_unavailable': False, 'install_base': '/home/ubuntu/SlamRobot/install/lidar_control', 'merge_install': False, 'path': '/home/ubuntu/SlamRobot/src/lidar_control', 'symlink_install': False, 'test_result_base': None}
[5.625s] Level 5:colcon.colcon_core.verb:set package 'sensor_spawn' build argument 'cmake_args' from command line to 'None'
[5.626s] Level 5:colcon.colcon_core.verb:set package 'sensor_spawn' build argument 'cmake_target' from command line to 'None'
[5.626s] Level 5:colcon.colcon_core.verb:set package 'sensor_spawn' build argument 'cmake_target_skip_unavailable' from command line to 'False'
[5.626s] Level 5:colcon.colcon_core.verb:set package 'sensor_spawn' build argument 'cmake_clean_cache' from command line to 'False'
[5.627s] Level 5:colcon.colcon_core.verb:set package 'sensor_spawn' build argument 'cmake_clean_first' from command line to 'False'
[5.627s] Level 5:colcon.colcon_core.verb:set package 'sensor_spawn' build argument 'cmake_force_configure' from command line to 'False'
[5.627s] Level 5:colcon.colcon_core.verb:set package 'sensor_spawn' build argument 'ament_cmake_args' from command line to 'None'
[5.628s] Level 5:colcon.colcon_core.verb:set package 'sensor_spawn' build argument 'catkin_cmake_args' from command line to 'None'
[5.628s] Level 5:colcon.colcon_core.verb:set package 'sensor_spawn' build argument 'catkin_skip_building_tests' from command line to 'False'
[5.628s] DEBUG:colcon.colcon_core.verb:Building package 'sensor_spawn' with the following arguments: {'ament_cmake_args': None, 'build_base': '/home/ubuntu/SlamRobot/build/sensor_spawn', 'catkin_cmake_args': None, 'catkin_skip_building_tests': False, 'cmake_args': None, 'cmake_clean_cache': False, 'cmake_clean_first': False, 'cmake_force_configure': False, 'cmake_target': None, 'cmake_target_skip_unavailable': False, 'install_base': '/home/ubuntu/SlamRobot/install/sensor_spawn', 'merge_install': False, 'path': '/home/ubuntu/SlamRobot/src/sensor_spawn', 'symlink_install': False, 'test_result_base': None}
[5.630s] INFO:colcon.colcon_core.executor:Executing jobs using 'parallel' executor
[5.638s] DEBUG:colcon.colcon_parallel_executor.executor.parallel:run_until_complete
[5.641s] INFO:colcon.colcon_ros.task.ament_python.build:Building ROS package in '/home/ubuntu/SlamRobot/src/dual_motor_driver' with build type 'ament_python'
[5.642s] Level 1:colcon.colcon_core.shell:create_environment_hook('dual_motor_driver', 'ament_prefix_path')
[5.667s] INFO:colcon.colcon_core.plugin_system:Skipping extension 'colcon_core.shell.bat': Not used on non-Windows systems
[5.670s] INFO:colcon.colcon_core.shell:Creating environment hook '/home/ubuntu/SlamRobot/install/dual_motor_driver/share/dual_motor_driver/hook/ament_prefix_path.ps1'
[5.679s] INFO:colcon.colcon_core.shell:Creating environment descriptor '/home/ubuntu/SlamRobot/install/dual_motor_driver/share/dual_motor_driver/hook/ament_prefix_path.dsv'
[5.687s] INFO:colcon.colcon_core.shell:Creating environment hook '/home/ubuntu/SlamRobot/install/dual_motor_driver/share/dual_motor_driver/hook/ament_prefix_path.sh'
[5.697s] INFO:colcon.colcon_core.shell:Skip shell extension 'powershell' for command environment: Not usable outside of PowerShell
[5.698s] DEBUG:colcon.colcon_core.shell:Skip shell extension 'dsv' for command environment
[5.774s] INFO:colcon.colcon_ros.task.ament_python.build:Building ROS package in '/home/ubuntu/SlamRobot/src/lidar_control' with build type 'ament_python'
[5.779s] Level 1:colcon.colcon_core.shell:create_environment_hook('lidar_control', 'ament_prefix_path')
[5.784s] INFO:colcon.colcon_core.shell:Creating environment hook '/home/ubuntu/SlamRobot/install/lidar_control/share/lidar_control/hook/ament_prefix_path.ps1'
[5.792s] INFO:colcon.colcon_core.shell:Creating environment descriptor '/home/ubuntu/SlamRobot/install/lidar_control/share/lidar_control/hook/ament_prefix_path.dsv'
[5.798s] INFO:colcon.colcon_core.shell:Creating environment hook '/home/ubuntu/SlamRobot/install/lidar_control/share/lidar_control/hook/ament_prefix_path.sh'
[5.805s] INFO:colcon.colcon_core.shell:Skip shell extension 'powershell' for command environment: Not usable outside of PowerShell
[5.806s] DEBUG:colcon.colcon_core.shell:Skip shell extension 'dsv' for command environment
[5.879s] INFO:colcon.colcon_ros.task.ament_python.build:Building ROS package in '/home/ubuntu/SlamRobot/src/sensor_spawn' with build type 'ament_python'
[5.884s] Level 1:colcon.colcon_core.shell:create_environment_hook('sensor_spawn', 'ament_prefix_path')
[5.888s] INFO:colcon.colcon_core.shell:Creating environment hook '/home/ubuntu/SlamRobot/install/sensor_spawn/share/sensor_spawn/hook/ament_prefix_path.ps1'
[5.895s] INFO:colcon.colcon_core.shell:Creating environment descriptor '/home/ubuntu/SlamRobot/install/sensor_spawn/share/sensor_spawn/hook/ament_prefix_path.dsv'
[5.901s] INFO:colcon.colcon_core.shell:Creating environment hook '/home/ubuntu/SlamRobot/install/sensor_spawn/share/sensor_spawn/hook/ament_prefix_path.sh'
[5.909s] INFO:colcon.colcon_core.shell:Skip shell extension 'powershell' for command environment: Not usable outside of PowerShell
[5.910s] DEBUG:colcon.colcon_core.shell:Skip shell extension 'dsv' for command environment
[8.733s] INFO:colcon.colcon_core.task.python.build:Building Python package in '/home/ubuntu/SlamRobot/src/dual_motor_driver'
[8.737s] INFO:colcon.colcon_core.shell:Skip shell extension 'powershell' for command environment: Not usable outside of PowerShell
[8.737s] DEBUG:colcon.colcon_core.shell:Skip shell extension 'dsv' for command environment
[11.479s] INFO:colcon.colcon_core.task.python.build:Building Python package in '/home/ubuntu/SlamRobot/src/lidar_control'
[11.483s] INFO:colcon.colcon_core.shell:Skip shell extension 'powershell' for command environment: Not usable outside of PowerShell
[11.484s] DEBUG:colcon.colcon_core.shell:Skip shell extension 'dsv' for command environment
[14.228s] INFO:colcon.colcon_core.task.python.build:Building Python package in '/home/ubuntu/SlamRobot/src/sensor_spawn'
[14.231s] INFO:colcon.colcon_core.shell:Skip shell extension 'powershell' for command environment: Not usable outside of PowerShell
[14.232s] DEBUG:colcon.colcon_core.shell:Skip shell extension 'dsv' for command environment
[17.172s] DEBUG:colcon.colcon_core.event_handler.log_command:Invoking command in '/home/ubuntu/SlamRobot/src/dual_motor_driver': PYTHONPATH=/home/ubuntu/SlamRobot/build/dual_motor_driver/prefix_override:/usr/lib/python3/dist-packages/colcon_core/task/python/colcon_distutils_commands:/home/ubuntu/SlamRobot/install/dual_motor_driver/lib/python3.8/site-packages:${PYTHONPATH} /usr/bin/python3 -W ignore:setup.py install is deprecated -W ignore:easy_install command is deprecated setup.py egg_info --egg-base ../../build/dual_motor_driver build --build-base /home/ubuntu/SlamRobot/build/dual_motor_driver/build install --record /home/ubuntu/SlamRobot/build/dual_motor_driver/install.log --install-scripts $base/lib/dual_motor_driver --single-version-externally-managed install_data
[17.214s] DEBUG:colcon.colcon_core.event_handler.log_command:Invoking command in '/home/ubuntu/SlamRobot/src/lidar_control': PYTHONPATH=/home/ubuntu/SlamRobot/build/lidar_control/prefix_override:/usr/lib/python3/dist-packages/colcon_core/task/python/colcon_distutils_commands:/home/ubuntu/SlamRobot/install/lidar_control/lib/python3.8/site-packages:${PYTHONPATH} /usr/bin/python3 -W ignore:setup.py install is deprecated -W ignore:easy_install command is deprecated setup.py egg_info --egg-base ../../build/lidar_control build --build-base /home/ubuntu/SlamRobot/build/lidar_control/build install --record /home/ubuntu/SlamRobot/build/lidar_control/install.log --install-scripts $base/lib/lidar_control --single-version-externally-managed install_data
[17.235s] DEBUG:colcon.colcon_core.event_handler.log_command:Invoking command in '/home/ubuntu/SlamRobot/src/sensor_spawn': PYTHONPATH=/home/ubuntu/SlamRobot/build/sensor_spawn/prefix_override:/usr/lib/python3/dist-packages/colcon_core/task/python/colcon_distutils_commands:/home/ubuntu/SlamRobot/install/sensor_spawn/lib/python3.8/site-packages:${PYTHONPATH} /usr/bin/python3 -W ignore:setup.py install is deprecated -W ignore:easy_install command is deprecated setup.py egg_info --egg-base ../../build/sensor_spawn build --build-base /home/ubuntu/SlamRobot/build/sensor_spawn/build install --record /home/ubuntu/SlamRobot/build/sensor_spawn/install.log --install-scripts $base/lib/sensor_spawn --single-version-externally-managed install_data
[18.994s] DEBUG:colcon.colcon_core.event_handler.log_command:Invoked command in '/home/ubuntu/SlamRobot/src/dual_motor_driver' returned '0': PYTHONPATH=/home/ubuntu/SlamRobot/build/dual_motor_driver/prefix_override:/usr/lib/python3/dist-packages/colcon_core/task/python/colcon_distutils_commands:/home/ubuntu/SlamRobot/install/dual_motor_driver/lib/python3.8/site-packages:${PYTHONPATH} /usr/bin/python3 -W ignore:setup.py install is deprecated -W ignore:easy_install command is deprecated setup.py egg_info --egg-base ../../build/dual_motor_driver build --build-base /home/ubuntu/SlamRobot/build/dual_motor_driver/build install --record /home/ubuntu/SlamRobot/build/dual_motor_driver/install.log --install-scripts $base/lib/dual_motor_driver --single-version-externally-managed install_data
[19.057s] Level 1:colcon.colcon_core.environment:checking '/home/ubuntu/SlamRobot/install/dual_motor_driver' for CMake module files
[19.061s] Level 1:colcon.colcon_core.environment:checking '/home/ubuntu/SlamRobot/install/dual_motor_driver' for CMake config files
[19.068s] Level 1:colcon.colcon_core.environment:checking '/home/ubuntu/SlamRobot/install/dual_motor_driver/lib'
[19.070s] Level 1:colcon.colcon_core.environment:checking '/home/ubuntu/SlamRobot/install/dual_motor_driver/bin'
[19.071s] Level 1:colcon.colcon_core.environment:checking '/home/ubuntu/SlamRobot/install/dual_motor_driver/lib/pkgconfig/dual_motor_driver.pc'
[19.074s] Level 1:colcon.colcon_core.environment:checking '/home/ubuntu/SlamRobot/install/dual_motor_driver/lib/python3.8/site-packages'
[19.075s] Level 1:colcon.colcon_core.shell:create_environment_hook('dual_motor_driver', 'pythonpath')
[19.081s] INFO:colcon.colcon_core.shell:Creating environment hook '/home/ubuntu/SlamRobot/install/dual_motor_driver/share/dual_motor_driver/hook/pythonpath.ps1'
[19.087s] INFO:colcon.colcon_core.shell:Creating environment descriptor '/home/ubuntu/SlamRobot/install/dual_motor_driver/share/dual_motor_driver/hook/pythonpath.dsv'
[19.092s] INFO:colcon.colcon_core.shell:Creating environment hook '/home/ubuntu/SlamRobot/install/dual_motor_driver/share/dual_motor_driver/hook/pythonpath.sh'
[19.098s] Level 1:colcon.colcon_core.environment:checking '/home/ubuntu/SlamRobot/install/dual_motor_driver/bin'
[19.099s] Level 1:colcon.colcon_core.environment:create_environment_scripts_only(dual_motor_driver)
[19.103s] INFO:colcon.colcon_core.shell:Creating package script '/home/ubuntu/SlamRobot/install/dual_motor_driver/share/dual_motor_driver/package.ps1'
[19.118s] INFO:colcon.colcon_core.shell:Creating package descriptor '/home/ubuntu/SlamRobot/install/dual_motor_driver/share/dual_motor_driver/package.dsv'
[19.122s] INFO:colcon.colcon_core.shell:Creating package script '/home/ubuntu/SlamRobot/install/dual_motor_driver/share/dual_motor_driver/package.sh'
[19.130s] INFO:colcon.colcon_core.shell:Creating package script '/home/ubuntu/SlamRobot/install/dual_motor_driver/share/dual_motor_driver/package.bash'
[19.141s] INFO:colcon.colcon_core.shell:Creating package script '/home/ubuntu/SlamRobot/install/dual_motor_driver/share/dual_motor_driver/package.zsh'
[19.149s] Level 1:colcon.colcon_core.environment:create_file_with_runtime_dependencies(/home/ubuntu/SlamRobot/install/dual_motor_driver/share/colcon-core/packages/dual_motor_driver)
[19.157s] Level 1:colcon.colcon_core.environment:checking '/home/ubuntu/SlamRobot/install/lidar_control' for CMake module files
[19.158s] DEBUG:colcon.colcon_core.event_handler.log_command:Invoked command in '/home/ubuntu/SlamRobot/src/lidar_control' returned '0': PYTHONPATH=/home/ubuntu/SlamRobot/build/lidar_control/prefix_override:/usr/lib/python3/dist-packages/colcon_core/task/python/colcon_distutils_commands:/home/ubuntu/SlamRobot/install/lidar_control/lib/python3.8/site-packages:${PYTHONPATH} /usr/bin/python3 -W ignore:setup.py install is deprecated -W ignore:easy_install command is deprecated setup.py egg_info --egg-base ../../build/lidar_control build --build-base /home/ubuntu/SlamRobot/build/lidar_control/build install --record /home/ubuntu/SlamRobot/build/lidar_control/install.log --install-scripts $base/lib/lidar_control --single-version-externally-managed install_data
[19.161s] Level 1:colcon.colcon_core.environment:checking '/home/ubuntu/SlamRobot/install/lidar_control' for CMake config files
[19.164s] Level 1:colcon.colcon_core.environment:checking '/home/ubuntu/SlamRobot/install/lidar_control/lib'
[19.165s] Level 1:colcon.colcon_core.environment:checking '/home/ubuntu/SlamRobot/install/lidar_control/bin'
[19.166s] Level 1:colcon.colcon_core.environment:checking '/home/ubuntu/SlamRobot/install/lidar_control/lib/pkgconfig/lidar_control.pc'
[19.167s] Level 1:colcon.colcon_core.environment:checking '/home/ubuntu/SlamRobot/install/lidar_control/lib/python3.8/site-packages'
[19.167s] Level 1:colcon.colcon_core.shell:create_environment_hook('lidar_control', 'pythonpath')
[19.168s] INFO:colcon.colcon_core.shell:Creating environment hook '/home/ubuntu/SlamRobot/install/lidar_control/share/lidar_control/hook/pythonpath.ps1'
[19.171s] INFO:colcon.colcon_core.shell:Creating environment descriptor '/home/ubuntu/SlamRobot/install/lidar_control/share/lidar_control/hook/pythonpath.dsv'
[19.173s] INFO:colcon.colcon_core.shell:Creating environment hook '/home/ubuntu/SlamRobot/install/lidar_control/share/lidar_control/hook/pythonpath.sh'
[19.177s] Level 1:colcon.colcon_core.environment:checking '/home/ubuntu/SlamRobot/install/lidar_control/bin'
[19.179s] Level 1:colcon.colcon_core.environment:create_environment_scripts_only(lidar_control)
[19.182s] INFO:colcon.colcon_core.shell:Creating package script '/home/ubuntu/SlamRobot/install/lidar_control/share/lidar_control/package.ps1'
[19.185s] INFO:colcon.colcon_core.shell:Creating package descriptor '/home/ubuntu/SlamRobot/install/lidar_control/share/lidar_control/package.dsv'
[19.187s] INFO:colcon.colcon_core.shell:Creating package script '/home/ubuntu/SlamRobot/install/lidar_control/share/lidar_control/package.sh'
[19.192s] INFO:colcon.colcon_core.shell:Creating package script '/home/ubuntu/SlamRobot/install/lidar_control/share/lidar_control/package.bash'
[19.194s] INFO:colcon.colcon_core.shell:Creating package script '/home/ubuntu/SlamRobot/install/lidar_control/share/lidar_control/package.zsh'
[19.197s] Level 1:colcon.colcon_core.environment:create_file_with_runtime_dependencies(/home/ubuntu/SlamRobot/install/lidar_control/share/colcon-core/packages/lidar_control)
[19.202s] Level 1:colcon.colcon_core.environment:checking '/home/ubuntu/SlamRobot/install/sensor_spawn' for CMake module files
[19.206s] DEBUG:colcon.colcon_core.event_handler.log_command:Invoked command in '/home/ubuntu/SlamRobot/src/sensor_spawn' returned '0': PYTHONPATH=/home/ubuntu/SlamRobot/build/sensor_spawn/prefix_override:/usr/lib/python3/dist-packages/colcon_core/task/python/colcon_distutils_commands:/home/ubuntu/SlamRobot/install/sensor_spawn/lib/python3.8/site-packages:${PYTHONPATH} /usr/bin/python3 -W ignore:setup.py install is deprecated -W ignore:easy_install command is deprecated setup.py egg_info --egg-base ../../build/sensor_spawn build --build-base /home/ubuntu/SlamRobot/build/sensor_spawn/build install --record /home/ubuntu/SlamRobot/build/sensor_spawn/install.log --install-scripts $base/lib/sensor_spawn --single-version-externally-managed install_data
[19.208s] Level 1:colcon.colcon_core.environment:checking '/home/ubuntu/SlamRobot/install/sensor_spawn' for CMake config files
[19.211s] Level 1:colcon.colcon_core.environment:checking '/home/ubuntu/SlamRobot/install/sensor_spawn/lib'
[19.212s] Level 1:colcon.colcon_core.environment:checking '/home/ubuntu/SlamRobot/install/sensor_spawn/bin'
[19.212s] Level 1:colcon.colcon_core.environment:checking '/home/ubuntu/SlamRobot/install/sensor_spawn/lib/pkgconfig/sensor_spawn.pc'
[19.213s] Level 1:colcon.colcon_core.environment:checking '/home/ubuntu/SlamRobot/install/sensor_spawn/lib/python3.8/site-packages'
[19.213s] Level 1:colcon.colcon_core.shell:create_environment_hook('sensor_spawn', 'pythonpath')
[19.215s] INFO:colcon.colcon_core.shell:Creating environment hook '/home/ubuntu/SlamRobot/install/sensor_spawn/share/sensor_spawn/hook/pythonpath.ps1'
[19.218s] INFO:colcon.colcon_core.shell:Creating environment descriptor '/home/ubuntu/SlamRobot/install/sensor_spawn/share/sensor_spawn/hook/pythonpath.dsv'
[19.221s] INFO:colcon.colcon_core.shell:Creating environment hook '/home/ubuntu/SlamRobot/install/sensor_spawn/share/sensor_spawn/hook/pythonpath.sh'
[19.225s] Level 1:colcon.colcon_core.environment:checking '/home/ubuntu/SlamRobot/install/sensor_spawn/bin'
[19.225s] Level 1:colcon.colcon_core.environment:create_environment_scripts_only(sensor_spawn)
[19.228s] INFO:colcon.colcon_core.shell:Creating package script '/home/ubuntu/SlamRobot/install/sensor_spawn/share/sensor_spawn/package.ps1'
[19.241s] INFO:colcon.colcon_core.shell:Creating package descriptor '/home/ubuntu/SlamRobot/install/sensor_spawn/share/sensor_spawn/package.dsv'
[19.243s] INFO:colcon.colcon_core.shell:Creating package script '/home/ubuntu/SlamRobot/install/sensor_spawn/share/sensor_spawn/package.sh'
[19.246s] INFO:colcon.colcon_core.shell:Creating package script '/home/ubuntu/SlamRobot/install/sensor_spawn/share/sensor_spawn/package.bash'
[19.247s] INFO:colcon.colcon_core.shell:Creating package script '/home/ubuntu/SlamRobot/install/sensor_spawn/share/sensor_spawn/package.zsh'
[19.249s] Level 1:colcon.colcon_core.environment:create_file_with_runtime_dependencies(/home/ubuntu/SlamRobot/install/sensor_spawn/share/colcon-core/packages/sensor_spawn)
[19.250s] DEBUG:colcon.colcon_parallel_executor.executor.parallel:closing loop
[19.252s] DEBUG:colcon.colcon_parallel_executor.executor.parallel:loop closed
[19.252s] DEBUG:colcon.colcon_parallel_executor.executor.parallel:run_until_complete finished with '0'
[19.253s] DEBUG:colcon.colcon_core.event_reactor:joining thread
[19.286s] INFO:colcon.colcon_core.plugin_system:Skipping extension 'colcon_notification.desktop_notification.terminal_notifier': Not used on non-Darwin systems
[19.286s] INFO:colcon.colcon_core.plugin_system:Skipping extension 'colcon_notification.desktop_notification.win32': Not used on non-Windows systems
[19.287s] INFO:colcon.colcon_notification.desktop_notification:Sending desktop notification using 'notify2'
[19.351s] DEBUG:colcon.colcon_core.event_reactor:joined thread
[19.352s] INFO:colcon.colcon_core.shell:Creating prefix script '/home/ubuntu/SlamRobot/install/local_setup.ps1'
[19.356s] INFO:colcon.colcon_core.shell:Creating prefix util module '/home/ubuntu/SlamRobot/install/_local_setup_util_ps1.py'
[19.364s] INFO:colcon.colcon_core.shell:Creating prefix chain script '/home/ubuntu/SlamRobot/install/setup.ps1'
[19.372s] INFO:colcon.colcon_core.shell:Creating prefix script '/home/ubuntu/SlamRobot/install/local_setup.sh'
[19.375s] INFO:colcon.colcon_core.shell:Creating prefix util module '/home/ubuntu/SlamRobot/install/_local_setup_util_sh.py'
[19.379s] INFO:colcon.colcon_core.shell:Creating prefix chain script '/home/ubuntu/SlamRobot/install/setup.sh'
[19.385s] INFO:colcon.colcon_core.shell:Creating prefix script '/home/ubuntu/SlamRobot/install/local_setup.bash'
[19.388s] INFO:colcon.colcon_core.shell:Creating prefix chain script '/home/ubuntu/SlamRobot/install/setup.bash'
[19.394s] INFO:colcon.colcon_core.shell:Creating prefix script '/home/ubuntu/SlamRobot/install/local_setup.zsh'
[19.397s] INFO:colcon.colcon_core.shell:Creating prefix chain script '/home/ubuntu/SlamRobot/install/setup.zsh'
