[11.527s] Invoking command in '/home/ubuntu/SlamRobot/src/dual_motor_driver': PYTHONPATH=/home/ubuntu/SlamRobot/build/dual_motor_driver/prefix_override:/usr/lib/python3/dist-packages/colcon_core/task/python/colcon_distutils_commands:/home/ubuntu/SlamRobot/install/dual_motor_driver/lib/python3.8/site-packages:${PYTHONPATH} /usr/bin/python3 -W ignore:setup.py install is deprecated -W ignore:easy_install command is deprecated setup.py egg_info --egg-base ../../build/dual_motor_driver build --build-base /home/ubuntu/SlamRobot/build/dual_motor_driver/build install --record /home/ubuntu/SlamRobot/build/dual_motor_driver/install.log --install-scripts $base/lib/dual_motor_driver --single-version-externally-managed install_data
[12.800s] running egg_info
[12.803s] writing ../../build/dual_motor_driver/dual_motor_driver.egg-info/PKG-INFO
[12.805s] writing dependency_links to ../../build/dual_motor_driver/dual_motor_driver.egg-info/dependency_links.txt
[12.806s] writing entry points to ../../build/dual_motor_driver/dual_motor_driver.egg-info/entry_points.txt
[12.807s] writing requirements to ../../build/dual_motor_driver/dual_motor_driver.egg-info/requires.txt
[12.808s] writing top-level names to ../../build/dual_motor_driver/dual_motor_driver.egg-info/top_level.txt
[12.972s] reading manifest file '../../build/dual_motor_driver/dual_motor_driver.egg-info/SOURCES.txt'
[12.979s] writing manifest file '../../build/dual_motor_driver/dual_motor_driver.egg-info/SOURCES.txt'
[12.980s] running build
[12.981s] running build_py
[12.983s] running install
[12.984s] running install_lib
[12.991s] running install_data
[12.995s] running install_egg_info
[13.001s] removing '/home/ubuntu/SlamRobot/install/dual_motor_driver/lib/python3.8/site-packages/dual_motor_driver-1.0.0-py3.8.egg-info' (and everything under it)
[13.003s] Copying ../../build/dual_motor_driver/dual_motor_driver.egg-info to /home/ubuntu/SlamRobot/install/dual_motor_driver/lib/python3.8/site-packages/dual_motor_driver-1.0.0-py3.8.egg-info
[13.011s] running install_scripts
[13.110s] Installing driver_node script to /home/ubuntu/SlamRobot/install/dual_motor_driver/lib/dual_motor_driver
[13.111s] writing list of installed files to '/home/ubuntu/SlamRobot/build/dual_motor_driver/install.log'
[13.349s] Invoked command in '/home/ubuntu/SlamRobot/src/dual_motor_driver' returned '0': PYTHONPATH=/home/ubuntu/SlamRobot/build/dual_motor_driver/prefix_override:/usr/lib/python3/dist-packages/colcon_core/task/python/colcon_distutils_commands:/home/ubuntu/SlamRobot/install/dual_motor_driver/lib/python3.8/site-packages:${PYTHONPATH} /usr/bin/python3 -W ignore:setup.py install is deprecated -W ignore:easy_install command is deprecated setup.py egg_info --egg-base ../../build/dual_motor_driver build --build-base /home/ubuntu/SlamRobot/build/dual_motor_driver/build install --record /home/ubuntu/SlamRobot/build/dual_motor_driver/install.log --install-scripts $base/lib/dual_motor_driver --single-version-externally-managed install_data
