running egg_info
creating ../../build/sensor_spawn/sensor_spawn.egg-info
writing ../../build/sensor_spawn/sensor_spawn.egg-info/PKG-INFO
writing dependency_links to ../../build/sensor_spawn/sensor_spawn.egg-info/dependency_links.txt
writing entry points to ../../build/sensor_spawn/sensor_spawn.egg-info/entry_points.txt
writing requirements to ../../build/sensor_spawn/sensor_spawn.egg-info/requires.txt
writing top-level names to ../../build/sensor_spawn/sensor_spawn.egg-info/top_level.txt
writing manifest file '../../build/sensor_spawn/sensor_spawn.egg-info/SOURCES.txt'
reading manifest file '../../build/sensor_spawn/sensor_spawn.egg-info/SOURCES.txt'
writing manifest file '../../build/sensor_spawn/sensor_spawn.egg-info/SOURCES.txt'
running build
running build_py
creating /home/dyllon/Documents/SlamRobot/build/sensor_spawn/build
creating /home/dyllon/Documents/SlamRobot/build/sensor_spawn/build/lib
creating /home/dyllon/Documents/SlamRobot/build/sensor_spawn/build/lib/sensor_spawn
copying sensor_spawn/__init__.py -> /home/dyllon/Documents/SlamRobot/build/sensor_spawn/build/lib/sensor_spawn
running install
running install_lib
creating /home/dyllon/Documents/SlamRobot/install/sensor_spawn/lib/python3.8/site-packages/sensor_spawn
copying /home/dyllon/Documents/SlamRobot/build/sensor_spawn/build/lib/sensor_spawn/__init__.py -> /home/dyllon/Documents/SlamRobot/install/sensor_spawn/lib/python3.8/site-packages/sensor_spawn
byte-compiling /home/dyllon/Documents/SlamRobot/install/sensor_spawn/lib/python3.8/site-packages/sensor_spawn/__init__.py to __init__.cpython-38.pyc
running install_data
creating /home/dyllon/Documents/SlamRobot/install/sensor_spawn/share/ament_index
creating /home/dyllon/Documents/SlamRobot/install/sensor_spawn/share/ament_index/resource_index
creating /home/dyllon/Documents/SlamRobot/install/sensor_spawn/share/ament_index/resource_index/packages
copying resource/sensor_spawn -> /home/dyllon/Documents/SlamRobot/install/sensor_spawn/share/ament_index/resource_index/packages
copying package.xml -> /home/dyllon/Documents/SlamRobot/install/sensor_spawn/share/sensor_spawn
running install_egg_info
Copying ../../build/sensor_spawn/sensor_spawn.egg-info to /home/dyllon/Documents/SlamRobot/install/sensor_spawn/lib/python3.8/site-packages/sensor_spawn-1.0.0-py3.8.egg-info
running install_scripts
Installing sensor_nodes script to /home/dyllon/Documents/SlamRobot/install/sensor_spawn/lib/sensor_spawn
writing list of installed files to '/home/dyllon/Documents/SlamRobot/build/sensor_spawn/install.log'
