running egg_info
creating ../../build/dual_motor_driver/dual_motor_driver.egg-info
writing ../../build/dual_motor_driver/dual_motor_driver.egg-info/PKG-INFO
writing dependency_links to ../../build/dual_motor_driver/dual_motor_driver.egg-info/dependency_links.txt
writing entry points to ../../build/dual_motor_driver/dual_motor_driver.egg-info/entry_points.txt
writing requirements to ../../build/dual_motor_driver/dual_motor_driver.egg-info/requires.txt
writing top-level names to ../../build/dual_motor_driver/dual_motor_driver.egg-info/top_level.txt
writing manifest file '../../build/dual_motor_driver/dual_motor_driver.egg-info/SOURCES.txt'
reading manifest file '../../build/dual_motor_driver/dual_motor_driver.egg-info/SOURCES.txt'
writing manifest file '../../build/dual_motor_driver/dual_motor_driver.egg-info/SOURCES.txt'
running build
running build_py
creating /home/ubuntu/SlamRobot/build/dual_motor_driver/build
creating /home/ubuntu/SlamRobot/build/dual_motor_driver/build/lib
creating /home/ubuntu/SlamRobot/build/dual_motor_driver/build/lib/dual_motor_driver
copying dual_motor_driver/driver_node.py -> /home/ubuntu/SlamRobot/build/dual_motor_driver/build/lib/dual_motor_driver
copying dual_motor_driver/__init__.py -> /home/ubuntu/SlamRobot/build/dual_motor_driver/build/lib/dual_motor_driver
running install
running install_lib
creating /home/ubuntu/SlamRobot/install/dual_motor_driver/lib/python3.8/site-packages/dual_motor_driver
copying /home/ubuntu/SlamRobot/build/dual_motor_driver/build/lib/dual_motor_driver/driver_node.py -> /home/ubuntu/SlamRobot/install/dual_motor_driver/lib/python3.8/site-packages/dual_motor_driver
copying /home/ubuntu/SlamRobot/build/dual_motor_driver/build/lib/dual_motor_driver/__init__.py -> /home/ubuntu/SlamRobot/install/dual_motor_driver/lib/python3.8/site-packages/dual_motor_driver
byte-compiling /home/ubuntu/SlamRobot/install/dual_motor_driver/lib/python3.8/site-packages/dual_motor_driver/driver_node.py to driver_node.cpython-38.pyc
byte-compiling /home/ubuntu/SlamRobot/install/dual_motor_driver/lib/python3.8/site-packages/dual_motor_driver/__init__.py to __init__.cpython-38.pyc
running install_data
creating /home/ubuntu/SlamRobot/install/dual_motor_driver/share/ament_index
creating /home/ubuntu/SlamRobot/install/dual_motor_driver/share/ament_index/resource_index
creating /home/ubuntu/SlamRobot/install/dual_motor_driver/share/ament_index/resource_index/packages
copying resource/dual_motor_driver -> /home/ubuntu/SlamRobot/install/dual_motor_driver/share/ament_index/resource_index/packages
copying package.xml -> /home/ubuntu/SlamRobot/install/dual_motor_driver/share/dual_motor_driver
running install_egg_info
Copying ../../build/dual_motor_driver/dual_motor_driver.egg-info to /home/ubuntu/SlamRobot/install/dual_motor_driver/lib/python3.8/site-packages/dual_motor_driver-1.0.0-py3.8.egg-info
running install_scripts
Installing driver_node script to /home/ubuntu/SlamRobot/install/dual_motor_driver/lib/dual_motor_driver
writing list of installed files to '/home/ubuntu/SlamRobot/build/dual_motor_driver/install.log'
