[0.135s] DEBUG:colcon:Command line arguments: ['/usr/bin/colcon', 'build']
[0.135s] DEBUG:colcon:Parsed command line arguments: Namespace(allow_overriding=[], ament_cmake_args=None, base_paths=['.'], build_base='build', catkin_cmake_args=None, catkin_skip_building_tests=False, cmake_args=None, cmake_clean_cache=False, cmake_clean_first=False, cmake_force_configure=False, cmake_target=None, cmake_target_skip_unavailable=False, continue_on_error=False, event_handlers=None, executor='parallel', ignore_user_meta=False, install_base='install', log_base=None, log_level=None, main=<bound method BuildVerb.main of <colcon_core.verb.build.BuildVerb object at 0x7ffa2c2d1b20>>, merge_install=False, metas=['./colcon.meta'], packages_above=None, packages_above_and_dependencies=None, packages_above_depth=None, packages_end=None, packages_ignore=None, packages_ignore_regex=None, packages_select=None, packages_select_build_failed=False, packages_select_by_dep=None, packages_select_regex=None, packages_select_test_failures=False, packages_skip=None, packages_skip_build_finished=False, packages_skip_by_dep=None, packages_skip_regex=None, packages_skip_test_passed=False, packages_skip_up_to=None, packages_start=None, packages_up_to=None, packages_up_to_regex=None, parallel_workers=24, paths=None, symlink_install=False, test_result_base=None, verb_extension=<colcon_core.verb.build.BuildVerb object at 0x7ffa2c2d1b20>, verb_name='build', verb_parser=<colcon_defaults.argument_parser.defaults.DefaultArgumentsDecorator object at 0x7ffa2c268ee0>)
[0.230s] Level 1:colcon.colcon_core.package_discovery:discover_packages(colcon_meta) check parameters
[0.230s] Level 1:colcon.colcon_core.package_discovery:discover_packages(recursive) check parameters
[0.230s] Level 1:colcon.colcon_core.package_discovery:discover_packages(ignore) check parameters
[0.230s] Level 1:colcon.colcon_core.package_discovery:discover_packages(path) check parameters
[0.230s] Level 1:colcon.colcon_core.package_discovery:discover_packages(colcon_meta) discover
[0.230s] Level 1:colcon.colcon_core.package_discovery:discover_packages(recursive) discover
[0.230s] INFO:colcon.colcon_core.package_discovery:Crawling recursively for packages in '/home/dyllon/Documents/SlamRobot'
[0.230s] Level 1:colcon.colcon_core.package_identification:_identify(.) by extensions ['ignore', 'ignore_ament_install']
[0.230s] Level 1:colcon.colcon_core.package_identification:_identify(.) by extension 'ignore'
[0.230s] Level 1:colcon.colcon_core.package_identification:_identify(.) by extension 'ignore_ament_install'
[0.230s] Level 1:colcon.colcon_core.package_identification:_identify(.) by extensions ['colcon_pkg']
[0.230s] Level 1:colcon.colcon_core.package_identification:_identify(.) by extension 'colcon_pkg'
[0.230s] Level 1:colcon.colcon_core.package_identification:_identify(.) by extensions ['colcon_meta']
[0.230s] Level 1:colcon.colcon_core.package_identification:_identify(.) by extension 'colcon_meta'
[0.230s] Level 1:colcon.colcon_core.package_identification:_identify(.) by extensions ['ros']
[0.230s] Level 1:colcon.colcon_core.package_identification:_identify(.) by extension 'ros'
[0.250s] Level 1:colcon.colcon_core.package_identification:_identify(.) by extensions ['cmake', 'python']
[0.250s] Level 1:colcon.colcon_core.package_identification:_identify(.) by extension 'cmake'
[0.250s] Level 1:colcon.colcon_core.package_identification:_identify(.) by extension 'python'
[0.250s] Level 1:colcon.colcon_core.package_identification:_identify(.) by extensions ['python_setup_py']
[0.250s] Level 1:colcon.colcon_core.package_identification:_identify(.) by extension 'python_setup_py'
[0.250s] Level 1:colcon.colcon_core.package_identification:_identify(build) by extensions ['ignore', 'ignore_ament_install']
[0.251s] Level 1:colcon.colcon_core.package_identification:_identify(build) by extension 'ignore'
[0.251s] Level 1:colcon.colcon_core.package_identification:_identify(build) ignored
[0.251s] Level 1:colcon.colcon_core.package_identification:_identify(install) by extensions ['ignore', 'ignore_ament_install']
[0.251s] Level 1:colcon.colcon_core.package_identification:_identify(install) by extension 'ignore'
[0.251s] Level 1:colcon.colcon_core.package_identification:_identify(install) ignored
[0.251s] Level 1:colcon.colcon_core.package_identification:_identify(log) by extensions ['ignore', 'ignore_ament_install']
[0.251s] Level 1:colcon.colcon_core.package_identification:_identify(log) by extension 'ignore'
[0.251s] Level 1:colcon.colcon_core.package_identification:_identify(log) ignored
[0.251s] Level 1:colcon.colcon_core.package_identification:_identify(src) by extensions ['ignore', 'ignore_ament_install']
[0.251s] Level 1:colcon.colcon_core.package_identification:_identify(src) by extension 'ignore'
[0.251s] Level 1:colcon.colcon_core.package_identification:_identify(src) by extension 'ignore_ament_install'
[0.251s] Level 1:colcon.colcon_core.package_identification:_identify(src) by extensions ['colcon_pkg']
[0.251s] Level 1:colcon.colcon_core.package_identification:_identify(src) by extension 'colcon_pkg'
[0.251s] Level 1:colcon.colcon_core.package_identification:_identify(src) by extensions ['colcon_meta']
[0.251s] Level 1:colcon.colcon_core.package_identification:_identify(src) by extension 'colcon_meta'
[0.251s] Level 1:colcon.colcon_core.package_identification:_identify(src) by extensions ['ros']
[0.251s] Level 1:colcon.colcon_core.package_identification:_identify(src) by extension 'ros'
[0.251s] Level 1:colcon.colcon_core.package_identification:_identify(src) by extensions ['cmake', 'python']
[0.251s] Level 1:colcon.colcon_core.package_identification:_identify(src) by extension 'cmake'
[0.251s] Level 1:colcon.colcon_core.package_identification:_identify(src) by extension 'python'
[0.251s] Level 1:colcon.colcon_core.package_identification:_identify(src) by extensions ['python_setup_py']
[0.251s] Level 1:colcon.colcon_core.package_identification:_identify(src) by extension 'python_setup_py'
[0.251s] Level 1:colcon.colcon_core.package_identification:_identify(src/dual_motor_driver) by extensions ['ignore', 'ignore_ament_install']
[0.251s] Level 1:colcon.colcon_core.package_identification:_identify(src/dual_motor_driver) by extension 'ignore'
[0.251s] Level 1:colcon.colcon_core.package_identification:_identify(src/dual_motor_driver) by extension 'ignore_ament_install'
[0.251s] Level 1:colcon.colcon_core.package_identification:_identify(src/dual_motor_driver) by extensions ['colcon_pkg']
[0.251s] Level 1:colcon.colcon_core.package_identification:_identify(src/dual_motor_driver) by extension 'colcon_pkg'
[0.251s] Level 1:colcon.colcon_core.package_identification:_identify(src/dual_motor_driver) by extensions ['colcon_meta']
[0.251s] Level 1:colcon.colcon_core.package_identification:_identify(src/dual_motor_driver) by extension 'colcon_meta'
[0.251s] Level 1:colcon.colcon_core.package_identification:_identify(src/dual_motor_driver) by extensions ['ros']
[0.252s] Level 1:colcon.colcon_core.package_identification:_identify(src/dual_motor_driver) by extension 'ros'
[0.253s] DEBUG:colcon.colcon_core.package_identification:Package 'src/dual_motor_driver' with type 'ros.ament_python' and name 'dual_motor_driver'
[0.253s] Level 1:colcon.colcon_core.package_identification:_identify(src/lidar_control) by extensions ['ignore', 'ignore_ament_install']
[0.253s] Level 1:colcon.colcon_core.package_identification:_identify(src/lidar_control) by extension 'ignore'
[0.253s] Level 1:colcon.colcon_core.package_identification:_identify(src/lidar_control) by extension 'ignore_ament_install'
[0.253s] Level 1:colcon.colcon_core.package_identification:_identify(src/lidar_control) by extensions ['colcon_pkg']
[0.253s] Level 1:colcon.colcon_core.package_identification:_identify(src/lidar_control) by extension 'colcon_pkg'
[0.254s] Level 1:colcon.colcon_core.package_identification:_identify(src/lidar_control) by extensions ['colcon_meta']
[0.254s] Level 1:colcon.colcon_core.package_identification:_identify(src/lidar_control) by extension 'colcon_meta'
[0.254s] Level 1:colcon.colcon_core.package_identification:_identify(src/lidar_control) by extensions ['ros']
[0.254s] Level 1:colcon.colcon_core.package_identification:_identify(src/lidar_control) by extension 'ros'
[0.254s] DEBUG:colcon.colcon_core.package_identification:Package 'src/lidar_control' with type 'ros.ament_python' and name 'lidar_control'
[0.254s] Level 1:colcon.colcon_core.package_identification:_identify(src/sensor_spawn) by extensions ['ignore', 'ignore_ament_install']
[0.254s] Level 1:colcon.colcon_core.package_identification:_identify(src/sensor_spawn) by extension 'ignore'
[0.254s] Level 1:colcon.colcon_core.package_identification:_identify(src/sensor_spawn) by extension 'ignore_ament_install'
[0.254s] Level 1:colcon.colcon_core.package_identification:_identify(src/sensor_spawn) by extensions ['colcon_pkg']
[0.254s] Level 1:colcon.colcon_core.package_identification:_identify(src/sensor_spawn) by extension 'colcon_pkg'
[0.254s] Level 1:colcon.colcon_core.package_identification:_identify(src/sensor_spawn) by extensions ['colcon_meta']
[0.254s] Level 1:colcon.colcon_core.package_identification:_identify(src/sensor_spawn) by extension 'colcon_meta'
[0.254s] Level 1:colcon.colcon_core.package_identification:_identify(src/sensor_spawn) by extensions ['ros']
[0.254s] Level 1:colcon.colcon_core.package_identification:_identify(src/sensor_spawn) by extension 'ros'
[0.255s] DEBUG:colcon.colcon_core.package_identification:Package 'src/sensor_spawn' with type 'ros.ament_python' and name 'sensor_spawn'
[0.255s] Level 1:colcon.colcon_core.package_discovery:discover_packages(recursive) using defaults
[0.255s] Level 1:colcon.colcon_core.package_discovery:discover_packages(ignore) discover
[0.255s] Level 1:colcon.colcon_core.package_discovery:discover_packages(ignore) using defaults
[0.255s] Level 1:colcon.colcon_core.package_discovery:discover_packages(path) discover
[0.255s] Level 1:colcon.colcon_core.package_discovery:discover_packages(path) using defaults
[0.265s] Level 1:colcon.colcon_core.package_discovery:discover_packages(prefix_path) check parameters
[0.265s] Level 1:colcon.colcon_core.package_discovery:discover_packages(prefix_path) discover
[0.266s] DEBUG:colcon.colcon_installed_package_information.package_discovery:Found 3 installed packages in /home/dyllon/Documents/SlamRobot/install
[0.267s] DEBUG:colcon.colcon_installed_package_information.package_discovery:Found 256 installed packages in /opt/ros/foxy
[0.268s] Level 1:colcon.colcon_core.package_discovery:discover_packages(prefix_path) using defaults
[0.300s] Level 5:colcon.colcon_core.verb:set package 'dual_motor_driver' build argument 'cmake_args' from command line to 'None'
[0.300s] Level 5:colcon.colcon_core.verb:set package 'dual_motor_driver' build argument 'cmake_target' from command line to 'None'
[0.300s] Level 5:colcon.colcon_core.verb:set package 'dual_motor_driver' build argument 'cmake_target_skip_unavailable' from command line to 'False'
[0.300s] Level 5:colcon.colcon_core.verb:set package 'dual_motor_driver' build argument 'cmake_clean_cache' from command line to 'False'
[0.300s] Level 5:colcon.colcon_core.verb:set package 'dual_motor_driver' build argument 'cmake_clean_first' from command line to 'False'
[0.300s] Level 5:colcon.colcon_core.verb:set package 'dual_motor_driver' build argument 'cmake_force_configure' from command line to 'False'
[0.300s] Level 5:colcon.colcon_core.verb:set package 'dual_motor_driver' build argument 'ament_cmake_args' from command line to 'None'
[0.300s] Level 5:colcon.colcon_core.verb:set package 'dual_motor_driver' build argument 'catkin_cmake_args' from command line to 'None'
[0.300s] Level 5:colcon.colcon_core.verb:set package 'dual_motor_driver' build argument 'catkin_skip_building_tests' from command line to 'False'
[0.300s] DEBUG:colcon.colcon_core.verb:Building package 'dual_motor_driver' with the following arguments: {'ament_cmake_args': None, 'build_base': '/home/dyllon/Documents/SlamRobot/build/dual_motor_driver', 'catkin_cmake_args': None, 'catkin_skip_building_tests': False, 'cmake_args': None, 'cmake_clean_cache': False, 'cmake_clean_first': False, 'cmake_force_configure': False, 'cmake_target': None, 'cmake_target_skip_unavailable': False, 'install_base': '/home/dyllon/Documents/SlamRobot/install/dual_motor_driver', 'merge_install': False, 'path': '/home/dyllon/Documents/SlamRobot/src/dual_motor_driver', 'symlink_install': False, 'test_result_base': None}
[0.300s] Level 5:colcon.colcon_core.verb:set package 'lidar_control' build argument 'cmake_args' from command line to 'None'
[0.301s] Level 5:colcon.colcon_core.verb:set package 'lidar_control' build argument 'cmake_target' from command line to 'None'
[0.301s] Level 5:colcon.colcon_core.verb:set package 'lidar_control' build argument 'cmake_target_skip_unavailable' from command line to 'False'
[0.301s] Level 5:colcon.colcon_core.verb:set package 'lidar_control' build argument 'cmake_clean_cache' from command line to 'False'
[0.301s] Level 5:colcon.colcon_core.verb:set package 'lidar_control' build argument 'cmake_clean_first' from command line to 'False'
[0.301s] Level 5:colcon.colcon_core.verb:set package 'lidar_control' build argument 'cmake_force_configure' from command line to 'False'
[0.301s] Level 5:colcon.colcon_core.verb:set package 'lidar_control' build argument 'ament_cmake_args' from command line to 'None'
[0.301s] Level 5:colcon.colcon_core.verb:set package 'lidar_control' build argument 'catkin_cmake_args' from command line to 'None'
[0.301s] Level 5:colcon.colcon_core.verb:set package 'lidar_control' build argument 'catkin_skip_building_tests' from command line to 'False'
[0.301s] DEBUG:colcon.colcon_core.verb:Building package 'lidar_control' with the following arguments: {'ament_cmake_args': None, 'build_base': '/home/dyllon/Documents/SlamRobot/build/lidar_control', 'catkin_cmake_args': None, 'catkin_skip_building_tests': False, 'cmake_args': None, 'cmake_clean_cache': False, 'cmake_clean_first': False, 'cmake_force_configure': False, 'cmake_target': None, 'cmake_target_skip_unavailable': False, 'install_base': '/home/dyllon/Documents/SlamRobot/install/lidar_control', 'merge_install': False, 'path': '/home/dyllon/Documents/SlamRobot/src/lidar_control', 'symlink_install': False, 'test_result_base': None}
[0.301s] Level 5:colcon.colcon_core.verb:set package 'sensor_spawn' build argument 'cmake_args' from command line to 'None'
[0.301s] Level 5:colcon.colcon_core.verb:set package 'sensor_spawn' build argument 'cmake_target' from command line to 'None'
[0.301s] Level 5:colcon.colcon_core.verb:set package 'sensor_spawn' build argument 'cmake_target_skip_unavailable' from command line to 'False'
[0.301s] Level 5:colcon.colcon_core.verb:set package 'sensor_spawn' build argument 'cmake_clean_cache' from command line to 'False'
[0.301s] Level 5:colcon.colcon_core.verb:set package 'sensor_spawn' build argument 'cmake_clean_first' from command line to 'False'
[0.301s] Level 5:colcon.colcon_core.verb:set package 'sensor_spawn' build argument 'cmake_force_configure' from command line to 'False'
[0.301s] Level 5:colcon.colcon_core.verb:set package 'sensor_spawn' build argument 'ament_cmake_args' from command line to 'None'
[0.301s] Level 5:colcon.colcon_core.verb:set package 'sensor_spawn' build argument 'catkin_cmake_args' from command line to 'None'
[0.301s] Level 5:colcon.colcon_core.verb:set package 'sensor_spawn' build argument 'catkin_skip_building_tests' from command line to 'False'
[0.301s] DEBUG:colcon.colcon_core.verb:Building package 'sensor_spawn' with the following arguments: {'ament_cmake_args': None, 'build_base': '/home/dyllon/Documents/SlamRobot/build/sensor_spawn', 'catkin_cmake_args': None, 'catkin_skip_building_tests': False, 'cmake_args': None, 'cmake_clean_cache': False, 'cmake_clean_first': False, 'cmake_force_configure': False, 'cmake_target': None, 'cmake_target_skip_unavailable': False, 'install_base': '/home/dyllon/Documents/SlamRobot/install/sensor_spawn', 'merge_install': False, 'path': '/home/dyllon/Documents/SlamRobot/src/sensor_spawn', 'symlink_install': False, 'test_result_base': None}
[0.301s] INFO:colcon.colcon_core.executor:Executing jobs using 'parallel' executor
[0.302s] DEBUG:colcon.colcon_parallel_executor.executor.parallel:run_until_complete
[0.302s] INFO:colcon.colcon_ros.task.ament_python.build:Building ROS package in '/home/dyllon/Documents/SlamRobot/src/dual_motor_driver' with build type 'ament_python'
[0.302s] Level 1:colcon.colcon_core.shell:create_environment_hook('dual_motor_driver', 'ament_prefix_path')
[0.303s] INFO:colcon.colcon_core.plugin_system:Skipping extension 'colcon_core.shell.bat': Not used on non-Windows systems
[0.303s] INFO:colcon.colcon_core.shell:Creating environment hook '/home/dyllon/Documents/SlamRobot/install/dual_motor_driver/share/dual_motor_driver/hook/ament_prefix_path.ps1'
[0.304s] INFO:colcon.colcon_core.shell:Creating environment descriptor '/home/dyllon/Documents/SlamRobot/install/dual_motor_driver/share/dual_motor_driver/hook/ament_prefix_path.dsv'
[0.304s] INFO:colcon.colcon_core.shell:Creating environment hook '/home/dyllon/Documents/SlamRobot/install/dual_motor_driver/share/dual_motor_driver/hook/ament_prefix_path.sh'
[0.305s] INFO:colcon.colcon_core.shell:Skip shell extension 'powershell' for command environment: Not usable outside of PowerShell
[0.305s] DEBUG:colcon.colcon_core.shell:Skip shell extension 'dsv' for command environment
[0.308s] INFO:colcon.colcon_ros.task.ament_python.build:Building ROS package in '/home/dyllon/Documents/SlamRobot/src/lidar_control' with build type 'ament_python'
[0.308s] Level 1:colcon.colcon_core.shell:create_environment_hook('lidar_control', 'ament_prefix_path')
[0.308s] INFO:colcon.colcon_core.shell:Creating environment hook '/home/dyllon/Documents/SlamRobot/install/lidar_control/share/lidar_control/hook/ament_prefix_path.ps1'
[0.309s] INFO:colcon.colcon_core.shell:Creating environment descriptor '/home/dyllon/Documents/SlamRobot/install/lidar_control/share/lidar_control/hook/ament_prefix_path.dsv'
[0.309s] INFO:colcon.colcon_core.shell:Creating environment hook '/home/dyllon/Documents/SlamRobot/install/lidar_control/share/lidar_control/hook/ament_prefix_path.sh'
[0.309s] INFO:colcon.colcon_core.shell:Skip shell extension 'powershell' for command environment: Not usable outside of PowerShell
[0.309s] DEBUG:colcon.colcon_core.shell:Skip shell extension 'dsv' for command environment
[0.313s] INFO:colcon.colcon_ros.task.ament_python.build:Building ROS package in '/home/dyllon/Documents/SlamRobot/src/sensor_spawn' with build type 'ament_python'
[0.313s] Level 1:colcon.colcon_core.shell:create_environment_hook('sensor_spawn', 'ament_prefix_path')
[0.313s] INFO:colcon.colcon_core.shell:Creating environment hook '/home/dyllon/Documents/SlamRobot/install/sensor_spawn/share/sensor_spawn/hook/ament_prefix_path.ps1'
[0.314s] INFO:colcon.colcon_core.shell:Creating environment descriptor '/home/dyllon/Documents/SlamRobot/install/sensor_spawn/share/sensor_spawn/hook/ament_prefix_path.dsv'
[0.314s] INFO:colcon.colcon_core.shell:Creating environment hook '/home/dyllon/Documents/SlamRobot/install/sensor_spawn/share/sensor_spawn/hook/ament_prefix_path.sh'
[0.314s] INFO:colcon.colcon_core.shell:Skip shell extension 'powershell' for command environment: Not usable outside of PowerShell
[0.315s] DEBUG:colcon.colcon_core.shell:Skip shell extension 'dsv' for command environment
[0.478s] INFO:colcon.colcon_core.task.python.build:Building Python package in '/home/dyllon/Documents/SlamRobot/src/dual_motor_driver'
[0.478s] INFO:colcon.colcon_core.shell:Skip shell extension 'powershell' for command environment: Not usable outside of PowerShell
[0.478s] DEBUG:colcon.colcon_core.shell:Skip shell extension 'dsv' for command environment
[0.629s] INFO:colcon.colcon_core.task.python.build:Building Python package in '/home/dyllon/Documents/SlamRobot/src/lidar_control'
[0.629s] INFO:colcon.colcon_core.shell:Skip shell extension 'powershell' for command environment: Not usable outside of PowerShell
[0.629s] DEBUG:colcon.colcon_core.shell:Skip shell extension 'dsv' for command environment
[0.780s] INFO:colcon.colcon_core.task.python.build:Building Python package in '/home/dyllon/Documents/SlamRobot/src/sensor_spawn'
[0.780s] INFO:colcon.colcon_core.shell:Skip shell extension 'powershell' for command environment: Not usable outside of PowerShell
[0.780s] DEBUG:colcon.colcon_core.shell:Skip shell extension 'dsv' for command environment
[1.034s] DEBUG:colcon.colcon_core.event_handler.log_command:Invoking command in '/home/dyllon/Documents/SlamRobot/src/dual_motor_driver': PYTHONPATH=/home/dyllon/Documents/SlamRobot/build/dual_motor_driver/prefix_override:/usr/lib/python3/dist-packages/colcon_core/task/python/colcon_distutils_commands:/home/dyllon/Documents/SlamRobot/install/dual_motor_driver/lib/python3.8/site-packages:${PYTHONPATH} /usr/bin/python3 -W ignore:setup.py install is deprecated -W ignore:easy_install command is deprecated setup.py egg_info --egg-base ../../build/dual_motor_driver build --build-base /home/dyllon/Documents/SlamRobot/build/dual_motor_driver/build install --record /home/dyllon/Documents/SlamRobot/build/dual_motor_driver/install.log --install-scripts $base/lib/dual_motor_driver --single-version-externally-managed install_data
[1.037s] DEBUG:colcon.colcon_core.event_handler.log_command:Invoking command in '/home/dyllon/Documents/SlamRobot/src/lidar_control': PYTHONPATH=/home/dyllon/Documents/SlamRobot/build/lidar_control/prefix_override:/usr/lib/python3/dist-packages/colcon_core/task/python/colcon_distutils_commands:/home/dyllon/Documents/SlamRobot/install/lidar_control/lib/python3.8/site-packages:${PYTHONPATH} /usr/bin/python3 -W ignore:setup.py install is deprecated -W ignore:easy_install command is deprecated setup.py egg_info --egg-base ../../build/lidar_control build --build-base /home/dyllon/Documents/SlamRobot/build/lidar_control/build install --record /home/dyllon/Documents/SlamRobot/build/lidar_control/install.log --install-scripts $base/lib/lidar_control --single-version-externally-managed install_data
[1.039s] DEBUG:colcon.colcon_core.event_handler.log_command:Invoking command in '/home/dyllon/Documents/SlamRobot/src/sensor_spawn': PYTHONPATH=/home/dyllon/Documents/SlamRobot/build/sensor_spawn/prefix_override:/usr/lib/python3/dist-packages/colcon_core/task/python/colcon_distutils_commands:/home/dyllon/Documents/SlamRobot/install/sensor_spawn/lib/python3.8/site-packages:${PYTHONPATH} /usr/bin/python3 -W ignore:setup.py install is deprecated -W ignore:easy_install command is deprecated setup.py egg_info --egg-base ../../build/sensor_spawn build --build-base /home/dyllon/Documents/SlamRobot/build/sensor_spawn/build install --record /home/dyllon/Documents/SlamRobot/build/sensor_spawn/install.log --install-scripts $base/lib/sensor_spawn --single-version-externally-managed install_data
[1.219s] DEBUG:colcon.colcon_core.event_handler.log_command:Invoked command in '/home/dyllon/Documents/SlamRobot/src/dual_motor_driver' returned '0': PYTHONPATH=/home/dyllon/Documents/SlamRobot/build/dual_motor_driver/prefix_override:/usr/lib/python3/dist-packages/colcon_core/task/python/colcon_distutils_commands:/home/dyllon/Documents/SlamRobot/install/dual_motor_driver/lib/python3.8/site-packages:${PYTHONPATH} /usr/bin/python3 -W ignore:setup.py install is deprecated -W ignore:easy_install command is deprecated setup.py egg_info --egg-base ../../build/dual_motor_driver build --build-base /home/dyllon/Documents/SlamRobot/build/dual_motor_driver/build install --record /home/dyllon/Documents/SlamRobot/build/dual_motor_driver/install.log --install-scripts $base/lib/dual_motor_driver --single-version-externally-managed install_data
[1.221s] Level 1:colcon.colcon_core.environment:checking '/home/dyllon/Documents/SlamRobot/install/dual_motor_driver' for CMake module files
[1.222s] Level 1:colcon.colcon_core.environment:checking '/home/dyllon/Documents/SlamRobot/install/dual_motor_driver' for CMake config files
[1.222s] Level 1:colcon.colcon_core.environment:checking '/home/dyllon/Documents/SlamRobot/install/dual_motor_driver/lib'
[1.222s] Level 1:colcon.colcon_core.environment:checking '/home/dyllon/Documents/SlamRobot/install/dual_motor_driver/bin'
[1.222s] Level 1:colcon.colcon_core.environment:checking '/home/dyllon/Documents/SlamRobot/install/dual_motor_driver/lib/pkgconfig/dual_motor_driver.pc'
[1.222s] Level 1:colcon.colcon_core.environment:checking '/home/dyllon/Documents/SlamRobot/install/dual_motor_driver/lib/python3.8/site-packages'
[1.223s] Level 1:colcon.colcon_core.shell:create_environment_hook('dual_motor_driver', 'pythonpath')
[1.223s] INFO:colcon.colcon_core.shell:Creating environment hook '/home/dyllon/Documents/SlamRobot/install/dual_motor_driver/share/dual_motor_driver/hook/pythonpath.ps1'
[1.223s] INFO:colcon.colcon_core.shell:Creating environment descriptor '/home/dyllon/Documents/SlamRobot/install/dual_motor_driver/share/dual_motor_driver/hook/pythonpath.dsv'
[1.223s] INFO:colcon.colcon_core.shell:Creating environment hook '/home/dyllon/Documents/SlamRobot/install/dual_motor_driver/share/dual_motor_driver/hook/pythonpath.sh'
[1.224s] Level 1:colcon.colcon_core.environment:checking '/home/dyllon/Documents/SlamRobot/install/dual_motor_driver/bin'
[1.224s] Level 1:colcon.colcon_core.environment:create_environment_scripts_only(dual_motor_driver)
[1.224s] INFO:colcon.colcon_core.shell:Creating package script '/home/dyllon/Documents/SlamRobot/install/dual_motor_driver/share/dual_motor_driver/package.ps1'
[1.225s] INFO:colcon.colcon_core.shell:Creating package descriptor '/home/dyllon/Documents/SlamRobot/install/dual_motor_driver/share/dual_motor_driver/package.dsv'
[1.225s] INFO:colcon.colcon_core.shell:Creating package script '/home/dyllon/Documents/SlamRobot/install/dual_motor_driver/share/dual_motor_driver/package.sh'
[1.225s] INFO:colcon.colcon_core.shell:Creating package script '/home/dyllon/Documents/SlamRobot/install/dual_motor_driver/share/dual_motor_driver/package.bash'
[1.226s] INFO:colcon.colcon_core.shell:Creating package script '/home/dyllon/Documents/SlamRobot/install/dual_motor_driver/share/dual_motor_driver/package.zsh'
[1.226s] Level 1:colcon.colcon_core.environment:create_file_with_runtime_dependencies(/home/dyllon/Documents/SlamRobot/install/dual_motor_driver/share/colcon-core/packages/dual_motor_driver)
[1.228s] Level 1:colcon.colcon_core.environment:checking '/home/dyllon/Documents/SlamRobot/install/lidar_control' for CMake module files
[1.228s] Level 1:colcon.colcon_core.environment:checking '/home/dyllon/Documents/SlamRobot/install/lidar_control' for CMake config files
[1.228s] DEBUG:colcon.colcon_core.event_handler.log_command:Invoked command in '/home/dyllon/Documents/SlamRobot/src/lidar_control' returned '0': PYTHONPATH=/home/dyllon/Documents/SlamRobot/build/lidar_control/prefix_override:/usr/lib/python3/dist-packages/colcon_core/task/python/colcon_distutils_commands:/home/dyllon/Documents/SlamRobot/install/lidar_control/lib/python3.8/site-packages:${PYTHONPATH} /usr/bin/python3 -W ignore:setup.py install is deprecated -W ignore:easy_install command is deprecated setup.py egg_info --egg-base ../../build/lidar_control build --build-base /home/dyllon/Documents/SlamRobot/build/lidar_control/build install --record /home/dyllon/Documents/SlamRobot/build/lidar_control/install.log --install-scripts $base/lib/lidar_control --single-version-externally-managed install_data
[1.229s] Level 1:colcon.colcon_core.environment:checking '/home/dyllon/Documents/SlamRobot/install/lidar_control/lib'
[1.229s] Level 1:colcon.colcon_core.environment:checking '/home/dyllon/Documents/SlamRobot/install/lidar_control/bin'
[1.229s] Level 1:colcon.colcon_core.environment:checking '/home/dyllon/Documents/SlamRobot/install/lidar_control/lib/pkgconfig/lidar_control.pc'
[1.229s] Level 1:colcon.colcon_core.environment:checking '/home/dyllon/Documents/SlamRobot/install/lidar_control/lib/python3.8/site-packages'
[1.229s] Level 1:colcon.colcon_core.shell:create_environment_hook('lidar_control', 'pythonpath')
[1.229s] INFO:colcon.colcon_core.shell:Creating environment hook '/home/dyllon/Documents/SlamRobot/install/lidar_control/share/lidar_control/hook/pythonpath.ps1'
[1.229s] INFO:colcon.colcon_core.shell:Creating environment descriptor '/home/dyllon/Documents/SlamRobot/install/lidar_control/share/lidar_control/hook/pythonpath.dsv'
[1.229s] INFO:colcon.colcon_core.shell:Creating environment hook '/home/dyllon/Documents/SlamRobot/install/lidar_control/share/lidar_control/hook/pythonpath.sh'
[1.230s] Level 1:colcon.colcon_core.environment:checking '/home/dyllon/Documents/SlamRobot/install/lidar_control/bin'
[1.230s] Level 1:colcon.colcon_core.environment:create_environment_scripts_only(lidar_control)
[1.230s] INFO:colcon.colcon_core.shell:Creating package script '/home/dyllon/Documents/SlamRobot/install/lidar_control/share/lidar_control/package.ps1'
[1.230s] INFO:colcon.colcon_core.shell:Creating package descriptor '/home/dyllon/Documents/SlamRobot/install/lidar_control/share/lidar_control/package.dsv'
[1.231s] INFO:colcon.colcon_core.shell:Creating package script '/home/dyllon/Documents/SlamRobot/install/lidar_control/share/lidar_control/package.sh'
[1.231s] INFO:colcon.colcon_core.shell:Creating package script '/home/dyllon/Documents/SlamRobot/install/lidar_control/share/lidar_control/package.bash'
[1.231s] INFO:colcon.colcon_core.shell:Creating package script '/home/dyllon/Documents/SlamRobot/install/lidar_control/share/lidar_control/package.zsh'
[1.231s] Level 1:colcon.colcon_core.environment:create_file_with_runtime_dependencies(/home/dyllon/Documents/SlamRobot/install/lidar_control/share/colcon-core/packages/lidar_control)
[1.232s] Level 1:colcon.colcon_core.environment:checking '/home/dyllon/Documents/SlamRobot/install/sensor_spawn' for CMake module files
[1.232s] Level 1:colcon.colcon_core.environment:checking '/home/dyllon/Documents/SlamRobot/install/sensor_spawn' for CMake config files
[1.232s] DEBUG:colcon.colcon_core.event_handler.log_command:Invoked command in '/home/dyllon/Documents/SlamRobot/src/sensor_spawn' returned '0': PYTHONPATH=/home/dyllon/Documents/SlamRobot/build/sensor_spawn/prefix_override:/usr/lib/python3/dist-packages/colcon_core/task/python/colcon_distutils_commands:/home/dyllon/Documents/SlamRobot/install/sensor_spawn/lib/python3.8/site-packages:${PYTHONPATH} /usr/bin/python3 -W ignore:setup.py install is deprecated -W ignore:easy_install command is deprecated setup.py egg_info --egg-base ../../build/sensor_spawn build --build-base /home/dyllon/Documents/SlamRobot/build/sensor_spawn/build install --record /home/dyllon/Documents/SlamRobot/build/sensor_spawn/install.log --install-scripts $base/lib/sensor_spawn --single-version-externally-managed install_data
[1.233s] Level 1:colcon.colcon_core.environment:checking '/home/dyllon/Documents/SlamRobot/install/sensor_spawn/lib'
[1.233s] Level 1:colcon.colcon_core.environment:checking '/home/dyllon/Documents/SlamRobot/install/sensor_spawn/bin'
[1.233s] Level 1:colcon.colcon_core.environment:checking '/home/dyllon/Documents/SlamRobot/install/sensor_spawn/lib/pkgconfig/sensor_spawn.pc'
[1.233s] Level 1:colcon.colcon_core.environment:checking '/home/dyllon/Documents/SlamRobot/install/sensor_spawn/lib/python3.8/site-packages'
[1.233s] Level 1:colcon.colcon_core.shell:create_environment_hook('sensor_spawn', 'pythonpath')
[1.233s] INFO:colcon.colcon_core.shell:Creating environment hook '/home/dyllon/Documents/SlamRobot/install/sensor_spawn/share/sensor_spawn/hook/pythonpath.ps1'
[1.233s] INFO:colcon.colcon_core.shell:Creating environment descriptor '/home/dyllon/Documents/SlamRobot/install/sensor_spawn/share/sensor_spawn/hook/pythonpath.dsv'
[1.233s] INFO:colcon.colcon_core.shell:Creating environment hook '/home/dyllon/Documents/SlamRobot/install/sensor_spawn/share/sensor_spawn/hook/pythonpath.sh'
[1.234s] Level 1:colcon.colcon_core.environment:checking '/home/dyllon/Documents/SlamRobot/install/sensor_spawn/bin'
[1.234s] Level 1:colcon.colcon_core.environment:create_environment_scripts_only(sensor_spawn)
[1.234s] INFO:colcon.colcon_core.shell:Creating package script '/home/dyllon/Documents/SlamRobot/install/sensor_spawn/share/sensor_spawn/package.ps1'
[1.234s] INFO:colcon.colcon_core.shell:Creating package descriptor '/home/dyllon/Documents/SlamRobot/install/sensor_spawn/share/sensor_spawn/package.dsv'
[1.234s] INFO:colcon.colcon_core.shell:Creating package script '/home/dyllon/Documents/SlamRobot/install/sensor_spawn/share/sensor_spawn/package.sh'
[1.235s] INFO:colcon.colcon_core.shell:Creating package script '/home/dyllon/Documents/SlamRobot/install/sensor_spawn/share/sensor_spawn/package.bash'
[1.235s] INFO:colcon.colcon_core.shell:Creating package script '/home/dyllon/Documents/SlamRobot/install/sensor_spawn/share/sensor_spawn/package.zsh'
[1.235s] Level 1:colcon.colcon_core.environment:create_file_with_runtime_dependencies(/home/dyllon/Documents/SlamRobot/install/sensor_spawn/share/colcon-core/packages/sensor_spawn)
[1.235s] DEBUG:colcon.colcon_parallel_executor.executor.parallel:closing loop
[1.235s] DEBUG:colcon.colcon_parallel_executor.executor.parallel:loop closed
[1.235s] DEBUG:colcon.colcon_parallel_executor.executor.parallel:run_until_complete finished with '0'
[1.235s] DEBUG:colcon.colcon_core.event_reactor:joining thread
[1.239s] INFO:colcon.colcon_core.plugin_system:Skipping extension 'colcon_notification.desktop_notification.terminal_notifier': Not used on non-Darwin systems
[1.239s] INFO:colcon.colcon_core.plugin_system:Skipping extension 'colcon_notification.desktop_notification.win32': Not used on non-Windows systems
[1.239s] INFO:colcon.colcon_notification.desktop_notification:Sending desktop notification using 'notify2'
[1.249s] DEBUG:colcon.colcon_core.event_reactor:joined thread
[1.249s] INFO:colcon.colcon_core.shell:Creating prefix script '/home/dyllon/Documents/SlamRobot/install/local_setup.ps1'
[1.250s] INFO:colcon.colcon_core.shell:Creating prefix util module '/home/dyllon/Documents/SlamRobot/install/_local_setup_util_ps1.py'
[1.251s] INFO:colcon.colcon_core.shell:Creating prefix chain script '/home/dyllon/Documents/SlamRobot/install/setup.ps1'
[1.252s] INFO:colcon.colcon_core.shell:Creating prefix script '/home/dyllon/Documents/SlamRobot/install/local_setup.sh'
[1.252s] INFO:colcon.colcon_core.shell:Creating prefix util module '/home/dyllon/Documents/SlamRobot/install/_local_setup_util_sh.py'
[1.252s] INFO:colcon.colcon_core.shell:Creating prefix chain script '/home/dyllon/Documents/SlamRobot/install/setup.sh'
[1.253s] INFO:colcon.colcon_core.shell:Creating prefix script '/home/dyllon/Documents/SlamRobot/install/local_setup.bash'
[1.253s] INFO:colcon.colcon_core.shell:Creating prefix chain script '/home/dyllon/Documents/SlamRobot/install/setup.bash'
[1.254s] INFO:colcon.colcon_core.shell:Creating prefix script '/home/dyllon/Documents/SlamRobot/install/local_setup.zsh'
[1.254s] INFO:colcon.colcon_core.shell:Creating prefix chain script '/home/dyllon/Documents/SlamRobot/install/setup.zsh'
