[0.130s] DEBUG:colcon:Command line arguments: ['/usr/bin/colcon', 'build']
[0.130s] DEBUG:colcon:Parsed command line arguments: Namespace(allow_overriding=[], ament_cmake_args=None, base_paths=['.'], build_base='build', catkin_cmake_args=None, catkin_skip_building_tests=False, cmake_args=None, cmake_clean_cache=False, cmake_clean_first=False, cmake_force_configure=False, cmake_target=None, cmake_target_skip_unavailable=False, continue_on_error=False, event_handlers=None, executor='parallel', ignore_user_meta=False, install_base='install', log_base=None, log_level=None, main=<bound method BuildVerb.main of <colcon_core.verb.build.BuildVerb object at 0x7fe3845888e0>>, merge_install=False, metas=['./colcon.meta'], packages_above=None, packages_above_and_dependencies=None, packages_above_depth=None, packages_end=None, packages_ignore=None, packages_ignore_regex=None, packages_select=None, packages_select_build_failed=False, packages_select_by_dep=None, packages_select_regex=None, packages_select_test_failures=False, packages_skip=None, packages_skip_build_finished=False, packages_skip_by_dep=None, packages_skip_regex=None, packages_skip_test_passed=False, packages_skip_up_to=None, packages_start=None, packages_up_to=None, packages_up_to_regex=None, parallel_workers=24, paths=None, symlink_install=False, test_result_base=None, verb_extension=<colcon_core.verb.build.BuildVerb object at 0x7fe3845888e0>, verb_name='build', verb_parser=<colcon_defaults.argument_parser.defaults.DefaultArgumentsDecorator object at 0x7fe384519bb0>)
[0.225s] Level 1:colcon.colcon_core.package_discovery:discover_packages(colcon_meta) check parameters
[0.225s] Level 1:colcon.colcon_core.package_discovery:discover_packages(recursive) check parameters
[0.225s] Level 1:colcon.colcon_core.package_discovery:discover_packages(ignore) check parameters
[0.225s] Level 1:colcon.colcon_core.package_discovery:discover_packages(path) check parameters
[0.225s] Level 1:colcon.colcon_core.package_discovery:discover_packages(colcon_meta) discover
[0.225s] Level 1:colcon.colcon_core.package_discovery:discover_packages(recursive) discover
[0.225s] INFO:colcon.colcon_core.package_discovery:Crawling recursively for packages in '/home/dyllon/Documents/SlamRobot'
[0.225s] Level 1:colcon.colcon_core.package_identification:_identify(.) by extensions ['ignore', 'ignore_ament_install']
[0.225s] Level 1:colcon.colcon_core.package_identification:_identify(.) by extension 'ignore'
[0.225s] Level 1:colcon.colcon_core.package_identification:_identify(.) by extension 'ignore_ament_install'
[0.225s] Level 1:colcon.colcon_core.package_identification:_identify(.) by extensions ['colcon_pkg']
[0.225s] Level 1:colcon.colcon_core.package_identification:_identify(.) by extension 'colcon_pkg'
[0.225s] Level 1:colcon.colcon_core.package_identification:_identify(.) by extensions ['colcon_meta']
[0.225s] Level 1:colcon.colcon_core.package_identification:_identify(.) by extension 'colcon_meta'
[0.225s] Level 1:colcon.colcon_core.package_identification:_identify(.) by extensions ['ros']
[0.225s] Level 1:colcon.colcon_core.package_identification:_identify(.) by extension 'ros'
[0.245s] Level 1:colcon.colcon_core.package_identification:_identify(.) by extensions ['cmake', 'python']
[0.245s] Level 1:colcon.colcon_core.package_identification:_identify(.) by extension 'cmake'
[0.245s] Level 1:colcon.colcon_core.package_identification:_identify(.) by extension 'python'
[0.245s] Level 1:colcon.colcon_core.package_identification:_identify(.) by extensions ['python_setup_py']
[0.245s] Level 1:colcon.colcon_core.package_identification:_identify(.) by extension 'python_setup_py'
[0.245s] Level 1:colcon.colcon_core.package_identification:_identify(build) by extensions ['ignore', 'ignore_ament_install']
[0.245s] Level 1:colcon.colcon_core.package_identification:_identify(build) by extension 'ignore'
[0.245s] Level 1:colcon.colcon_core.package_identification:_identify(build) ignored
[0.245s] Level 1:colcon.colcon_core.package_identification:_identify(install) by extensions ['ignore', 'ignore_ament_install']
[0.245s] Level 1:colcon.colcon_core.package_identification:_identify(install) by extension 'ignore'
[0.245s] Level 1:colcon.colcon_core.package_identification:_identify(install) ignored
[0.245s] Level 1:colcon.colcon_core.package_identification:_identify(log) by extensions ['ignore', 'ignore_ament_install']
[0.246s] Level 1:colcon.colcon_core.package_identification:_identify(log) by extension 'ignore'
[0.246s] Level 1:colcon.colcon_core.package_identification:_identify(log) ignored
[0.246s] Level 1:colcon.colcon_core.package_identification:_identify(src) by extensions ['ignore', 'ignore_ament_install']
[0.246s] Level 1:colcon.colcon_core.package_identification:_identify(src) by extension 'ignore'
[0.246s] Level 1:colcon.colcon_core.package_identification:_identify(src) by extension 'ignore_ament_install'
[0.246s] Level 1:colcon.colcon_core.package_identification:_identify(src) by extensions ['colcon_pkg']
[0.246s] Level 1:colcon.colcon_core.package_identification:_identify(src) by extension 'colcon_pkg'
[0.246s] Level 1:colcon.colcon_core.package_identification:_identify(src) by extensions ['colcon_meta']
[0.246s] Level 1:colcon.colcon_core.package_identification:_identify(src) by extension 'colcon_meta'
[0.246s] Level 1:colcon.colcon_core.package_identification:_identify(src) by extensions ['ros']
[0.246s] Level 1:colcon.colcon_core.package_identification:_identify(src) by extension 'ros'
[0.246s] Level 1:colcon.colcon_core.package_identification:_identify(src) by extensions ['cmake', 'python']
[0.246s] Level 1:colcon.colcon_core.package_identification:_identify(src) by extension 'cmake'
[0.246s] Level 1:colcon.colcon_core.package_identification:_identify(src) by extension 'python'
[0.246s] Level 1:colcon.colcon_core.package_identification:_identify(src) by extensions ['python_setup_py']
[0.246s] Level 1:colcon.colcon_core.package_identification:_identify(src) by extension 'python_setup_py'
[0.246s] Level 1:colcon.colcon_core.package_identification:_identify(src/lidar_control) by extensions ['ignore', 'ignore_ament_install']
[0.246s] Level 1:colcon.colcon_core.package_identification:_identify(src/lidar_control) by extension 'ignore'
[0.246s] Level 1:colcon.colcon_core.package_identification:_identify(src/lidar_control) by extension 'ignore_ament_install'
[0.246s] Level 1:colcon.colcon_core.package_identification:_identify(src/lidar_control) by extensions ['colcon_pkg']
[0.246s] Level 1:colcon.colcon_core.package_identification:_identify(src/lidar_control) by extension 'colcon_pkg'
[0.246s] Level 1:colcon.colcon_core.package_identification:_identify(src/lidar_control) by extensions ['colcon_meta']
[0.246s] Level 1:colcon.colcon_core.package_identification:_identify(src/lidar_control) by extension 'colcon_meta'
[0.246s] Level 1:colcon.colcon_core.package_identification:_identify(src/lidar_control) by extensions ['ros']
[0.246s] Level 1:colcon.colcon_core.package_identification:_identify(src/lidar_control) by extension 'ros'
[0.248s] DEBUG:colcon.colcon_core.package_identification:Package 'src/lidar_control' with type 'ros.ament_python' and name 'lidar_control'
[0.248s] Level 1:colcon.colcon_core.package_discovery:discover_packages(recursive) using defaults
[0.248s] Level 1:colcon.colcon_core.package_discovery:discover_packages(ignore) discover
[0.248s] Level 1:colcon.colcon_core.package_discovery:discover_packages(ignore) using defaults
[0.248s] Level 1:colcon.colcon_core.package_discovery:discover_packages(path) discover
[0.248s] Level 1:colcon.colcon_core.package_discovery:discover_packages(path) using defaults
[0.258s] Level 1:colcon.colcon_core.package_discovery:discover_packages(prefix_path) check parameters
[0.258s] Level 1:colcon.colcon_core.package_discovery:discover_packages(prefix_path) discover
[0.259s] DEBUG:colcon.colcon_installed_package_information.package_discovery:Found 1 installed packages in /home/dyllon/Documents/SlamRobot/install
[0.260s] DEBUG:colcon.colcon_installed_package_information.package_discovery:Found 256 installed packages in /opt/ros/foxy
[0.261s] Level 1:colcon.colcon_core.package_discovery:discover_packages(prefix_path) using defaults
[0.293s] Level 5:colcon.colcon_core.verb:set package 'lidar_control' build argument 'cmake_args' from command line to 'None'
[0.293s] Level 5:colcon.colcon_core.verb:set package 'lidar_control' build argument 'cmake_target' from command line to 'None'
[0.293s] Level 5:colcon.colcon_core.verb:set package 'lidar_control' build argument 'cmake_target_skip_unavailable' from command line to 'False'
[0.293s] Level 5:colcon.colcon_core.verb:set package 'lidar_control' build argument 'cmake_clean_cache' from command line to 'False'
[0.293s] Level 5:colcon.colcon_core.verb:set package 'lidar_control' build argument 'cmake_clean_first' from command line to 'False'
[0.293s] Level 5:colcon.colcon_core.verb:set package 'lidar_control' build argument 'cmake_force_configure' from command line to 'False'
[0.293s] Level 5:colcon.colcon_core.verb:set package 'lidar_control' build argument 'ament_cmake_args' from command line to 'None'
[0.293s] Level 5:colcon.colcon_core.verb:set package 'lidar_control' build argument 'catkin_cmake_args' from command line to 'None'
[0.293s] Level 5:colcon.colcon_core.verb:set package 'lidar_control' build argument 'catkin_skip_building_tests' from command line to 'False'
[0.293s] DEBUG:colcon.colcon_core.verb:Building package 'lidar_control' with the following arguments: {'ament_cmake_args': None, 'build_base': '/home/dyllon/Documents/SlamRobot/build/lidar_control', 'catkin_cmake_args': None, 'catkin_skip_building_tests': False, 'cmake_args': None, 'cmake_clean_cache': False, 'cmake_clean_first': False, 'cmake_force_configure': False, 'cmake_target': None, 'cmake_target_skip_unavailable': False, 'install_base': '/home/dyllon/Documents/SlamRobot/install/lidar_control', 'merge_install': False, 'path': '/home/dyllon/Documents/SlamRobot/src/lidar_control', 'symlink_install': False, 'test_result_base': None}
[0.293s] INFO:colcon.colcon_core.executor:Executing jobs using 'parallel' executor
[0.294s] DEBUG:colcon.colcon_parallel_executor.executor.parallel:run_until_complete
[0.294s] INFO:colcon.colcon_ros.task.ament_python.build:Building ROS package in '/home/dyllon/Documents/SlamRobot/src/lidar_control' with build type 'ament_python'
[0.294s] Level 1:colcon.colcon_core.shell:create_environment_hook('lidar_control', 'ament_prefix_path')
[0.295s] INFO:colcon.colcon_core.plugin_system:Skipping extension 'colcon_core.shell.bat': Not used on non-Windows systems
[0.295s] INFO:colcon.colcon_core.shell:Creating environment hook '/home/dyllon/Documents/SlamRobot/install/lidar_control/share/lidar_control/hook/ament_prefix_path.ps1'
[0.296s] INFO:colcon.colcon_core.shell:Creating environment descriptor '/home/dyllon/Documents/SlamRobot/install/lidar_control/share/lidar_control/hook/ament_prefix_path.dsv'
[0.296s] INFO:colcon.colcon_core.shell:Creating environment hook '/home/dyllon/Documents/SlamRobot/install/lidar_control/share/lidar_control/hook/ament_prefix_path.sh'
[0.296s] INFO:colcon.colcon_core.shell:Skip shell extension 'powershell' for command environment: Not usable outside of PowerShell
[0.296s] DEBUG:colcon.colcon_core.shell:Skip shell extension 'dsv' for command environment
[0.447s] INFO:colcon.colcon_core.task.python.build:Building Python package in '/home/dyllon/Documents/SlamRobot/src/lidar_control'
[0.447s] INFO:colcon.colcon_core.shell:Skip shell extension 'powershell' for command environment: Not usable outside of PowerShell
[0.447s] DEBUG:colcon.colcon_core.shell:Skip shell extension 'dsv' for command environment
[0.687s] DEBUG:colcon.colcon_core.event_handler.log_command:Invoking command in '/home/dyllon/Documents/SlamRobot/src/lidar_control': PYTHONPATH=/home/dyllon/Documents/SlamRobot/build/lidar_control/prefix_override:/usr/lib/python3/dist-packages/colcon_core/task/python/colcon_distutils_commands:/home/dyllon/Documents/SlamRobot/install/lidar_control/lib/python3.8/site-packages:${PYTHONPATH} /usr/bin/python3 -W ignore:setup.py install is deprecated -W ignore:easy_install command is deprecated setup.py egg_info --egg-base ../../build/lidar_control build --build-base /home/dyllon/Documents/SlamRobot/build/lidar_control/build install --record /home/dyllon/Documents/SlamRobot/build/lidar_control/install.log --install-scripts $base/lib/lidar_control --single-version-externally-managed install_data
[0.871s] DEBUG:colcon.colcon_core.event_handler.log_command:Invoked command in '/home/dyllon/Documents/SlamRobot/src/lidar_control' returned '0': PYTHONPATH=/home/dyllon/Documents/SlamRobot/build/lidar_control/prefix_override:/usr/lib/python3/dist-packages/colcon_core/task/python/colcon_distutils_commands:/home/dyllon/Documents/SlamRobot/install/lidar_control/lib/python3.8/site-packages:${PYTHONPATH} /usr/bin/python3 -W ignore:setup.py install is deprecated -W ignore:easy_install command is deprecated setup.py egg_info --egg-base ../../build/lidar_control build --build-base /home/dyllon/Documents/SlamRobot/build/lidar_control/build install --record /home/dyllon/Documents/SlamRobot/build/lidar_control/install.log --install-scripts $base/lib/lidar_control --single-version-externally-managed install_data
[0.873s] Level 1:colcon.colcon_core.environment:checking '/home/dyllon/Documents/SlamRobot/install/lidar_control' for CMake module files
[0.873s] Level 1:colcon.colcon_core.environment:checking '/home/dyllon/Documents/SlamRobot/install/lidar_control' for CMake config files
[0.873s] Level 1:colcon.colcon_core.environment:checking '/home/dyllon/Documents/SlamRobot/install/lidar_control/lib'
[0.873s] Level 1:colcon.colcon_core.environment:checking '/home/dyllon/Documents/SlamRobot/install/lidar_control/bin'
[0.873s] Level 1:colcon.colcon_core.environment:checking '/home/dyllon/Documents/SlamRobot/install/lidar_control/lib/pkgconfig/lidar_control.pc'
[0.874s] Level 1:colcon.colcon_core.environment:checking '/home/dyllon/Documents/SlamRobot/install/lidar_control/lib/python3.8/site-packages'
[0.874s] Level 1:colcon.colcon_core.shell:create_environment_hook('lidar_control', 'pythonpath')
[0.874s] INFO:colcon.colcon_core.shell:Creating environment hook '/home/dyllon/Documents/SlamRobot/install/lidar_control/share/lidar_control/hook/pythonpath.ps1'
[0.874s] INFO:colcon.colcon_core.shell:Creating environment descriptor '/home/dyllon/Documents/SlamRobot/install/lidar_control/share/lidar_control/hook/pythonpath.dsv'
[0.874s] INFO:colcon.colcon_core.shell:Creating environment hook '/home/dyllon/Documents/SlamRobot/install/lidar_control/share/lidar_control/hook/pythonpath.sh'
[0.875s] Level 1:colcon.colcon_core.environment:checking '/home/dyllon/Documents/SlamRobot/install/lidar_control/bin'
[0.875s] Level 1:colcon.colcon_core.environment:create_environment_scripts_only(lidar_control)
[0.875s] INFO:colcon.colcon_core.shell:Creating package script '/home/dyllon/Documents/SlamRobot/install/lidar_control/share/lidar_control/package.ps1'
[0.875s] INFO:colcon.colcon_core.shell:Creating package descriptor '/home/dyllon/Documents/SlamRobot/install/lidar_control/share/lidar_control/package.dsv'
[0.876s] INFO:colcon.colcon_core.shell:Creating package script '/home/dyllon/Documents/SlamRobot/install/lidar_control/share/lidar_control/package.sh'
[0.876s] INFO:colcon.colcon_core.shell:Creating package script '/home/dyllon/Documents/SlamRobot/install/lidar_control/share/lidar_control/package.bash'
[0.877s] INFO:colcon.colcon_core.shell:Creating package script '/home/dyllon/Documents/SlamRobot/install/lidar_control/share/lidar_control/package.zsh'
[0.877s] Level 1:colcon.colcon_core.environment:create_file_with_runtime_dependencies(/home/dyllon/Documents/SlamRobot/install/lidar_control/share/colcon-core/packages/lidar_control)
[0.877s] DEBUG:colcon.colcon_parallel_executor.executor.parallel:closing loop
[0.877s] DEBUG:colcon.colcon_parallel_executor.executor.parallel:loop closed
[0.877s] DEBUG:colcon.colcon_parallel_executor.executor.parallel:run_until_complete finished with '0'
[0.877s] DEBUG:colcon.colcon_core.event_reactor:joining thread
[0.881s] INFO:colcon.colcon_core.plugin_system:Skipping extension 'colcon_notification.desktop_notification.terminal_notifier': Not used on non-Darwin systems
[0.881s] INFO:colcon.colcon_core.plugin_system:Skipping extension 'colcon_notification.desktop_notification.win32': Not used on non-Windows systems
[0.881s] INFO:colcon.colcon_notification.desktop_notification:Sending desktop notification using 'notify2'
[0.895s] DEBUG:colcon.colcon_core.event_reactor:joined thread
[0.895s] INFO:colcon.colcon_core.shell:Creating prefix script '/home/dyllon/Documents/SlamRobot/install/local_setup.ps1'
[0.896s] INFO:colcon.colcon_core.shell:Creating prefix util module '/home/dyllon/Documents/SlamRobot/install/_local_setup_util_ps1.py'
[0.896s] INFO:colcon.colcon_core.shell:Creating prefix chain script '/home/dyllon/Documents/SlamRobot/install/setup.ps1'
[0.897s] INFO:colcon.colcon_core.shell:Creating prefix script '/home/dyllon/Documents/SlamRobot/install/local_setup.sh'
[0.897s] INFO:colcon.colcon_core.shell:Creating prefix util module '/home/dyllon/Documents/SlamRobot/install/_local_setup_util_sh.py'
[0.898s] INFO:colcon.colcon_core.shell:Creating prefix chain script '/home/dyllon/Documents/SlamRobot/install/setup.sh'
[0.898s] INFO:colcon.colcon_core.shell:Creating prefix script '/home/dyllon/Documents/SlamRobot/install/local_setup.bash'
[0.899s] INFO:colcon.colcon_core.shell:Creating prefix chain script '/home/dyllon/Documents/SlamRobot/install/setup.bash'
[0.899s] INFO:colcon.colcon_core.shell:Creating prefix script '/home/dyllon/Documents/SlamRobot/install/local_setup.zsh'
[0.900s] INFO:colcon.colcon_core.shell:Creating prefix chain script '/home/dyllon/Documents/SlamRobot/install/setup.zsh'
