[0.741s] Invoking command in '/home/dyllon/Documents/SlamRobot/src/lidar_control': PYTHONPATH=/home/dyllon/Documents/SlamRobot/build/lidar_control/prefix_override:/usr/lib/python3/dist-packages/colcon_core/task/python/colcon_distutils_commands:/home/dyllon/Documents/SlamRobot/install/lidar_control/lib/python3.8/site-packages:${PYTHONPATH} /usr/bin/python3 -W ignore:setup.py install is deprecated -W ignore:easy_install command is deprecated setup.py egg_info --egg-base ../../build/lidar_control build --build-base /home/dyllon/Documents/SlamRobot/build/lidar_control/build install --record /home/dyllon/Documents/SlamRobot/build/lidar_control/install.log --install-scripts $base/lib/lidar_control --single-version-externally-managed install_data
[0.877s] running egg_info
[0.878s] writing ../../build/lidar_control/lidar_control.egg-info/PKG-INFO
[0.878s] writing dependency_links to ../../build/lidar_control/lidar_control.egg-info/dependency_links.txt
[0.878s] writing entry points to ../../build/lidar_control/lidar_control.egg-info/entry_points.txt
[0.878s] writing requirements to ../../build/lidar_control/lidar_control.egg-info/requires.txt
[0.879s] writing top-level names to ../../build/lidar_control/lidar_control.egg-info/top_level.txt
[0.899s] reading manifest file '../../build/lidar_control/lidar_control.egg-info/SOURCES.txt'
[0.899s] writing manifest file '../../build/lidar_control/lidar_control.egg-info/SOURCES.txt'
[0.899s] running build
[0.900s] running build_py
[0.900s] copying lidar_control/lidar_viz.py -> /home/dyllon/Documents/SlamRobot/build/lidar_control/build/lib/lidar_control
[0.900s] running install
[0.900s] running install_lib
[0.901s] copying /home/dyllon/Documents/SlamRobot/build/lidar_control/build/lib/lidar_control/lidar_viz.py -> /home/dyllon/Documents/SlamRobot/install/lidar_control/lib/python3.8/site-packages/lidar_control
[0.901s] byte-compiling /home/dyllon/Documents/SlamRobot/install/lidar_control/lib/python3.8/site-packages/lidar_control/lidar_viz.py to lidar_viz.cpython-38.pyc
[0.903s] running install_data
[0.903s] running install_egg_info
[0.904s] removing '/home/dyllon/Documents/SlamRobot/install/lidar_control/lib/python3.8/site-packages/lidar_control-1.0.0-py3.8.egg-info' (and everything under it)
[0.904s] Copying ../../build/lidar_control/lidar_control.egg-info to /home/dyllon/Documents/SlamRobot/install/lidar_control/lib/python3.8/site-packages/lidar_control-1.0.0-py3.8.egg-info
[0.905s] running install_scripts
[0.916s] Installing lidar_viz script to /home/dyllon/Documents/SlamRobot/install/lidar_control/lib/lidar_control
[0.917s] writing list of installed files to '/home/dyllon/Documents/SlamRobot/build/lidar_control/install.log'
[0.940s] Invoked command in '/home/dyllon/Documents/SlamRobot/src/lidar_control' returned '0': PYTHONPATH=/home/dyllon/Documents/SlamRobot/build/lidar_control/prefix_override:/usr/lib/python3/dist-packages/colcon_core/task/python/colcon_distutils_commands:/home/dyllon/Documents/SlamRobot/install/lidar_control/lib/python3.8/site-packages:${PYTHONPATH} /usr/bin/python3 -W ignore:setup.py install is deprecated -W ignore:easy_install command is deprecated setup.py egg_info --egg-base ../../build/lidar_control build --build-base /home/dyllon/Documents/SlamRobot/build/lidar_control/build install --record /home/dyllon/Documents/SlamRobot/build/lidar_control/install.log --install-scripts $base/lib/lidar_control --single-version-externally-managed install_data
