[13.476s] Invoking command in '/home/ubuntu/SlamRobot/src/sensor_spawn': PYTHONPATH=/home/ubuntu/SlamRobot/build/sensor_spawn/prefix_override:/usr/lib/python3/dist-packages/colcon_core/task/python/colcon_distutils_commands:/home/ubuntu/SlamRobot/install/sensor_spawn/lib/python3.8/site-packages:${PYTHONPATH} /usr/bin/python3 -W ignore:setup.py install is deprecated -W ignore:easy_install command is deprecated setup.py egg_info --egg-base ../../build/sensor_spawn build --build-base /home/ubuntu/SlamRobot/build/sensor_spawn/build install --record /home/ubuntu/SlamRobot/build/sensor_spawn/install.log --install-scripts $base/lib/sensor_spawn --single-version-externally-managed install_data
[16.519s] running egg_info
[16.527s] writing ../../build/sensor_spawn/sensor_spawn.egg-info/PKG-INFO
[16.530s] writing dependency_links to ../../build/sensor_spawn/sensor_spawn.egg-info/dependency_links.txt
[16.537s] writing entry points to ../../build/sensor_spawn/sensor_spawn.egg-info/entry_points.txt
[16.538s] writing requirements to ../../build/sensor_spawn/sensor_spawn.egg-info/requires.txt
[16.539s] writing top-level names to ../../build/sensor_spawn/sensor_spawn.egg-info/top_level.txt
[16.959s] reading manifest file '../../build/sensor_spawn/sensor_spawn.egg-info/SOURCES.txt'
[16.971s] writing manifest file '../../build/sensor_spawn/sensor_spawn.egg-info/SOURCES.txt'
[16.973s] running build
[16.975s] running build_py
[16.977s] running install
[16.987s] running install_lib
[17.007s] running install_data
[17.009s] running install_egg_info
[17.028s] removing '/home/ubuntu/SlamRobot/install/sensor_spawn/lib/python3.8/site-packages/sensor_spawn-1.0.0-py3.8.egg-info' (and everything under it)
[17.031s] Copying ../../build/sensor_spawn/sensor_spawn.egg-info to /home/ubuntu/SlamRobot/install/sensor_spawn/lib/python3.8/site-packages/sensor_spawn-1.0.0-py3.8.egg-info
[17.056s] running install_scripts
[17.339s] Installing sensor_nodes script to /home/ubuntu/SlamRobot/install/sensor_spawn/lib/sensor_spawn
[17.346s] writing list of installed files to '/home/ubuntu/SlamRobot/build/sensor_spawn/install.log'
[17.699s] Invoked command in '/home/ubuntu/SlamRobot/src/sensor_spawn' returned '0': PYTHONPATH=/home/ubuntu/SlamRobot/build/sensor_spawn/prefix_override:/usr/lib/python3/dist-packages/colcon_core/task/python/colcon_distutils_commands:/home/ubuntu/SlamRobot/install/sensor_spawn/lib/python3.8/site-packages:${PYTHONPATH} /usr/bin/python3 -W ignore:setup.py install is deprecated -W ignore:easy_install command is deprecated setup.py egg_info --egg-base ../../build/sensor_spawn build --build-base /home/ubuntu/SlamRobot/build/sensor_spawn/build install --record /home/ubuntu/SlamRobot/build/sensor_spawn/install.log --install-scripts $base/lib/sensor_spawn --single-version-externally-managed install_data
