[0.711s] Invoking command in '/home/dyllon/Documents/SlamRobot/src/lidar_control': PYTHONPATH=/home/dyllon/Documents/SlamRobot/build/lidar_control/prefix_override:/usr/lib/python3/dist-packages/colcon_core/task/python/colcon_distutils_commands:/home/dyllon/Documents/SlamRobot/install/lidar_control/lib/python3.8/site-packages:${PYTHONPATH} /usr/bin/python3 -W ignore:setup.py install is deprecated -W ignore:easy_install command is deprecated setup.py egg_info --egg-base ../../build/lidar_control build --build-base /home/dyllon/Documents/SlamRobot/build/lidar_control/build install --record /home/dyllon/Documents/SlamRobot/build/lidar_control/install.log --install-scripts $base/lib/lidar_control --single-version-externally-managed install_data
[0.847s] running egg_info
[0.847s] writing ../../build/lidar_control/lidar_control.egg-info/PKG-INFO
[0.847s] writing dependency_links to ../../build/lidar_control/lidar_control.egg-info/dependency_links.txt
[0.848s] writing entry points to ../../build/lidar_control/lidar_control.egg-info/entry_points.txt
[0.848s] writing requirements to ../../build/lidar_control/lidar_control.egg-info/requires.txt
[0.848s] writing top-level names to ../../build/lidar_control/lidar_control.egg-info/top_level.txt
[0.868s] reading manifest file '../../build/lidar_control/lidar_control.egg-info/SOURCES.txt'
[0.869s] writing manifest file '../../build/lidar_control/lidar_control.egg-info/SOURCES.txt'
[0.869s] running build
[0.869s] running build_py
[0.869s] running install
[0.869s] running install_lib
[0.870s] running install_data
[0.870s] running install_egg_info
[0.871s] removing '/home/dyllon/Documents/SlamRobot/install/lidar_control/lib/python3.8/site-packages/lidar_control-1.0.0-py3.8.egg-info' (and everything under it)
[0.872s] Copying ../../build/lidar_control/lidar_control.egg-info to /home/dyllon/Documents/SlamRobot/install/lidar_control/lib/python3.8/site-packages/lidar_control-1.0.0-py3.8.egg-info
[0.872s] running install_scripts
[0.883s] Installing lidar_viz script to /home/dyllon/Documents/SlamRobot/install/lidar_control/lib/lidar_control
[0.883s] writing list of installed files to '/home/dyllon/Documents/SlamRobot/build/lidar_control/install.log'
[0.897s] Invoked command in '/home/dyllon/Documents/SlamRobot/src/lidar_control' returned '0': PYTHONPATH=/home/dyllon/Documents/SlamRobot/build/lidar_control/prefix_override:/usr/lib/python3/dist-packages/colcon_core/task/python/colcon_distutils_commands:/home/dyllon/Documents/SlamRobot/install/lidar_control/lib/python3.8/site-packages:${PYTHONPATH} /usr/bin/python3 -W ignore:setup.py install is deprecated -W ignore:easy_install command is deprecated setup.py egg_info --egg-base ../../build/lidar_control build --build-base /home/dyllon/Documents/SlamRobot/build/lidar_control/build install --record /home/dyllon/Documents/SlamRobot/build/lidar_control/install.log --install-scripts $base/lib/lidar_control --single-version-externally-managed install_data
